cutoff_count_sketch.py
==== valid_results ====
space: 4.00
lookup_table_count_sketch: bcut: 53902, # hashes 2, # buckets 500000 - 	loss 25.20	space 4000000.0
lookup_table_count_sketch: bcut: 53902, # hashes 3, # buckets 351300 - 	loss 25.53	space 3999992.0
lookup_table_count_sketch: bcut: 53902, # hashes 4, # buckets 276951 - 	loss 26.03	space 4000000.0
lookup_table_count_sketch: bcut: 53902, # hashes 5, # buckets 232341 - 	loss 27.99	space 3999996.0
lookup_table_count_sketch: bcut: 53902, # hashes 6, # buckets 202601 - 	loss 27.52	space 3999992.0
lookup_table_count_sketch: bcut: 106139, # hashes 2, # buckets 500000 - 	loss 21.57	space 4000000.0
lookup_table_count_sketch: bcut: 106139, # hashes 3, # buckets 368713 - 	loss 22.12	space 4000000.0
lookup_table_count_sketch: bcut: 106139, # hashes 4, # buckets 303069 - 	loss 22.37	space 3999992.0
lookup_table_count_sketch: bcut: 106139, # hashes 5, # buckets 263683 - 	loss 24.21	space 3999992.0
lookup_table_count_sketch: bcut: 106139, # hashes 6, # buckets 237426 - 	loss 23.68	space 4000000.0
lookup_table_count_sketch: bcut: 164371, # hashes 2, # buckets 500000 - 	loss 18.83	space 4000000.0
lookup_table_count_sketch: bcut: 164371, # hashes 3, # buckets 388123 - 	loss 19.51	space 3999992.0
lookup_table_count_sketch: bcut: 164371, # hashes 4, # buckets 332185 - 	loss 19.56	space 3999992.0
lookup_table_count_sketch: bcut: 164371, # hashes 5, # buckets 298622 - 	loss 21.18	space 3999988.0
lookup_table_count_sketch: bcut: 164371, # hashes 6, # buckets 276247 - 	loss 20.65	space 3999992.0
lookup_table_count_sketch: bcut: 203377, # hashes 2, # buckets 500000 - 	loss 17.46	space 4000000.0
lookup_table_count_sketch: bcut: 203377, # hashes 3, # buckets 401125 - 	loss 18.30	space 3999992.0
lookup_table_count_sketch: bcut: 203377, # hashes 4, # buckets 351688 - 	loss 18.24	space 3999992.0
lookup_table_count_sketch: bcut: 203377, # hashes 5, # buckets 322026 - 	loss 19.76	space 3999996.0
lookup_table_count_sketch: bcut: 203377, # hashes 6, # buckets 302251 - 	loss 19.19	space 3999992.0
lookup_table_count_sketch: bcut: 251928, # hashes 2, # buckets 500000 - 	loss 16.31	space 4000000.0
lookup_table_count_sketch: bcut: 251928, # hashes 3, # buckets 417309 - 	loss 17.29	space 3999996.0
lookup_table_count_sketch: bcut: 251928, # hashes 4, # buckets 375964 - 	loss 17.04	space 4000000.0
lookup_table_count_sketch: bcut: 251928, # hashes 5, # buckets 351156 - 	loss 18.49	space 3999984.0
lookup_table_count_sketch: bcut: 251928, # hashes 6, # buckets 334618 - 	loss 17.96	space 3999984.0
lookup_table_count_sketch: bcut: 314948, # hashes 2, # buckets 500000 - 	loss 15.48	space 4000000.0
lookup_table_count_sketch: bcut: 314948, # hashes 3, # buckets 438316 - 	loss 16.68	space 4000000.0
lookup_table_count_sketch: bcut: 314948, # hashes 4, # buckets 407474 - 	loss 16.35	space 4000000.0
lookup_table_count_sketch: bcut: 314948, # hashes 5, # buckets 388968 - 	loss 17.77	space 3999984.0
lookup_table_count_sketch: bcut: 314948, # hashes 6, # buckets 376632 - 	loss 17.13	space 4000000.0
lookup_table_count_sketch: bcut: 401392, # hashes 2, # buckets 500001 - 	loss 16.58	space 3999996.0
lookup_table_count_sketch: bcut: 401392, # hashes 3, # buckets 467131 - 	loss 18.35	space 3999992.0
lookup_table_count_sketch: bcut: 401392, # hashes 4, # buckets 450696 - 	loss 17.65	space 3999988.0
lookup_table_count_sketch: bcut: 401392, # hashes 5, # buckets 440835 - 	loss 19.46	space 3999984.0
lookup_table_count_sketch: bcut: 401392, # hashes 6, # buckets 434261 - 	loss 18.50	space 3999980.0
lookup_table_count_sketch: bcut: 401392, # hashes 2, # buckets 500001 - 	loss 16.57	space 3999996.0
lookup_table_count_sketch: bcut: 401392, # hashes 3, # buckets 467131 - 	loss 18.38	space 3999992.0
lookup_table_count_sketch: bcut: 401392, # hashes 4, # buckets 450696 - 	loss 17.67	space 3999988.0
lookup_table_count_sketch: bcut: 401392, # hashes 5, # buckets 440835 - 	loss 19.24	space 3999984.0
lookup_table_count_sketch: bcut: 401392, # hashes 6, # buckets 434261 - 	loss 18.56	space 3999980.0
lookup_table_count_sketch: bcut: 401392, # hashes 2, # buckets 500001 - 	loss 16.59	space 3999996.0
lookup_table_count_sketch: bcut: 401392, # hashes 3, # buckets 467131 - 	loss 18.33	space 3999992.0
lookup_table_count_sketch: bcut: 401392, # hashes 4, # buckets 450696 - 	loss 17.67	space 3999988.0
lookup_table_count_sketch: bcut: 401392, # hashes 5, # buckets 440835 - 	loss 19.36	space 3999984.0
lookup_table_count_sketch: bcut: 401392, # hashes 6, # buckets 434261 - 	loss 18.49	space 3999980.0
space: 4.20
lookup_table_count_sketch: bcut: 53902, # hashes 2, # buckets 525000 - 	loss 24.48	space 4200000.0
lookup_table_count_sketch: bcut: 53902, # hashes 3, # buckets 367967 - 	loss 24.55	space 4199996.0
lookup_table_count_sketch: bcut: 53902, # hashes 4, # buckets 289451 - 	loss 25.24	space 4200000.0
lookup_table_count_sketch: bcut: 53902, # hashes 5, # buckets 242341 - 	loss 27.09	space 4199996.0
lookup_table_count_sketch: bcut: 53902, # hashes 6, # buckets 210934 - 	loss 26.66	space 4199984.0
lookup_table_count_sketch: bcut: 106139, # hashes 2, # buckets 525000 - 	loss 20.87	space 4200000.0
lookup_table_count_sketch: bcut: 106139, # hashes 3, # buckets 385379 - 	loss 21.24	space 4199992.0
lookup_table_count_sketch: bcut: 106139, # hashes 4, # buckets 315569 - 	loss 21.55	space 4199992.0
lookup_table_count_sketch: bcut: 106139, # hashes 5, # buckets 273683 - 	loss 23.25	space 4199992.0
lookup_table_count_sketch: bcut: 106139, # hashes 6, # buckets 245759 - 	loss 22.81	space 4199992.0
lookup_table_count_sketch: bcut: 164371, # hashes 2, # buckets 525000 - 	loss 18.11	space 4200000.0
lookup_table_count_sketch: bcut: 164371, # hashes 3, # buckets 404790 - 	loss 18.67	space 4199996.0
lookup_table_count_sketch: bcut: 164371, # hashes 4, # buckets 344685 - 	loss 18.75	space 4199992.0
lookup_table_count_sketch: bcut: 164371, # hashes 5, # buckets 308622 - 	loss 20.27	space 4199988.0
lookup_table_count_sketch: bcut: 164371, # hashes 6, # buckets 284580 - 	loss 19.82	space 4199984.0
lookup_table_count_sketch: bcut: 251928, # hashes 2, # buckets 525000 - 	loss 15.46	space 4200000.0
lookup_table_count_sketch: bcut: 251928, # hashes 3, # buckets 433976 - 	loss 16.31	space 4200000.0
lookup_table_count_sketch: bcut: 251928, # hashes 4, # buckets 388464 - 	loss 16.17	space 4200000.0
lookup_table_count_sketch: bcut: 251928, # hashes 5, # buckets 361156 - 	loss 17.48	space 4199984.0
lookup_table_count_sketch: bcut: 251928, # hashes 6, # buckets 342952 - 	loss 17.04	space 4200000.0
lookup_table_count_sketch: bcut: 314948, # hashes 2, # buckets 525000 - 	loss 14.52	space 4200000.0
lookup_table_count_sketch: bcut: 314948, # hashes 3, # buckets 454982 - 	loss 15.46	space 4199992.0
lookup_table_count_sketch: bcut: 314948, # hashes 4, # buckets 419974 - 	loss 15.25	space 4200000.0
lookup_table_count_sketch: bcut: 314948, # hashes 5, # buckets 398968 - 	loss 16.54	space 4199984.0
lookup_table_count_sketch: bcut: 314948, # hashes 6, # buckets 384965 - 	loss 15.99	space 4199992.0
lookup_table_count_sketch: bcut: 401392, # hashes 2, # buckets 525001 - 	loss 14.73	space 4199996.0
lookup_table_count_sketch: bcut: 401392, # hashes 3, # buckets 483798 - 	loss 16.18	space 4199996.0
lookup_table_count_sketch: bcut: 401392, # hashes 4, # buckets 463196 - 	loss 15.67	space 4199988.0
lookup_table_count_sketch: bcut: 401392, # hashes 5, # buckets 450835 - 	loss 17.08	space 4199984.0
lookup_table_count_sketch: bcut: 401392, # hashes 6, # buckets 442595 - 	loss 16.45	space 4199996.0
lookup_table_count_sketch: bcut: 401392, # hashes 2, # buckets 525001 - 	loss 14.82	space 4199996.0
lookup_table_count_sketch: bcut: 401392, # hashes 3, # buckets 483798 - 	loss 16.17	space 4199996.0
lookup_table_count_sketch: bcut: 401392, # hashes 4, # buckets 463196 - 	loss 15.68	space 4199988.0
lookup_table_count_sketch: bcut: 401392, # hashes 5, # buckets 450835 - 	loss 17.08	space 4199984.0
lookup_table_count_sketch: bcut: 401392, # hashes 6, # buckets 442595 - 	loss 16.49	space 4199996.0
lookup_table_count_sketch: bcut: 401392, # hashes 2, # buckets 525001 - 	loss 14.80	space 4199996.0
lookup_table_count_sketch: bcut: 401392, # hashes 3, # buckets 483798 - 	loss 16.20	space 4199996.0
lookup_table_count_sketch: bcut: 401392, # hashes 4, # buckets 463196 - 	loss 15.72	space 4199988.0
lookup_table_count_sketch: bcut: 401392, # hashes 5, # buckets 450835 - 	loss 17.07	space 4199984.0
lookup_table_count_sketch: bcut: 401392, # hashes 6, # buckets 442595 - 	loss 16.45	space 4199996.0
lookup_table_count_sketch: bcut: 401392, # hashes 2, # buckets 525001 - 	loss 14.86	space 4199996.0
lookup_table_count_sketch: bcut: 401392, # hashes 3, # buckets 483798 - 	loss 16.18	space 4199996.0
lookup_table_count_sketch: bcut: 401392, # hashes 4, # buckets 463196 - 	loss 15.67	space 4199988.0
lookup_table_count_sketch: bcut: 401392, # hashes 5, # buckets 450835 - 	loss 17.08	space 4199984.0
lookup_table_count_sketch: bcut: 401392, # hashes 6, # buckets 442595 - 	loss 16.45	space 4199996.0
space: 4.40
lookup_table_count_sketch: bcut: 68029, # hashes 2, # buckets 550000 - 	loss 22.63	space 4400000.0
lookup_table_count_sketch: bcut: 68029, # hashes 3, # buckets 389343 - 	loss 22.63	space 4400000.0
lookup_table_count_sketch: bcut: 68029, # hashes 4, # buckets 309014 - 	loss 23.28	space 4399992.0
lookup_table_count_sketch: bcut: 68029, # hashes 5, # buckets 260817 - 	loss 25.03	space 4399992.0
lookup_table_count_sketch: bcut: 68029, # hashes 6, # buckets 228686 - 	loss 24.77	space 4400000.0
lookup_table_count_sketch: bcut: 132610, # hashes 2, # buckets 550000 - 	loss 18.88	space 4400000.0
lookup_table_count_sketch: bcut: 132610, # hashes 3, # buckets 410870 - 	loss 19.12	space 4400000.0
lookup_table_count_sketch: bcut: 132610, # hashes 4, # buckets 341305 - 	loss 19.41	space 4400000.0
lookup_table_count_sketch: bcut: 132610, # hashes 5, # buckets 299566 - 	loss 20.96	space 4400000.0
lookup_table_count_sketch: bcut: 132610, # hashes 6, # buckets 271740 - 	loss 20.55	space 4400000.0
lookup_table_count_sketch: bcut: 203377, # hashes 2, # buckets 550000 - 	loss 16.14	space 4400000.0
lookup_table_count_sketch: bcut: 203377, # hashes 3, # buckets 434459 - 	loss 16.61	space 4400000.0
lookup_table_count_sketch: bcut: 203377, # hashes 4, # buckets 376688 - 	loss 16.69	space 4399992.0
lookup_table_count_sketch: bcut: 203377, # hashes 5, # buckets 342026 - 	loss 18.05	space 4399996.0
lookup_table_count_sketch: bcut: 203377, # hashes 6, # buckets 318918 - 	loss 17.61	space 4400000.0
lookup_table_count_sketch: bcut: 251928, # hashes 2, # buckets 550000 - 	loss 14.78	space 4400000.0
lookup_table_count_sketch: bcut: 251928, # hashes 3, # buckets 450642 - 	loss 15.36	space 4399992.0
lookup_table_count_sketch: bcut: 251928, # hashes 4, # buckets 400964 - 	loss 15.35	space 4400000.0
lookup_table_count_sketch: bcut: 251928, # hashes 5, # buckets 371156 - 	loss 16.64	space 4399984.0
lookup_table_count_sketch: bcut: 251928, # hashes 6, # buckets 351285 - 	loss 16.20	space 4399992.0
lookup_table_count_sketch: bcut: 314948, # hashes 2, # buckets 550000 - 	loss 13.70	space 4400000.0
lookup_table_count_sketch: bcut: 314948, # hashes 3, # buckets 471649 - 	loss 14.45	space 4399996.0
lookup_table_count_sketch: bcut: 314948, # hashes 4, # buckets 432474 - 	loss 14.29	space 4400000.0
lookup_table_count_sketch: bcut: 314948, # hashes 5, # buckets 408968 - 	loss 15.50	space 4399984.0
lookup_table_count_sketch: bcut: 314948, # hashes 6, # buckets 393298 - 	loss 15.07	space 4399984.0
lookup_table_count_sketch: bcut: 401392, # hashes 2, # buckets 550001 - 	loss 13.44	space 4399996.0
lookup_table_count_sketch: bcut: 401392, # hashes 3, # buckets 500465 - 	loss 14.53	space 4400000.0
lookup_table_count_sketch: bcut: 401392, # hashes 4, # buckets 475696 - 	loss 14.18	space 4399988.0
lookup_table_count_sketch: bcut: 401392, # hashes 5, # buckets 460835 - 	loss 15.45	space 4399984.0
lookup_table_count_sketch: bcut: 401392, # hashes 6, # buckets 450928 - 	loss 14.89	space 4399988.0
lookup_table_count_sketch: bcut: 401392, # hashes 2, # buckets 550001 - 	loss 13.44	space 4399996.0
lookup_table_count_sketch: bcut: 401392, # hashes 3, # buckets 500465 - 	loss 14.57	space 4400000.0
lookup_table_count_sketch: bcut: 401392, # hashes 4, # buckets 475696 - 	loss 14.18	space 4399988.0
lookup_table_count_sketch: bcut: 401392, # hashes 5, # buckets 460835 - 	loss 15.42	space 4399984.0
lookup_table_count_sketch: bcut: 401392, # hashes 6, # buckets 450928 - 	loss 14.96	space 4399988.0
lookup_table_count_sketch: bcut: 529261, # hashes 2, # buckets 550060 - 	loss 26.49	space 4400000.0
lookup_table_count_sketch: bcut: 529261, # hashes 3, # buckets 543127 - 	loss 30.55	space 4400000.0
lookup_table_count_sketch: bcut: 529261, # hashes 4, # buckets 539660 - 	loss 28.95	space 4399992.0
lookup_table_count_sketch: bcut: 529261, # hashes 5, # buckets 537580 - 	loss 31.83	space 4399988.0
lookup_table_count_sketch: bcut: 529261, # hashes 6, # buckets 536194 - 	loss 29.84	space 4400000.0
lookup_table_count_sketch: bcut: 529261, # hashes 2, # buckets 550060 - 	loss 26.40	space 4400000.0
lookup_table_count_sketch: bcut: 529261, # hashes 3, # buckets 543127 - 	loss 30.29	space 4400000.0
lookup_table_count_sketch: bcut: 529261, # hashes 4, # buckets 539660 - 	loss 28.72	space 4399992.0
lookup_table_count_sketch: bcut: 529261, # hashes 5, # buckets 537580 - 	loss 31.70	space 4399988.0
lookup_table_count_sketch: bcut: 529261, # hashes 6, # buckets 536194 - 	loss 30.19	space 4400000.0
space: 4.60
lookup_table_count_sketch: bcut: 68029, # hashes 2, # buckets 575000 - 	loss 22.02	space 4600000.0
lookup_table_count_sketch: bcut: 68029, # hashes 3, # buckets 406009 - 	loss 21.79	space 4599992.0
lookup_table_count_sketch: bcut: 68029, # hashes 4, # buckets 321514 - 	loss 22.59	space 4599992.0
lookup_table_count_sketch: bcut: 68029, # hashes 5, # buckets 270817 - 	loss 24.28	space 4599992.0
lookup_table_count_sketch: bcut: 68029, # hashes 6, # buckets 237019 - 	loss 23.96	space 4599992.0
lookup_table_count_sketch: bcut: 132610, # hashes 2, # buckets 575000 - 	loss 18.28	space 4600000.0
lookup_table_count_sketch: bcut: 132610, # hashes 3, # buckets 427536 - 	loss 18.39	space 4599992.0
lookup_table_count_sketch: bcut: 132610, # hashes 4, # buckets 353805 - 	loss 18.77	space 4600000.0
lookup_table_count_sketch: bcut: 132610, # hashes 5, # buckets 309566 - 	loss 20.27	space 4600000.0
lookup_table_count_sketch: bcut: 132610, # hashes 6, # buckets 280073 - 	loss 19.92	space 4599992.0
lookup_table_count_sketch: bcut: 203377, # hashes 2, # buckets 575000 - 	loss 15.55	space 4600000.0
lookup_table_count_sketch: bcut: 203377, # hashes 3, # buckets 451125 - 	loss 15.84	space 4599992.0
lookup_table_count_sketch: bcut: 203377, # hashes 4, # buckets 389188 - 	loss 16.00	space 4599992.0
lookup_table_count_sketch: bcut: 203377, # hashes 5, # buckets 352026 - 	loss 17.32	space 4599996.0
lookup_table_count_sketch: bcut: 203377, # hashes 6, # buckets 327251 - 	loss 16.97	space 4599992.0
lookup_table_count_sketch: bcut: 251928, # hashes 2, # buckets 575000 - 	loss 14.20	space 4600000.0
lookup_table_count_sketch: bcut: 251928, # hashes 3, # buckets 467309 - 	loss 14.63	space 4599996.0
lookup_table_count_sketch: bcut: 251928, # hashes 4, # buckets 413464 - 	loss 14.64	space 4600000.0
lookup_table_count_sketch: bcut: 251928, # hashes 5, # buckets 381156 - 	loss 15.89	space 4599984.0
lookup_table_count_sketch: bcut: 251928, # hashes 6, # buckets 359618 - 	loss 15.49	space 4599984.0
lookup_table_count_sketch: bcut: 314948, # hashes 2, # buckets 575000 - 	loss 13.00	space 4600000.0
lookup_table_count_sketch: bcut: 314948, # hashes 3, # buckets 488316 - 	loss 13.55	space 4600000.0
lookup_table_count_sketch: bcut: 314948, # hashes 4, # buckets 444974 - 	loss 13.50	space 4600000.0
lookup_table_count_sketch: bcut: 314948, # hashes 5, # buckets 418968 - 	loss 14.62	space 4599984.0
lookup_table_count_sketch: bcut: 314948, # hashes 6, # buckets 401632 - 	loss 14.21	space 4600000.0
lookup_table_count_sketch: bcut: 401392, # hashes 2, # buckets 575001 - 	loss 12.41	space 4599996.0
lookup_table_count_sketch: bcut: 401392, # hashes 3, # buckets 517131 - 	loss 13.28	space 4599992.0
lookup_table_count_sketch: bcut: 401392, # hashes 4, # buckets 488196 - 	loss 12.99	space 4599988.0
lookup_table_count_sketch: bcut: 401392, # hashes 5, # buckets 470835 - 	loss 14.19	space 4599984.0
lookup_table_count_sketch: bcut: 401392, # hashes 6, # buckets 459261 - 	loss 13.67	space 4599980.0
lookup_table_count_sketch: bcut: 529261, # hashes 2, # buckets 575060 - 	loss 17.51	space 4600000.0
lookup_table_count_sketch: bcut: 529261, # hashes 3, # buckets 559793 - 	loss 19.89	space 4599992.0
lookup_table_count_sketch: bcut: 529261, # hashes 4, # buckets 552160 - 	loss 18.87	space 4599992.0
lookup_table_count_sketch: bcut: 529261, # hashes 5, # buckets 547580 - 	loss 20.83	space 4599988.0
lookup_table_count_sketch: bcut: 529261, # hashes 6, # buckets 544527 - 	loss 19.67	space 4599992.0
lookup_table_count_sketch: bcut: 529261, # hashes 2, # buckets 575060 - 	loss 17.62	space 4600000.0
lookup_table_count_sketch: bcut: 529261, # hashes 3, # buckets 559793 - 	loss 19.85	space 4599992.0
lookup_table_count_sketch: bcut: 529261, # hashes 4, # buckets 552160 - 	loss 18.92	space 4599992.0
lookup_table_count_sketch: bcut: 529261, # hashes 5, # buckets 547580 - 	loss 20.90	space 4599988.0
lookup_table_count_sketch: bcut: 529261, # hashes 6, # buckets 544527 - 	loss 19.75	space 4599992.0
lookup_table_count_sketch: bcut: 529261, # hashes 2, # buckets 575060 - 	loss 17.55	space 4600000.0
lookup_table_count_sketch: bcut: 529261, # hashes 3, # buckets 559793 - 	loss 19.87	space 4599992.0
lookup_table_count_sketch: bcut: 529261, # hashes 4, # buckets 552160 - 	loss 19.00	space 4599992.0
lookup_table_count_sketch: bcut: 529261, # hashes 5, # buckets 547580 - 	loss 20.74	space 4599988.0
lookup_table_count_sketch: bcut: 529261, # hashes 6, # buckets 544527 - 	loss 19.70	space 4599992.0
space: 4.80
lookup_table_count_sketch: bcut: 68029, # hashes 2, # buckets 600000 - 	loss 21.50	space 4800000.0
lookup_table_count_sketch: bcut: 68029, # hashes 3, # buckets 422676 - 	loss 21.10	space 4799996.0
lookup_table_count_sketch: bcut: 68029, # hashes 4, # buckets 334014 - 	loss 21.94	space 4799992.0
lookup_table_count_sketch: bcut: 68029, # hashes 5, # buckets 280817 - 	loss 23.50	space 4799992.0
lookup_table_count_sketch: bcut: 68029, # hashes 6, # buckets 245352 - 	loss 23.32	space 4799984.0
lookup_table_count_sketch: bcut: 132610, # hashes 2, # buckets 600000 - 	loss 17.75	space 4800000.0
lookup_table_count_sketch: bcut: 132610, # hashes 3, # buckets 444203 - 	loss 17.65	space 4799996.0
lookup_table_count_sketch: bcut: 132610, # hashes 4, # buckets 366305 - 	loss 18.22	space 4800000.0
lookup_table_count_sketch: bcut: 132610, # hashes 5, # buckets 319566 - 	loss 19.54	space 4800000.0
lookup_table_count_sketch: bcut: 132610, # hashes 6, # buckets 288406 - 	loss 19.29	space 4799984.0
lookup_table_count_sketch: bcut: 203377, # hashes 2, # buckets 600000 - 	loss 15.00	space 4800000.0
lookup_table_count_sketch: bcut: 203377, # hashes 3, # buckets 467792 - 	loss 15.17	space 4799996.0
lookup_table_count_sketch: bcut: 203377, # hashes 4, # buckets 401688 - 	loss 15.42	space 4799992.0
lookup_table_count_sketch: bcut: 203377, # hashes 5, # buckets 362026 - 	loss 16.59	space 4799996.0
lookup_table_count_sketch: bcut: 203377, # hashes 6, # buckets 335584 - 	loss 16.33	space 4799984.0
lookup_table_count_sketch: bcut: 251928, # hashes 2, # buckets 600000 - 	loss 13.64	space 4800000.0
lookup_table_count_sketch: bcut: 251928, # hashes 3, # buckets 483976 - 	loss 13.90	space 4800000.0
lookup_table_count_sketch: bcut: 251928, # hashes 4, # buckets 425964 - 	loss 14.06	space 4800000.0
lookup_table_count_sketch: bcut: 251928, # hashes 5, # buckets 391156 - 	loss 15.19	space 4799984.0
lookup_table_count_sketch: bcut: 251928, # hashes 6, # buckets 367952 - 	loss 14.83	space 4800000.0
lookup_table_count_sketch: bcut: 314948, # hashes 2, # buckets 600000 - 	loss 12.35	space 4800000.0
lookup_table_count_sketch: bcut: 314948, # hashes 3, # buckets 504982 - 	loss 12.80	space 4799992.0
lookup_table_count_sketch: bcut: 314948, # hashes 4, # buckets 457474 - 	loss 12.80	space 4800000.0
lookup_table_count_sketch: bcut: 314948, # hashes 5, # buckets 428968 - 	loss 13.88	space 4799984.0
lookup_table_count_sketch: bcut: 314948, # hashes 6, # buckets 409965 - 	loss 13.52	space 4799992.0
lookup_table_count_sketch: bcut: 401392, # hashes 2, # buckets 600001 - 	loss 11.57	space 4799996.0
lookup_table_count_sketch: bcut: 401392, # hashes 3, # buckets 533798 - 	loss 12.21	space 4799996.0
lookup_table_count_sketch: bcut: 401392, # hashes 4, # buckets 500696 - 	loss 12.04	space 4799988.0
lookup_table_count_sketch: bcut: 401392, # hashes 5, # buckets 480835 - 	loss 13.11	space 4799984.0
lookup_table_count_sketch: bcut: 401392, # hashes 6, # buckets 467595 - 	loss 12.71	space 4799996.0
lookup_table_count_sketch: bcut: 529261, # hashes 2, # buckets 600060 - 	loss 13.99	space 4800000.0
lookup_table_count_sketch: bcut: 529261, # hashes 3, # buckets 576460 - 	loss 15.55	space 4799996.0
lookup_table_count_sketch: bcut: 529261, # hashes 4, # buckets 564660 - 	loss 15.01	space 4799992.0
lookup_table_count_sketch: bcut: 529261, # hashes 5, # buckets 557580 - 	loss 16.47	space 4799988.0
lookup_table_count_sketch: bcut: 529261, # hashes 6, # buckets 552860 - 	loss 15.74	space 4799984.0
lookup_table_count_sketch: bcut: 529261, # hashes 2, # buckets 600060 - 	loss 13.99	space 4800000.0
lookup_table_count_sketch: bcut: 529261, # hashes 3, # buckets 576460 - 	loss 15.57	space 4799996.0
lookup_table_count_sketch: bcut: 529261, # hashes 4, # buckets 564660 - 	loss 14.96	space 4799992.0
lookup_table_count_sketch: bcut: 529261, # hashes 5, # buckets 557580 - 	loss 16.45	space 4799988.0
lookup_table_count_sketch: bcut: 529261, # hashes 6, # buckets 552860 - 	loss 15.71	space 4799984.0
lookup_table_count_sketch: bcut: 529261, # hashes 2, # buckets 600060 - 	loss 14.00	space 4800000.0
lookup_table_count_sketch: bcut: 529261, # hashes 3, # buckets 576460 - 	loss 15.65	space 4799996.0
lookup_table_count_sketch: bcut: 529261, # hashes 4, # buckets 564660 - 	loss 14.97	space 4799992.0
lookup_table_count_sketch: bcut: 529261, # hashes 5, # buckets 557580 - 	loss 16.41	space 4799988.0
lookup_table_count_sketch: bcut: 529261, # hashes 6, # buckets 552860 - 	loss 15.68	space 4799984.0
space: 5.00
lookup_table_count_sketch: bcut: 68029, # hashes 2, # buckets 625000 - 	loss 20.93	space 5000000.0
lookup_table_count_sketch: bcut: 68029, # hashes 3, # buckets 439343 - 	loss 20.37	space 5000000.0
lookup_table_count_sketch: bcut: 68029, # hashes 4, # buckets 346514 - 	loss 21.31	space 4999992.0
lookup_table_count_sketch: bcut: 68029, # hashes 5, # buckets 290817 - 	loss 22.78	space 4999992.0
lookup_table_count_sketch: bcut: 68029, # hashes 6, # buckets 253686 - 	loss 22.70	space 5000000.0
lookup_table_count_sketch: bcut: 132610, # hashes 2, # buckets 625000 - 	loss 17.29	space 5000000.0
lookup_table_count_sketch: bcut: 132610, # hashes 3, # buckets 460870 - 	loss 17.04	space 5000000.0
lookup_table_count_sketch: bcut: 132610, # hashes 4, # buckets 378805 - 	loss 17.58	space 5000000.0
lookup_table_count_sketch: bcut: 132610, # hashes 5, # buckets 329566 - 	loss 18.87	space 5000000.0
lookup_table_count_sketch: bcut: 132610, # hashes 6, # buckets 296740 - 	loss 18.71	space 5000000.0
lookup_table_count_sketch: bcut: 203377, # hashes 2, # buckets 625000 - 	loss 14.53	space 5000000.0
lookup_table_count_sketch: bcut: 203377, # hashes 3, # buckets 484459 - 	loss 14.53	space 5000000.0
lookup_table_count_sketch: bcut: 203377, # hashes 4, # buckets 414188 - 	loss 14.85	space 4999992.0
lookup_table_count_sketch: bcut: 203377, # hashes 5, # buckets 372026 - 	loss 16.01	space 4999996.0
lookup_table_count_sketch: bcut: 203377, # hashes 6, # buckets 343918 - 	loss 15.80	space 5000000.0
lookup_table_count_sketch: bcut: 251928, # hashes 2, # buckets 625000 - 	loss 13.13	space 5000000.0
lookup_table_count_sketch: bcut: 251928, # hashes 3, # buckets 500642 - 	loss 13.26	space 4999992.0
lookup_table_count_sketch: bcut: 251928, # hashes 4, # buckets 438464 - 	loss 13.48	space 5000000.0
lookup_table_count_sketch: bcut: 251928, # hashes 5, # buckets 401156 - 	loss 14.56	space 4999984.0
lookup_table_count_sketch: bcut: 251928, # hashes 6, # buckets 376285 - 	loss 14.29	space 4999992.0
lookup_table_count_sketch: bcut: 314948, # hashes 2, # buckets 625000 - 	loss 11.81	space 5000000.0
lookup_table_count_sketch: bcut: 314948, # hashes 3, # buckets 521649 - 	loss 12.09	space 4999996.0
lookup_table_count_sketch: bcut: 314948, # hashes 4, # buckets 469974 - 	loss 12.21	space 5000000.0
lookup_table_count_sketch: bcut: 314948, # hashes 5, # buckets 438968 - 	loss 13.17	space 4999984.0
lookup_table_count_sketch: bcut: 314948, # hashes 6, # buckets 418298 - 	loss 12.87	space 4999984.0
lookup_table_count_sketch: bcut: 401392, # hashes 2, # buckets 625001 - 	loss 10.85	space 4999996.0
lookup_table_count_sketch: bcut: 401392, # hashes 3, # buckets 550465 - 	loss 11.31	space 5000000.0
lookup_table_count_sketch: bcut: 401392, # hashes 4, # buckets 513196 - 	loss 11.28	space 4999988.0
lookup_table_count_sketch: bcut: 401392, # hashes 5, # buckets 490835 - 	loss 12.21	space 4999984.0
lookup_table_count_sketch: bcut: 401392, # hashes 6, # buckets 475928 - 	loss 11.91	space 4999988.0
lookup_table_count_sketch: bcut: 529261, # hashes 2, # buckets 625060 - 	loss 11.97	space 5000000.0
lookup_table_count_sketch: bcut: 529261, # hashes 3, # buckets 593127 - 	loss 13.13	space 5000000.0
lookup_table_count_sketch: bcut: 529261, # hashes 4, # buckets 577160 - 	loss 12.73	space 4999992.0
lookup_table_count_sketch: bcut: 529261, # hashes 5, # buckets 567580 - 	loss 13.89	space 4999988.0
lookup_table_count_sketch: bcut: 529261, # hashes 6, # buckets 561194 - 	loss 13.33	space 5000000.0
lookup_table_count_sketch: bcut: 529261, # hashes 2, # buckets 625060 - 	loss 11.98	space 5000000.0
lookup_table_count_sketch: bcut: 529261, # hashes 3, # buckets 593127 - 	loss 13.17	space 5000000.0
lookup_table_count_sketch: bcut: 529261, # hashes 4, # buckets 577160 - 	loss 12.69	space 4999992.0
lookup_table_count_sketch: bcut: 529261, # hashes 5, # buckets 567580 - 	loss 13.93	space 4999988.0
lookup_table_count_sketch: bcut: 529261, # hashes 6, # buckets 561194 - 	loss 13.30	space 5000000.0
lookup_table_count_sketch: bcut: 529261, # hashes 2, # buckets 625060 - 	loss 12.04	space 5000000.0
lookup_table_count_sketch: bcut: 529261, # hashes 3, # buckets 593127 - 	loss 13.15	space 5000000.0
lookup_table_count_sketch: bcut: 529261, # hashes 4, # buckets 577160 - 	loss 12.77	space 4999992.0
lookup_table_count_sketch: bcut: 529261, # hashes 5, # buckets 567580 - 	loss 13.91	space 4999988.0
lookup_table_count_sketch: bcut: 529261, # hashes 6, # buckets 561194 - 	loss 13.31	space 5000000.0
space: 5.20
lookup_table_count_sketch: bcut: 68029, # hashes 2, # buckets 650000 - 	loss 20.41	space 5200000.0
lookup_table_count_sketch: bcut: 68029, # hashes 3, # buckets 456009 - 	loss 19.72	space 5199992.0
lookup_table_count_sketch: bcut: 68029, # hashes 4, # buckets 359014 - 	loss 20.71	space 5199992.0
lookup_table_count_sketch: bcut: 68029, # hashes 5, # buckets 300817 - 	loss 22.12	space 5199992.0
lookup_table_count_sketch: bcut: 68029, # hashes 6, # buckets 262019 - 	loss 22.10	space 5199992.0
lookup_table_count_sketch: bcut: 132610, # hashes 2, # buckets 650000 - 	loss 16.79	space 5200000.0
lookup_table_count_sketch: bcut: 132610, # hashes 3, # buckets 477536 - 	loss 16.43	space 5199992.0
lookup_table_count_sketch: bcut: 132610, # hashes 4, # buckets 391305 - 	loss 17.07	space 5200000.0
lookup_table_count_sketch: bcut: 132610, # hashes 5, # buckets 339566 - 	loss 18.30	space 5200000.0
lookup_table_count_sketch: bcut: 132610, # hashes 6, # buckets 305073 - 	loss 18.14	space 5199992.0
lookup_table_count_sketch: bcut: 203377, # hashes 2, # buckets 650000 - 	loss 14.04	space 5200000.0
lookup_table_count_sketch: bcut: 203377, # hashes 3, # buckets 501125 - 	loss 13.97	space 5199992.0
lookup_table_count_sketch: bcut: 203377, # hashes 4, # buckets 426688 - 	loss 14.35	space 5199992.0
lookup_table_count_sketch: bcut: 203377, # hashes 5, # buckets 382026 - 	loss 15.43	space 5199996.0
lookup_table_count_sketch: bcut: 203377, # hashes 6, # buckets 352251 - 	loss 15.28	space 5199992.0
lookup_table_count_sketch: bcut: 314948, # hashes 2, # buckets 650000 - 	loss 11.33	space 5200000.0
lookup_table_count_sketch: bcut: 314948, # hashes 3, # buckets 538316 - 	loss 11.44	space 5200000.0
lookup_table_count_sketch: bcut: 314948, # hashes 4, # buckets 482474 - 	loss 11.64	space 5200000.0
lookup_table_count_sketch: bcut: 314948, # hashes 5, # buckets 448968 - 	loss 12.55	space 5199984.0
lookup_table_count_sketch: bcut: 314948, # hashes 6, # buckets 426632 - 	loss 12.32	space 5200000.0
lookup_table_count_sketch: bcut: 401392, # hashes 2, # buckets 650001 - 	loss 10.29	space 5199996.0
lookup_table_count_sketch: bcut: 401392, # hashes 3, # buckets 567131 - 	loss 10.58	space 5199992.0
lookup_table_count_sketch: bcut: 401392, # hashes 4, # buckets 525696 - 	loss 10.59	space 5199988.0
lookup_table_count_sketch: bcut: 401392, # hashes 5, # buckets 500835 - 	loss 11.48	space 5199984.0
lookup_table_count_sketch: bcut: 401392, # hashes 6, # buckets 484261 - 	loss 11.18	space 5199980.0
lookup_table_count_sketch: bcut: 401392, # hashes 2, # buckets 650001 - 	loss 10.27	space 5199996.0
lookup_table_count_sketch: bcut: 401392, # hashes 3, # buckets 567131 - 	loss 10.58	space 5199992.0
lookup_table_count_sketch: bcut: 401392, # hashes 4, # buckets 525696 - 	loss 10.59	space 5199988.0
lookup_table_count_sketch: bcut: 401392, # hashes 5, # buckets 500835 - 	loss 11.51	space 5199984.0
lookup_table_count_sketch: bcut: 401392, # hashes 6, # buckets 484261 - 	loss 11.20	space 5199980.0
lookup_table_count_sketch: bcut: 529261, # hashes 2, # buckets 650060 - 	loss 10.65	space 5200000.0
lookup_table_count_sketch: bcut: 529261, # hashes 3, # buckets 609793 - 	loss 11.46	space 5199992.0
lookup_table_count_sketch: bcut: 529261, # hashes 4, # buckets 589660 - 	loss 11.15	space 5199992.0
lookup_table_count_sketch: bcut: 529261, # hashes 5, # buckets 577580 - 	loss 12.15	space 5199988.0
lookup_table_count_sketch: bcut: 529261, # hashes 6, # buckets 569527 - 	loss 11.73	space 5199992.0
lookup_table_count_sketch: bcut: 529261, # hashes 2, # buckets 650060 - 	loss 10.63	space 5200000.0
lookup_table_count_sketch: bcut: 529261, # hashes 3, # buckets 609793 - 	loss 11.47	space 5199992.0
lookup_table_count_sketch: bcut: 529261, # hashes 4, # buckets 589660 - 	loss 11.18	space 5199992.0
lookup_table_count_sketch: bcut: 529261, # hashes 5, # buckets 577580 - 	loss 12.21	space 5199988.0
lookup_table_count_sketch: bcut: 529261, # hashes 6, # buckets 569527 - 	loss 11.74	space 5199992.0
lookup_table_count_sketch: bcut: 529261, # hashes 2, # buckets 650060 - 	loss 10.64	space 5200000.0
lookup_table_count_sketch: bcut: 529261, # hashes 3, # buckets 609793 - 	loss 11.45	space 5199992.0
lookup_table_count_sketch: bcut: 529261, # hashes 4, # buckets 589660 - 	loss 11.18	space 5199992.0
lookup_table_count_sketch: bcut: 529261, # hashes 5, # buckets 577580 - 	loss 12.19	space 5199988.0
lookup_table_count_sketch: bcut: 529261, # hashes 6, # buckets 569527 - 	loss 11.78	space 5199992.0
space: 5.40
lookup_table_count_sketch: bcut: 68029, # hashes 2, # buckets 675000 - 	loss 19.93	space 5400000.0
lookup_table_count_sketch: bcut: 68029, # hashes 3, # buckets 472676 - 	loss 19.10	space 5399996.0
lookup_table_count_sketch: bcut: 68029, # hashes 4, # buckets 371514 - 	loss 20.20	space 5399992.0
lookup_table_count_sketch: bcut: 68029, # hashes 5, # buckets 310817 - 	loss 21.52	space 5399992.0
lookup_table_count_sketch: bcut: 68029, # hashes 6, # buckets 270352 - 	loss 21.55	space 5399984.0
lookup_table_count_sketch: bcut: 164371, # hashes 2, # buckets 675000 - 	loss 14.99	space 5400000.0
lookup_table_count_sketch: bcut: 164371, # hashes 3, # buckets 504790 - 	loss 14.64	space 5399996.0
lookup_table_count_sketch: bcut: 164371, # hashes 4, # buckets 419685 - 	loss 15.24	space 5399992.0
lookup_table_count_sketch: bcut: 164371, # hashes 5, # buckets 368622 - 	loss 16.29	space 5399988.0
lookup_table_count_sketch: bcut: 164371, # hashes 6, # buckets 334580 - 	loss 16.21	space 5399984.0
lookup_table_count_sketch: bcut: 203377, # hashes 2, # buckets 675000 - 	loss 13.67	space 5400000.0
lookup_table_count_sketch: bcut: 203377, # hashes 3, # buckets 517792 - 	loss 13.43	space 5399996.0
lookup_table_count_sketch: bcut: 203377, # hashes 4, # buckets 439188 - 	loss 13.85	space 5399992.0
lookup_table_count_sketch: bcut: 203377, # hashes 5, # buckets 392026 - 	loss 14.89	space 5399996.0
lookup_table_count_sketch: bcut: 203377, # hashes 6, # buckets 360584 - 	loss 14.76	space 5399984.0
lookup_table_count_sketch: bcut: 314948, # hashes 2, # buckets 675000 - 	loss 10.93	space 5400000.0
lookup_table_count_sketch: bcut: 314948, # hashes 3, # buckets 554982 - 	loss 10.92	space 5399992.0
lookup_table_count_sketch: bcut: 314948, # hashes 4, # buckets 494974 - 	loss 11.14	space 5400000.0
lookup_table_count_sketch: bcut: 314948, # hashes 5, # buckets 458968 - 	loss 11.99	space 5399984.0
lookup_table_count_sketch: bcut: 314948, # hashes 6, # buckets 434965 - 	loss 11.81	space 5399992.0
lookup_table_count_sketch: bcut: 401392, # hashes 2, # buckets 675001 - 	loss 9.78	space 5399996.0
lookup_table_count_sketch: bcut: 401392, # hashes 3, # buckets 583798 - 	loss 9.96	space 5399996.0
lookup_table_count_sketch: bcut: 401392, # hashes 4, # buckets 538196 - 	loss 9.99	space 5399988.0
lookup_table_count_sketch: bcut: 401392, # hashes 5, # buckets 510835 - 	loss 10.82	space 5399984.0
lookup_table_count_sketch: bcut: 401392, # hashes 6, # buckets 492595 - 	loss 10.61	space 5399996.0
lookup_table_count_sketch: bcut: 529261, # hashes 2, # buckets 675060 - 	loss 9.63	space 5400000.0
lookup_table_count_sketch: bcut: 529261, # hashes 3, # buckets 626460 - 	loss 10.22	space 5399996.0
lookup_table_count_sketch: bcut: 529261, # hashes 4, # buckets 602160 - 	loss 10.09	space 5399992.0
lookup_table_count_sketch: bcut: 529261, # hashes 5, # buckets 587580 - 	loss 10.95	space 5399988.0
lookup_table_count_sketch: bcut: 529261, # hashes 6, # buckets 577860 - 	loss 10.58	space 5399984.0
lookup_table_count_sketch: bcut: 529261, # hashes 2, # buckets 675060 - 	loss 9.63	space 5400000.0
lookup_table_count_sketch: bcut: 529261, # hashes 3, # buckets 626460 - 	loss 10.25	space 5399996.0
lookup_table_count_sketch: bcut: 529261, # hashes 4, # buckets 602160 - 	loss 10.06	space 5399992.0
lookup_table_count_sketch: bcut: 529261, # hashes 5, # buckets 587580 - 	loss 10.93	space 5399988.0
lookup_table_count_sketch: bcut: 529261, # hashes 6, # buckets 577860 - 	loss 10.61	space 5399984.0
lookup_table_count_sketch: bcut: 529261, # hashes 2, # buckets 675060 - 	loss 9.65	space 5400000.0
lookup_table_count_sketch: bcut: 529261, # hashes 3, # buckets 626460 - 	loss 10.25	space 5399996.0
lookup_table_count_sketch: bcut: 529261, # hashes 4, # buckets 602160 - 	loss 10.05	space 5399992.0
lookup_table_count_sketch: bcut: 529261, # hashes 5, # buckets 587580 - 	loss 10.96	space 5399988.0
lookup_table_count_sketch: bcut: 529261, # hashes 6, # buckets 577860 - 	loss 10.63	space 5399984.0
lookup_table_count_sketch: bcut: 529261, # hashes 2, # buckets 675060 - 	loss 9.61	space 5400000.0
lookup_table_count_sketch: bcut: 529261, # hashes 3, # buckets 626460 - 	loss 10.25	space 5399996.0
lookup_table_count_sketch: bcut: 529261, # hashes 4, # buckets 602160 - 	loss 10.08	space 5399992.0
lookup_table_count_sketch: bcut: 529261, # hashes 5, # buckets 587580 - 	loss 10.97	space 5399988.0
lookup_table_count_sketch: bcut: 529261, # hashes 6, # buckets 577860 - 	loss 10.59	space 5399984.0
space: 5.60
lookup_table_count_sketch: bcut: 85378, # hashes 2, # buckets 700000 - 	loss 18.39	space 5600000.0
lookup_table_count_sketch: bcut: 85378, # hashes 3, # buckets 495126 - 	loss 17.57	space 5600000.0
lookup_table_count_sketch: bcut: 85378, # hashes 4, # buckets 392689 - 	loss 18.57	space 5600000.0
lookup_table_count_sketch: bcut: 85378, # hashes 5, # buckets 331226 - 	loss 19.79	space 5599984.0
lookup_table_count_sketch: bcut: 85378, # hashes 6, # buckets 290252 - 	loss 19.86	space 5600000.0
lookup_table_count_sketch: bcut: 164371, # hashes 2, # buckets 700000 - 	loss 14.58	space 5600000.0
lookup_table_count_sketch: bcut: 164371, # hashes 3, # buckets 521457 - 	loss 14.14	space 5600000.0
lookup_table_count_sketch: bcut: 164371, # hashes 4, # buckets 432185 - 	loss 14.78	space 5599992.0
lookup_table_count_sketch: bcut: 164371, # hashes 5, # buckets 378622 - 	loss 15.80	space 5599988.0
lookup_table_count_sketch: bcut: 164371, # hashes 6, # buckets 342914 - 	loss 15.76	space 5600000.0
lookup_table_count_sketch: bcut: 251928, # hashes 2, # buckets 700000 - 	loss 11.87	space 5600000.0
lookup_table_count_sketch: bcut: 251928, # hashes 3, # buckets 550642 - 	loss 11.68	space 5599992.0
lookup_table_count_sketch: bcut: 251928, # hashes 4, # buckets 475964 - 	loss 12.02	space 5600000.0
lookup_table_count_sketch: bcut: 251928, # hashes 5, # buckets 431156 - 	loss 12.96	space 5599984.0
lookup_table_count_sketch: bcut: 251928, # hashes 6, # buckets 401285 - 	loss 12.78	space 5599992.0
lookup_table_count_sketch: bcut: 314948, # hashes 2, # buckets 700000 - 	loss 10.50	space 5600000.0
lookup_table_count_sketch: bcut: 314948, # hashes 3, # buckets 571649 - 	loss 10.43	space 5599996.0
lookup_table_count_sketch: bcut: 314948, # hashes 4, # buckets 507474 - 	loss 10.68	space 5600000.0
lookup_table_count_sketch: bcut: 314948, # hashes 5, # buckets 468968 - 	loss 11.48	space 5599984.0
lookup_table_count_sketch: bcut: 314948, # hashes 6, # buckets 443298 - 	loss 11.34	space 5599984.0
lookup_table_count_sketch: bcut: 401392, # hashes 2, # buckets 700001 - 	loss 9.28	space 5599996.0
lookup_table_count_sketch: bcut: 401392, # hashes 3, # buckets 600465 - 	loss 9.38	space 5600000.0
lookup_table_count_sketch: bcut: 401392, # hashes 4, # buckets 550696 - 	loss 9.50	space 5599988.0
lookup_table_count_sketch: bcut: 401392, # hashes 5, # buckets 520835 - 	loss 10.27	space 5599984.0
lookup_table_count_sketch: bcut: 401392, # hashes 6, # buckets 500928 - 	loss 10.05	space 5599988.0
lookup_table_count_sketch: bcut: 529261, # hashes 2, # buckets 700060 - 	loss 8.81	space 5600000.0
lookup_table_count_sketch: bcut: 529261, # hashes 3, # buckets 643127 - 	loss 9.26	space 5600000.0
lookup_table_count_sketch: bcut: 529261, # hashes 4, # buckets 614660 - 	loss 9.20	space 5599992.0
lookup_table_count_sketch: bcut: 529261, # hashes 5, # buckets 597580 - 	loss 9.99	space 5599988.0
lookup_table_count_sketch: bcut: 529261, # hashes 6, # buckets 586194 - 	loss 9.69	space 5600000.0
lookup_table_count_sketch: bcut: 529261, # hashes 2, # buckets 700060 - 	loss 8.82	space 5600000.0
lookup_table_count_sketch: bcut: 529261, # hashes 3, # buckets 643127 - 	loss 9.26	space 5600000.0
lookup_table_count_sketch: bcut: 529261, # hashes 4, # buckets 614660 - 	loss 9.15	space 5599992.0
lookup_table_count_sketch: bcut: 529261, # hashes 5, # buckets 597580 - 	loss 9.97	space 5599988.0
lookup_table_count_sketch: bcut: 529261, # hashes 6, # buckets 586194 - 	loss 9.69	space 5600000.0
lookup_table_count_sketch: bcut: 529261, # hashes 2, # buckets 700060 - 	loss 8.84	space 5600000.0
lookup_table_count_sketch: bcut: 529261, # hashes 3, # buckets 643127 - 	loss 9.25	space 5600000.0
lookup_table_count_sketch: bcut: 529261, # hashes 4, # buckets 614660 - 	loss 9.18	space 5599992.0
lookup_table_count_sketch: bcut: 529261, # hashes 5, # buckets 597580 - 	loss 9.98	space 5599988.0
lookup_table_count_sketch: bcut: 529261, # hashes 6, # buckets 586194 - 	loss 9.66	space 5600000.0
lookup_table_count_sketch: bcut: 529261, # hashes 2, # buckets 700060 - 	loss 8.81	space 5600000.0
lookup_table_count_sketch: bcut: 529261, # hashes 3, # buckets 643127 - 	loss 9.28	space 5600000.0
lookup_table_count_sketch: bcut: 529261, # hashes 4, # buckets 614660 - 	loss 9.18	space 5599992.0
lookup_table_count_sketch: bcut: 529261, # hashes 5, # buckets 597580 - 	loss 9.96	space 5599988.0
lookup_table_count_sketch: bcut: 529261, # hashes 6, # buckets 586194 - 	loss 9.67	space 5600000.0
space: 5.80
lookup_table_count_sketch: bcut: 85378, # hashes 2, # buckets 725000 - 	loss 17.98	space 5800000.0
lookup_table_count_sketch: bcut: 85378, # hashes 3, # buckets 511792 - 	loss 16.98	space 5799992.0
lookup_table_count_sketch: bcut: 85378, # hashes 4, # buckets 405189 - 	loss 18.08	space 5800000.0
lookup_table_count_sketch: bcut: 85378, # hashes 5, # buckets 341226 - 	loss 19.21	space 5799984.0
lookup_table_count_sketch: bcut: 85378, # hashes 6, # buckets 298585 - 	loss 19.32	space 5799992.0
lookup_table_count_sketch: bcut: 164371, # hashes 2, # buckets 725000 - 	loss 14.21	space 5800000.0
lookup_table_count_sketch: bcut: 164371, # hashes 3, # buckets 538123 - 	loss 13.60	space 5799992.0
lookup_table_count_sketch: bcut: 164371, # hashes 4, # buckets 444685 - 	loss 14.37	space 5799992.0
lookup_table_count_sketch: bcut: 164371, # hashes 5, # buckets 388622 - 	loss 15.31	space 5799988.0
lookup_table_count_sketch: bcut: 164371, # hashes 6, # buckets 351247 - 	loss 15.30	space 5799992.0
lookup_table_count_sketch: bcut: 251928, # hashes 2, # buckets 725000 - 	loss 11.51	space 5800000.0
lookup_table_count_sketch: bcut: 251928, # hashes 3, # buckets 567309 - 	loss 11.23	space 5799996.0
lookup_table_count_sketch: bcut: 251928, # hashes 4, # buckets 488464 - 	loss 11.66	space 5800000.0
lookup_table_count_sketch: bcut: 251928, # hashes 5, # buckets 441156 - 	loss 12.48	space 5799984.0
lookup_table_count_sketch: bcut: 251928, # hashes 6, # buckets 409618 - 	loss 12.39	space 5799984.0
lookup_table_count_sketch: bcut: 314948, # hashes 2, # buckets 725000 - 	loss 10.17	space 5800000.0
lookup_table_count_sketch: bcut: 314948, # hashes 3, # buckets 588316 - 	loss 9.98	space 5800000.0
lookup_table_count_sketch: bcut: 314948, # hashes 4, # buckets 519974 - 	loss 10.27	space 5800000.0
lookup_table_count_sketch: bcut: 314948, # hashes 5, # buckets 478968 - 	loss 11.01	space 5799984.0
lookup_table_count_sketch: bcut: 314948, # hashes 6, # buckets 451632 - 	loss 10.90	space 5800000.0
lookup_table_count_sketch: bcut: 401392, # hashes 2, # buckets 725001 - 	loss 8.90	space 5799996.0
lookup_table_count_sketch: bcut: 401392, # hashes 3, # buckets 617131 - 	loss 8.88	space 5799992.0
lookup_table_count_sketch: bcut: 401392, # hashes 4, # buckets 563196 - 	loss 9.03	space 5799988.0
lookup_table_count_sketch: bcut: 401392, # hashes 5, # buckets 530835 - 	loss 9.73	space 5799984.0
lookup_table_count_sketch: bcut: 401392, # hashes 6, # buckets 509261 - 	loss 9.59	space 5799980.0
lookup_table_count_sketch: bcut: 529261, # hashes 2, # buckets 725060 - 	loss 8.23	space 5800000.0
lookup_table_count_sketch: bcut: 529261, # hashes 3, # buckets 659793 - 	loss 8.49	space 5799992.0
lookup_table_count_sketch: bcut: 529261, # hashes 4, # buckets 627160 - 	loss 8.45	space 5799992.0
lookup_table_count_sketch: bcut: 529261, # hashes 5, # buckets 607580 - 	loss 9.22	space 5799988.0
lookup_table_count_sketch: bcut: 529261, # hashes 6, # buckets 594527 - 	loss 8.97	space 5799992.0
lookup_table_count_sketch: bcut: 529261, # hashes 2, # buckets 725060 - 	loss 8.22	space 5800000.0
lookup_table_count_sketch: bcut: 529261, # hashes 3, # buckets 659793 - 	loss 8.49	space 5799992.0
lookup_table_count_sketch: bcut: 529261, # hashes 4, # buckets 627160 - 	loss 8.46	space 5799992.0
lookup_table_count_sketch: bcut: 529261, # hashes 5, # buckets 607580 - 	loss 9.15	space 5799988.0
lookup_table_count_sketch: bcut: 529261, # hashes 6, # buckets 594527 - 	loss 8.96	space 5799992.0
lookup_table_count_sketch: bcut: 529261, # hashes 2, # buckets 725060 - 	loss 8.20	space 5800000.0
lookup_table_count_sketch: bcut: 529261, # hashes 3, # buckets 659793 - 	loss 8.53	space 5799992.0
lookup_table_count_sketch: bcut: 529261, # hashes 4, # buckets 627160 - 	loss 8.48	space 5799992.0
lookup_table_count_sketch: bcut: 529261, # hashes 5, # buckets 607580 - 	loss 9.20	space 5799988.0
lookup_table_count_sketch: bcut: 529261, # hashes 6, # buckets 594527 - 	loss 8.95	space 5799992.0
lookup_table_count_sketch: bcut: 529261, # hashes 2, # buckets 725060 - 	loss 8.21	space 5800000.0
lookup_table_count_sketch: bcut: 529261, # hashes 3, # buckets 659793 - 	loss 8.48	space 5799992.0
lookup_table_count_sketch: bcut: 529261, # hashes 4, # buckets 627160 - 	loss 8.46	space 5799992.0
lookup_table_count_sketch: bcut: 529261, # hashes 5, # buckets 607580 - 	loss 9.19	space 5799988.0
lookup_table_count_sketch: bcut: 529261, # hashes 6, # buckets 594527 - 	loss 8.97	space 5799992.0
space: 6.00
lookup_table_count_sketch: bcut: 85378, # hashes 2, # buckets 750000 - 	loss 17.65	space 6000000.0
lookup_table_count_sketch: bcut: 85378, # hashes 3, # buckets 528459 - 	loss 16.46	space 5999996.0
lookup_table_count_sketch: bcut: 85378, # hashes 4, # buckets 417689 - 	loss 17.65	space 6000000.0
lookup_table_count_sketch: bcut: 85378, # hashes 5, # buckets 351226 - 	loss 18.71	space 5999984.0
lookup_table_count_sketch: bcut: 85378, # hashes 6, # buckets 306918 - 	loss 18.87	space 5999984.0
lookup_table_count_sketch: bcut: 164371, # hashes 2, # buckets 750000 - 	loss 13.86	space 6000000.0
lookup_table_count_sketch: bcut: 164371, # hashes 3, # buckets 554790 - 	loss 13.15	space 5999996.0
lookup_table_count_sketch: bcut: 164371, # hashes 4, # buckets 457185 - 	loss 13.95	space 5999992.0
lookup_table_count_sketch: bcut: 164371, # hashes 5, # buckets 398622 - 	loss 14.84	space 5999988.0
lookup_table_count_sketch: bcut: 164371, # hashes 6, # buckets 359580 - 	loss 14.88	space 5999984.0
lookup_table_count_sketch: bcut: 251928, # hashes 2, # buckets 750000 - 	loss 11.21	space 6000000.0
lookup_table_count_sketch: bcut: 251928, # hashes 3, # buckets 583976 - 	loss 10.82	space 6000000.0
lookup_table_count_sketch: bcut: 251928, # hashes 4, # buckets 500964 - 	loss 11.26	space 6000000.0
lookup_table_count_sketch: bcut: 251928, # hashes 5, # buckets 451156 - 	loss 12.04	space 5999984.0
lookup_table_count_sketch: bcut: 251928, # hashes 6, # buckets 417952 - 	loss 11.99	space 6000000.0
lookup_table_count_sketch: bcut: 314948, # hashes 2, # buckets 750000 - 	loss 9.78	space 6000000.0
lookup_table_count_sketch: bcut: 314948, # hashes 3, # buckets 604982 - 	loss 9.57	space 5999992.0
lookup_table_count_sketch: bcut: 314948, # hashes 4, # buckets 532474 - 	loss 9.89	space 6000000.0
lookup_table_count_sketch: bcut: 314948, # hashes 5, # buckets 488968 - 	loss 10.63	space 5999984.0
lookup_table_count_sketch: bcut: 314948, # hashes 6, # buckets 459965 - 	loss 10.51	space 5999992.0
lookup_table_count_sketch: bcut: 401392, # hashes 2, # buckets 750001 - 	loss 8.54	space 5999996.0
lookup_table_count_sketch: bcut: 401392, # hashes 3, # buckets 633798 - 	loss 8.43	space 5999996.0
lookup_table_count_sketch: bcut: 401392, # hashes 4, # buckets 575696 - 	loss 8.62	space 5999988.0
lookup_table_count_sketch: bcut: 401392, # hashes 5, # buckets 540835 - 	loss 9.29	space 5999984.0
lookup_table_count_sketch: bcut: 401392, # hashes 6, # buckets 517595 - 	loss 9.16	space 5999996.0
lookup_table_count_sketch: bcut: 529261, # hashes 2, # buckets 750060 - 	loss 7.67	space 6000000.0
lookup_table_count_sketch: bcut: 529261, # hashes 3, # buckets 676460 - 	loss 7.86	space 5999996.0
lookup_table_count_sketch: bcut: 529261, # hashes 4, # buckets 639660 - 	loss 7.88	space 5999992.0
lookup_table_count_sketch: bcut: 529261, # hashes 5, # buckets 617580 - 	loss 8.53	space 5999988.0
lookup_table_count_sketch: bcut: 529261, # hashes 6, # buckets 602860 - 	loss 8.31	space 5999984.0
lookup_table_count_sketch: bcut: 529261, # hashes 2, # buckets 750060 - 	loss 7.66	space 6000000.0
lookup_table_count_sketch: bcut: 529261, # hashes 3, # buckets 676460 - 	loss 7.85	space 5999996.0
lookup_table_count_sketch: bcut: 529261, # hashes 4, # buckets 639660 - 	loss 7.88	space 5999992.0
lookup_table_count_sketch: bcut: 529261, # hashes 5, # buckets 617580 - 	loss 8.51	space 5999988.0
lookup_table_count_sketch: bcut: 529261, # hashes 6, # buckets 602860 - 	loss 8.33	space 5999984.0
lookup_table_count_sketch: bcut: 529261, # hashes 2, # buckets 750060 - 	loss 7.69	space 6000000.0
lookup_table_count_sketch: bcut: 529261, # hashes 3, # buckets 676460 - 	loss 7.86	space 5999996.0
lookup_table_count_sketch: bcut: 529261, # hashes 4, # buckets 639660 - 	loss 7.86	space 5999992.0
lookup_table_count_sketch: bcut: 529261, # hashes 5, # buckets 617580 - 	loss 8.53	space 5999988.0
lookup_table_count_sketch: bcut: 529261, # hashes 6, # buckets 602860 - 	loss 8.35	space 5999984.0
lookup_table_count_sketch: bcut: 529261, # hashes 2, # buckets 750060 - 	loss 7.70	space 6000000.0
lookup_table_count_sketch: bcut: 529261, # hashes 3, # buckets 676460 - 	loss 7.86	space 5999996.0
lookup_table_count_sketch: bcut: 529261, # hashes 4, # buckets 639660 - 	loss 7.87	space 5999992.0
lookup_table_count_sketch: bcut: 529261, # hashes 5, # buckets 617580 - 	loss 8.53	space 5999988.0
lookup_table_count_sketch: bcut: 529261, # hashes 6, # buckets 602860 - 	loss 8.37	space 5999984.0
space: 6.20
lookup_table_count_sketch: bcut: 85378, # hashes 2, # buckets 775000 - 	loss 17.22	space 6200000.0
lookup_table_count_sketch: bcut: 85378, # hashes 3, # buckets 545126 - 	loss 15.99	space 6200000.0
lookup_table_count_sketch: bcut: 85378, # hashes 4, # buckets 430189 - 	loss 17.24	space 6200000.0
lookup_table_count_sketch: bcut: 85378, # hashes 5, # buckets 361226 - 	loss 18.19	space 6199984.0
lookup_table_count_sketch: bcut: 85378, # hashes 6, # buckets 315252 - 	loss 18.43	space 6200000.0
lookup_table_count_sketch: bcut: 164371, # hashes 2, # buckets 775000 - 	loss 13.57	space 6200000.0
lookup_table_count_sketch: bcut: 164371, # hashes 3, # buckets 571457 - 	loss 12.79	space 6200000.0
lookup_table_count_sketch: bcut: 164371, # hashes 4, # buckets 469685 - 	loss 13.54	space 6199992.0
lookup_table_count_sketch: bcut: 164371, # hashes 5, # buckets 408622 - 	loss 14.47	space 6199988.0
lookup_table_count_sketch: bcut: 164371, # hashes 6, # buckets 367914 - 	loss 14.47	space 6200000.0
lookup_table_count_sketch: bcut: 251928, # hashes 2, # buckets 775000 - 	loss 10.86	space 6200000.0
lookup_table_count_sketch: bcut: 251928, # hashes 3, # buckets 600642 - 	loss 10.41	space 6199992.0
lookup_table_count_sketch: bcut: 251928, # hashes 4, # buckets 513464 - 	loss 10.90	space 6200000.0
lookup_table_count_sketch: bcut: 251928, # hashes 5, # buckets 461156 - 	loss 11.64	space 6199984.0
lookup_table_count_sketch: bcut: 251928, # hashes 6, # buckets 426285 - 	loss 11.65	space 6199992.0
lookup_table_count_sketch: bcut: 314948, # hashes 2, # buckets 775000 - 	loss 9.50	space 6200000.0
lookup_table_count_sketch: bcut: 314948, # hashes 3, # buckets 621649 - 	loss 9.18	space 6199996.0
lookup_table_count_sketch: bcut: 314948, # hashes 4, # buckets 544974 - 	loss 9.52	space 6200000.0
lookup_table_count_sketch: bcut: 314948, # hashes 5, # buckets 498968 - 	loss 10.20	space 6199984.0
lookup_table_count_sketch: bcut: 314948, # hashes 6, # buckets 468298 - 	loss 10.17	space 6199984.0
lookup_table_count_sketch: bcut: 401392, # hashes 2, # buckets 775001 - 	loss 8.18	space 6199996.0
lookup_table_count_sketch: bcut: 401392, # hashes 3, # buckets 650465 - 	loss 8.04	space 6200000.0
lookup_table_count_sketch: bcut: 401392, # hashes 4, # buckets 588196 - 	loss 8.23	space 6199988.0
lookup_table_count_sketch: bcut: 401392, # hashes 5, # buckets 550835 - 	loss 8.85	space 6199984.0
lookup_table_count_sketch: bcut: 401392, # hashes 6, # buckets 525928 - 	loss 8.75	space 6199988.0
lookup_table_count_sketch: bcut: 529261, # hashes 2, # buckets 775060 - 	loss 7.25	space 6200000.0
lookup_table_count_sketch: bcut: 529261, # hashes 3, # buckets 693127 - 	loss 7.30	space 6200000.0
lookup_table_count_sketch: bcut: 529261, # hashes 4, # buckets 652160 - 	loss 7.37	space 6199992.0
lookup_table_count_sketch: bcut: 529261, # hashes 5, # buckets 627580 - 	loss 7.97	space 6199988.0
lookup_table_count_sketch: bcut: 529261, # hashes 6, # buckets 611194 - 	loss 7.82	space 6200000.0
lookup_table_count_sketch: bcut: 762773, # hashes 2, # buckets 776502 - 	loss 19.33	space 6199996.0
lookup_table_count_sketch: bcut: 762773, # hashes 3, # buckets 771926 - 	loss 22.53	space 6200000.0
lookup_table_count_sketch: bcut: 762773, # hashes 4, # buckets 769637 - 	loss 21.15	space 6199988.0
lookup_table_count_sketch: bcut: 762773, # hashes 5, # buckets 768264 - 	loss 23.52	space 6199984.0
lookup_table_count_sketch: bcut: 762773, # hashes 6, # buckets 767349 - 	loss 22.39	space 6199988.0
lookup_table_count_sketch: bcut: 762773, # hashes 2, # buckets 776502 - 	loss 19.50	space 6199996.0
lookup_table_count_sketch: bcut: 762773, # hashes 3, # buckets 771926 - 	loss 22.31	space 6200000.0
lookup_table_count_sketch: bcut: 762773, # hashes 4, # buckets 769637 - 	loss 21.40	space 6199988.0
lookup_table_count_sketch: bcut: 762773, # hashes 5, # buckets 768264 - 	loss 23.41	space 6199984.0
lookup_table_count_sketch: bcut: 762773, # hashes 6, # buckets 767349 - 	loss 21.85	space 6199988.0
lookup_table_count_sketch: bcut: 762773, # hashes 2, # buckets 776502 - 	loss 19.59	space 6199996.0
lookup_table_count_sketch: bcut: 762773, # hashes 3, # buckets 771926 - 	loss 22.41	space 6200000.0
lookup_table_count_sketch: bcut: 762773, # hashes 4, # buckets 769637 - 	loss 21.37	space 6199988.0
lookup_table_count_sketch: bcut: 762773, # hashes 5, # buckets 768264 - 	loss 23.43	space 6199984.0
lookup_table_count_sketch: bcut: 762773, # hashes 6, # buckets 767349 - 	loss 22.19	space 6199988.0
space: 6.40
lookup_table_count_sketch: bcut: 85378, # hashes 2, # buckets 800000 - 	loss 16.87	space 6400000.0
lookup_table_count_sketch: bcut: 85378, # hashes 3, # buckets 561792 - 	loss 15.51	space 6399992.0
lookup_table_count_sketch: bcut: 85378, # hashes 4, # buckets 442689 - 	loss 16.76	space 6400000.0
lookup_table_count_sketch: bcut: 85378, # hashes 5, # buckets 371226 - 	loss 17.76	space 6399984.0
lookup_table_count_sketch: bcut: 85378, # hashes 6, # buckets 323585 - 	loss 17.95	space 6399992.0
lookup_table_count_sketch: bcut: 164371, # hashes 2, # buckets 800000 - 	loss 13.22	space 6400000.0
lookup_table_count_sketch: bcut: 164371, # hashes 3, # buckets 588123 - 	loss 12.38	space 6399992.0
lookup_table_count_sketch: bcut: 164371, # hashes 4, # buckets 482185 - 	loss 13.19	space 6399992.0
lookup_table_count_sketch: bcut: 164371, # hashes 5, # buckets 418622 - 	loss 14.01	space 6399988.0
lookup_table_count_sketch: bcut: 164371, # hashes 6, # buckets 376247 - 	loss 14.12	space 6399992.0
lookup_table_count_sketch: bcut: 251928, # hashes 2, # buckets 800000 - 	loss 10.58	space 6400000.0
lookup_table_count_sketch: bcut: 251928, # hashes 3, # buckets 617309 - 	loss 10.03	space 6399996.0
lookup_table_count_sketch: bcut: 251928, # hashes 4, # buckets 525964 - 	loss 10.58	space 6400000.0
lookup_table_count_sketch: bcut: 251928, # hashes 5, # buckets 471156 - 	loss 11.27	space 6399984.0
lookup_table_count_sketch: bcut: 251928, # hashes 6, # buckets 434618 - 	loss 11.27	space 6399984.0
lookup_table_count_sketch: bcut: 401392, # hashes 2, # buckets 800001 - 	loss 7.90	space 6399996.0
lookup_table_count_sketch: bcut: 401392, # hashes 3, # buckets 667131 - 	loss 7.65	space 6399992.0
lookup_table_count_sketch: bcut: 401392, # hashes 4, # buckets 600696 - 	loss 7.89	space 6399988.0
lookup_table_count_sketch: bcut: 401392, # hashes 5, # buckets 560835 - 	loss 8.46	space 6399984.0
lookup_table_count_sketch: bcut: 401392, # hashes 6, # buckets 534261 - 	loss 8.41	space 6399980.0
lookup_table_count_sketch: bcut: 401392, # hashes 2, # buckets 800001 - 	loss 7.88	space 6399996.0
lookup_table_count_sketch: bcut: 401392, # hashes 3, # buckets 667131 - 	loss 7.66	space 6399992.0
lookup_table_count_sketch: bcut: 401392, # hashes 4, # buckets 600696 - 	loss 7.91	space 6399988.0
lookup_table_count_sketch: bcut: 401392, # hashes 5, # buckets 560835 - 	loss 8.46	space 6399984.0
lookup_table_count_sketch: bcut: 401392, # hashes 6, # buckets 534261 - 	loss 8.43	space 6399980.0
lookup_table_count_sketch: bcut: 529261, # hashes 2, # buckets 800060 - 	loss 6.87	space 6400000.0
lookup_table_count_sketch: bcut: 529261, # hashes 3, # buckets 709793 - 	loss 6.85	space 6399992.0
lookup_table_count_sketch: bcut: 529261, # hashes 4, # buckets 664660 - 	loss 6.95	space 6399992.0
lookup_table_count_sketch: bcut: 529261, # hashes 5, # buckets 637580 - 	loss 7.48	space 6399988.0
lookup_table_count_sketch: bcut: 529261, # hashes 6, # buckets 619527 - 	loss 7.36	space 6399992.0
lookup_table_count_sketch: bcut: 762773, # hashes 2, # buckets 801502 - 	loss 11.40	space 6399996.0
lookup_table_count_sketch: bcut: 762773, # hashes 3, # buckets 788592 - 	loss 12.80	space 6399992.0
lookup_table_count_sketch: bcut: 762773, # hashes 4, # buckets 782137 - 	loss 12.29	space 6399988.0
lookup_table_count_sketch: bcut: 762773, # hashes 5, # buckets 778264 - 	loss 13.54	space 6399984.0
lookup_table_count_sketch: bcut: 762773, # hashes 6, # buckets 775682 - 	loss 12.77	space 6399980.0
lookup_table_count_sketch: bcut: 762773, # hashes 2, # buckets 801502 - 	loss 11.40	space 6399996.0
lookup_table_count_sketch: bcut: 762773, # hashes 3, # buckets 788592 - 	loss 12.82	space 6399992.0
lookup_table_count_sketch: bcut: 762773, # hashes 4, # buckets 782137 - 	loss 12.20	space 6399988.0
lookup_table_count_sketch: bcut: 762773, # hashes 5, # buckets 778264 - 	loss 13.41	space 6399984.0
lookup_table_count_sketch: bcut: 762773, # hashes 6, # buckets 775682 - 	loss 12.87	space 6399980.0
lookup_table_count_sketch: bcut: 762773, # hashes 2, # buckets 801502 - 	loss 11.39	space 6399996.0
lookup_table_count_sketch: bcut: 762773, # hashes 3, # buckets 788592 - 	loss 12.82	space 6399992.0
lookup_table_count_sketch: bcut: 762773, # hashes 4, # buckets 782137 - 	loss 12.24	space 6399988.0
lookup_table_count_sketch: bcut: 762773, # hashes 5, # buckets 778264 - 	loss 13.41	space 6399984.0
lookup_table_count_sketch: bcut: 762773, # hashes 6, # buckets 775682 - 	loss 12.79	space 6399980.0
space: 6.60
lookup_table_count_sketch: bcut: 85378, # hashes 2, # buckets 825000 - 	loss 16.55	space 6600000.0
lookup_table_count_sketch: bcut: 85378, # hashes 3, # buckets 578459 - 	loss 15.07	space 6599996.0
lookup_table_count_sketch: bcut: 85378, # hashes 4, # buckets 455189 - 	loss 16.40	space 6600000.0
lookup_table_count_sketch: bcut: 85378, # hashes 5, # buckets 381226 - 	loss 17.26	space 6599984.0
lookup_table_count_sketch: bcut: 85378, # hashes 6, # buckets 331918 - 	loss 17.58	space 6599984.0
lookup_table_count_sketch: bcut: 203377, # hashes 2, # buckets 825000 - 	loss 11.67	space 6600000.0
lookup_table_count_sketch: bcut: 203377, # hashes 3, # buckets 617792 - 	loss 10.88	space 6599996.0
lookup_table_count_sketch: bcut: 203377, # hashes 4, # buckets 514188 - 	loss 11.56	space 6599992.0
lookup_table_count_sketch: bcut: 203377, # hashes 5, # buckets 452026 - 	loss 12.29	space 6599996.0
lookup_table_count_sketch: bcut: 203377, # hashes 6, # buckets 410584 - 	loss 12.40	space 6599984.0
lookup_table_count_sketch: bcut: 251928, # hashes 2, # buckets 825000 - 	loss 10.29	space 6600000.0
lookup_table_count_sketch: bcut: 251928, # hashes 3, # buckets 633976 - 	loss 9.70	space 6600000.0
lookup_table_count_sketch: bcut: 251928, # hashes 4, # buckets 538464 - 	loss 10.25	space 6600000.0
lookup_table_count_sketch: bcut: 251928, # hashes 5, # buckets 481156 - 	loss 10.91	space 6599984.0
lookup_table_count_sketch: bcut: 251928, # hashes 6, # buckets 442952 - 	loss 10.98	space 6600000.0
lookup_table_count_sketch: bcut: 401392, # hashes 2, # buckets 825001 - 	loss 7.63	space 6599996.0
lookup_table_count_sketch: bcut: 401392, # hashes 3, # buckets 683798 - 	loss 7.31	space 6599996.0
lookup_table_count_sketch: bcut: 401392, # hashes 4, # buckets 613196 - 	loss 7.59	space 6599988.0
lookup_table_count_sketch: bcut: 401392, # hashes 5, # buckets 570835 - 	loss 8.13	space 6599984.0
lookup_table_count_sketch: bcut: 401392, # hashes 6, # buckets 542595 - 	loss 8.11	space 6599996.0
lookup_table_count_sketch: bcut: 529261, # hashes 2, # buckets 825060 - 	loss 6.54	space 6600000.0
lookup_table_count_sketch: bcut: 529261, # hashes 3, # buckets 726460 - 	loss 6.44	space 6599996.0
lookup_table_count_sketch: bcut: 529261, # hashes 4, # buckets 677160 - 	loss 6.54	space 6599992.0
lookup_table_count_sketch: bcut: 529261, # hashes 5, # buckets 647580 - 	loss 7.06	space 6599988.0
lookup_table_count_sketch: bcut: 529261, # hashes 6, # buckets 627860 - 	loss 6.97	space 6599984.0
lookup_table_count_sketch: bcut: 529261, # hashes 2, # buckets 825060 - 	loss 6.54	space 6600000.0
lookup_table_count_sketch: bcut: 529261, # hashes 3, # buckets 726460 - 	loss 6.44	space 6599996.0
lookup_table_count_sketch: bcut: 529261, # hashes 4, # buckets 677160 - 	loss 6.56	space 6599992.0
lookup_table_count_sketch: bcut: 529261, # hashes 5, # buckets 647580 - 	loss 7.07	space 6599988.0
lookup_table_count_sketch: bcut: 529261, # hashes 6, # buckets 627860 - 	loss 6.98	space 6599984.0
lookup_table_count_sketch: bcut: 762773, # hashes 2, # buckets 826502 - 	loss 8.76	space 6599996.0
lookup_table_count_sketch: bcut: 762773, # hashes 3, # buckets 805259 - 	loss 9.63	space 6599996.0
lookup_table_count_sketch: bcut: 762773, # hashes 4, # buckets 794637 - 	loss 9.32	space 6599988.0
lookup_table_count_sketch: bcut: 762773, # hashes 5, # buckets 788264 - 	loss 10.17	space 6599984.0
lookup_table_count_sketch: bcut: 762773, # hashes 6, # buckets 784016 - 	loss 9.75	space 6599996.0
lookup_table_count_sketch: bcut: 762773, # hashes 2, # buckets 826502 - 	loss 8.81	space 6599996.0
lookup_table_count_sketch: bcut: 762773, # hashes 3, # buckets 805259 - 	loss 9.67	space 6599996.0
lookup_table_count_sketch: bcut: 762773, # hashes 4, # buckets 794637 - 	loss 9.30	space 6599988.0
lookup_table_count_sketch: bcut: 762773, # hashes 5, # buckets 788264 - 	loss 10.22	space 6599984.0
lookup_table_count_sketch: bcut: 762773, # hashes 6, # buckets 784016 - 	loss 9.77	space 6599996.0
lookup_table_count_sketch: bcut: 762773, # hashes 2, # buckets 826502 - 	loss 8.76	space 6599996.0
lookup_table_count_sketch: bcut: 762773, # hashes 3, # buckets 805259 - 	loss 9.67	space 6599996.0
lookup_table_count_sketch: bcut: 762773, # hashes 4, # buckets 794637 - 	loss 9.31	space 6599988.0
lookup_table_count_sketch: bcut: 762773, # hashes 5, # buckets 788264 - 	loss 10.11	space 6599984.0
lookup_table_count_sketch: bcut: 762773, # hashes 6, # buckets 784016 - 	loss 9.76	space 6599996.0
space: 6.80
lookup_table_count_sketch: bcut: 85378, # hashes 2, # buckets 850000 - 	loss 16.22	space 6800000.0
lookup_table_count_sketch: bcut: 85378, # hashes 3, # buckets 595126 - 	loss 14.68	space 6800000.0
lookup_table_count_sketch: bcut: 85378, # hashes 4, # buckets 467689 - 	loss 16.02	space 6800000.0
lookup_table_count_sketch: bcut: 85378, # hashes 5, # buckets 391226 - 	loss 16.84	space 6799984.0
lookup_table_count_sketch: bcut: 85378, # hashes 6, # buckets 340252 - 	loss 17.18	space 6800000.0
lookup_table_count_sketch: bcut: 203377, # hashes 2, # buckets 850000 - 	loss 11.42	space 6800000.0
lookup_table_count_sketch: bcut: 203377, # hashes 3, # buckets 634459 - 	loss 10.55	space 6800000.0
lookup_table_count_sketch: bcut: 203377, # hashes 4, # buckets 526688 - 	loss 11.28	space 6799992.0
lookup_table_count_sketch: bcut: 203377, # hashes 5, # buckets 462026 - 	loss 11.94	space 6799996.0
lookup_table_count_sketch: bcut: 203377, # hashes 6, # buckets 418918 - 	loss 12.07	space 6800000.0
lookup_table_count_sketch: bcut: 314948, # hashes 2, # buckets 850000 - 	loss 8.72	space 6800000.0
lookup_table_count_sketch: bcut: 314948, # hashes 3, # buckets 671649 - 	loss 8.17	space 6799996.0
lookup_table_count_sketch: bcut: 314948, # hashes 4, # buckets 582474 - 	loss 8.65	space 6800000.0
lookup_table_count_sketch: bcut: 314948, # hashes 5, # buckets 528968 - 	loss 9.17	space 6799984.0
lookup_table_count_sketch: bcut: 314948, # hashes 6, # buckets 493298 - 	loss 9.21	space 6799984.0
lookup_table_count_sketch: bcut: 401392, # hashes 2, # buckets 850001 - 	loss 7.40	space 6799996.0
lookup_table_count_sketch: bcut: 401392, # hashes 3, # buckets 700465 - 	loss 7.01	space 6800000.0
lookup_table_count_sketch: bcut: 401392, # hashes 4, # buckets 625696 - 	loss 7.32	space 6799988.0
lookup_table_count_sketch: bcut: 401392, # hashes 5, # buckets 580835 - 	loss 7.81	space 6799984.0
lookup_table_count_sketch: bcut: 401392, # hashes 6, # buckets 550928 - 	loss 7.79	space 6799988.0
lookup_table_count_sketch: bcut: 529261, # hashes 2, # buckets 850060 - 	loss 6.25	space 6800000.0
lookup_table_count_sketch: bcut: 529261, # hashes 3, # buckets 743127 - 	loss 6.07	space 6800000.0
lookup_table_count_sketch: bcut: 529261, # hashes 4, # buckets 689660 - 	loss 6.22	space 6799992.0
lookup_table_count_sketch: bcut: 529261, # hashes 5, # buckets 657580 - 	loss 6.69	space 6799988.0
lookup_table_count_sketch: bcut: 529261, # hashes 6, # buckets 636194 - 	loss 6.63	space 6800000.0
lookup_table_count_sketch: bcut: 529261, # hashes 2, # buckets 850060 - 	loss 6.24	space 6800000.0
lookup_table_count_sketch: bcut: 529261, # hashes 3, # buckets 743127 - 	loss 6.06	space 6800000.0
lookup_table_count_sketch: bcut: 529261, # hashes 4, # buckets 689660 - 	loss 6.24	space 6799992.0
lookup_table_count_sketch: bcut: 529261, # hashes 5, # buckets 657580 - 	loss 6.69	space 6799988.0
lookup_table_count_sketch: bcut: 529261, # hashes 6, # buckets 636194 - 	loss 6.61	space 6800000.0
lookup_table_count_sketch: bcut: 762773, # hashes 2, # buckets 851502 - 	loss 7.36	space 6799996.0
lookup_table_count_sketch: bcut: 762773, # hashes 3, # buckets 821926 - 	loss 7.92	space 6800000.0
lookup_table_count_sketch: bcut: 762773, # hashes 4, # buckets 807137 - 	loss 7.69	space 6799988.0
lookup_table_count_sketch: bcut: 762773, # hashes 5, # buckets 798264 - 	loss 8.43	space 6799984.0
lookup_table_count_sketch: bcut: 762773, # hashes 6, # buckets 792349 - 	loss 8.15	space 6799988.0
lookup_table_count_sketch: bcut: 762773, # hashes 2, # buckets 851502 - 	loss 7.36	space 6799996.0
lookup_table_count_sketch: bcut: 762773, # hashes 3, # buckets 821926 - 	loss 7.91	space 6800000.0
lookup_table_count_sketch: bcut: 762773, # hashes 4, # buckets 807137 - 	loss 7.73	space 6799988.0
lookup_table_count_sketch: bcut: 762773, # hashes 5, # buckets 798264 - 	loss 8.42	space 6799984.0
lookup_table_count_sketch: bcut: 762773, # hashes 6, # buckets 792349 - 	loss 8.16	space 6799988.0
lookup_table_count_sketch: bcut: 762773, # hashes 2, # buckets 851502 - 	loss 7.35	space 6799996.0
lookup_table_count_sketch: bcut: 762773, # hashes 3, # buckets 821926 - 	loss 7.90	space 6800000.0
lookup_table_count_sketch: bcut: 762773, # hashes 4, # buckets 807137 - 	loss 7.74	space 6799988.0
lookup_table_count_sketch: bcut: 762773, # hashes 5, # buckets 798264 - 	loss 8.43	space 6799984.0
lookup_table_count_sketch: bcut: 762773, # hashes 6, # buckets 792349 - 	loss 8.12	space 6799988.0
space: 7.00
lookup_table_count_sketch: bcut: 106139, # hashes 2, # buckets 875000 - 	loss 14.82	space 7000000.0
lookup_table_count_sketch: bcut: 106139, # hashes 3, # buckets 618713 - 	loss 13.36	space 7000000.0
lookup_table_count_sketch: bcut: 106139, # hashes 4, # buckets 490569 - 	loss 14.59	space 6999992.0
lookup_table_count_sketch: bcut: 106139, # hashes 5, # buckets 413683 - 	loss 15.37	space 6999992.0
lookup_table_count_sketch: bcut: 106139, # hashes 6, # buckets 362426 - 	loss 15.64	space 7000000.0
lookup_table_count_sketch: bcut: 203377, # hashes 2, # buckets 875000 - 	loss 11.11	space 7000000.0
lookup_table_count_sketch: bcut: 203377, # hashes 3, # buckets 651125 - 	loss 10.24	space 6999992.0
lookup_table_count_sketch: bcut: 203377, # hashes 4, # buckets 539188 - 	loss 10.98	space 6999992.0
lookup_table_count_sketch: bcut: 203377, # hashes 5, # buckets 472026 - 	loss 11.63	space 6999996.0
lookup_table_count_sketch: bcut: 203377, # hashes 6, # buckets 427251 - 	loss 11.75	space 6999992.0
lookup_table_count_sketch: bcut: 314948, # hashes 2, # buckets 875000 - 	loss 8.48	space 7000000.0
lookup_table_count_sketch: bcut: 314948, # hashes 3, # buckets 688316 - 	loss 7.89	space 7000000.0
lookup_table_count_sketch: bcut: 314948, # hashes 4, # buckets 594974 - 	loss 8.36	space 7000000.0
lookup_table_count_sketch: bcut: 314948, # hashes 5, # buckets 538968 - 	loss 8.87	space 6999984.0
lookup_table_count_sketch: bcut: 314948, # hashes 6, # buckets 501632 - 	loss 8.94	space 7000000.0
lookup_table_count_sketch: bcut: 401392, # hashes 2, # buckets 875001 - 	loss 7.16	space 6999996.0
lookup_table_count_sketch: bcut: 401392, # hashes 3, # buckets 717131 - 	loss 6.71	space 6999992.0
lookup_table_count_sketch: bcut: 401392, # hashes 4, # buckets 638196 - 	loss 7.04	space 6999988.0
lookup_table_count_sketch: bcut: 401392, # hashes 5, # buckets 590835 - 	loss 7.50	space 6999984.0
lookup_table_count_sketch: bcut: 401392, # hashes 6, # buckets 559261 - 	loss 7.50	space 6999980.0
lookup_table_count_sketch: bcut: 529261, # hashes 2, # buckets 875060 - 	loss 5.98	space 7000000.0
lookup_table_count_sketch: bcut: 529261, # hashes 3, # buckets 759793 - 	loss 5.74	space 6999992.0
lookup_table_count_sketch: bcut: 529261, # hashes 4, # buckets 702160 - 	loss 5.92	space 6999992.0
lookup_table_count_sketch: bcut: 529261, # hashes 5, # buckets 667580 - 	loss 6.35	space 6999988.0
lookup_table_count_sketch: bcut: 529261, # hashes 6, # buckets 644527 - 	loss 6.31	space 6999992.0
lookup_table_count_sketch: bcut: 529261, # hashes 2, # buckets 875060 - 	loss 5.97	space 7000000.0
lookup_table_count_sketch: bcut: 529261, # hashes 3, # buckets 759793 - 	loss 5.75	space 6999992.0
lookup_table_count_sketch: bcut: 529261, # hashes 4, # buckets 702160 - 	loss 5.92	space 6999992.0
lookup_table_count_sketch: bcut: 529261, # hashes 5, # buckets 667580 - 	loss 6.37	space 6999988.0
lookup_table_count_sketch: bcut: 529261, # hashes 6, # buckets 644527 - 	loss 6.31	space 6999992.0
lookup_table_count_sketch: bcut: 762773, # hashes 2, # buckets 876502 - 	loss 6.43	space 6999996.0
lookup_table_count_sketch: bcut: 762773, # hashes 3, # buckets 838592 - 	loss 6.78	space 6999992.0
lookup_table_count_sketch: bcut: 762773, # hashes 4, # buckets 819637 - 	loss 6.67	space 6999988.0
lookup_table_count_sketch: bcut: 762773, # hashes 5, # buckets 808264 - 	loss 7.25	space 6999984.0
lookup_table_count_sketch: bcut: 762773, # hashes 6, # buckets 800682 - 	loss 7.05	space 6999980.0
lookup_table_count_sketch: bcut: 762773, # hashes 2, # buckets 876502 - 	loss 6.44	space 6999996.0
lookup_table_count_sketch: bcut: 762773, # hashes 3, # buckets 838592 - 	loss 6.76	space 6999992.0
lookup_table_count_sketch: bcut: 762773, # hashes 4, # buckets 819637 - 	loss 6.65	space 6999988.0
lookup_table_count_sketch: bcut: 762773, # hashes 5, # buckets 808264 - 	loss 7.25	space 6999984.0
lookup_table_count_sketch: bcut: 762773, # hashes 6, # buckets 800682 - 	loss 7.07	space 6999980.0
lookup_table_count_sketch: bcut: 762773, # hashes 2, # buckets 876502 - 	loss 6.42	space 6999996.0
lookup_table_count_sketch: bcut: 762773, # hashes 3, # buckets 838592 - 	loss 6.78	space 6999992.0
lookup_table_count_sketch: bcut: 762773, # hashes 4, # buckets 819637 - 	loss 6.64	space 6999988.0
lookup_table_count_sketch: bcut: 762773, # hashes 5, # buckets 808264 - 	loss 7.24	space 6999984.0
lookup_table_count_sketch: bcut: 762773, # hashes 6, # buckets 800682 - 	loss 7.03	space 6999980.0
param search done -- time: 3317.95 sec
==== best parameters ====
space: 4.00, scut 4.000, bcut 314948, n_buckets 500000, n_hashes 2 - 	loss 15.48	space 4000000.0
space: 4.20, scut 4.000, bcut 314948, n_buckets 525000, n_hashes 2 - 	loss 14.52	space 4200000.0
space: 4.40, scut 3.000, bcut 401392, n_buckets 550001, n_hashes 2 - 	loss 13.44	space 4399996.0
space: 4.60, scut 3.000, bcut 401392, n_buckets 575001, n_hashes 2 - 	loss 12.41	space 4599996.0
space: 4.80, scut 3.000, bcut 401392, n_buckets 600001, n_hashes 2 - 	loss 11.57	space 4799996.0
space: 5.00, scut 3.000, bcut 401392, n_buckets 625001, n_hashes 2 - 	loss 10.85	space 4999996.0
space: 5.20, scut 3.000, bcut 401392, n_buckets 650001, n_hashes 2 - 	loss 10.27	space 5199996.0
space: 5.40, scut 2.000, bcut 529261, n_buckets 675060, n_hashes 2 - 	loss 9.61	space 5400000.0
space: 5.60, scut 2.000, bcut 529261, n_buckets 700060, n_hashes 2 - 	loss 8.81	space 5600000.0
space: 5.80, scut 2.000, bcut 529261, n_buckets 725060, n_hashes 2 - 	loss 8.20	space 5800000.0
space: 6.00, scut 2.000, bcut 529261, n_buckets 750060, n_hashes 2 - 	loss 7.66	space 6000000.0
space: 6.20, scut 2.000, bcut 529261, n_buckets 775060, n_hashes 2 - 	loss 7.25	space 6200000.0
space: 6.40, scut 2.000, bcut 529261, n_buckets 709793, n_hashes 3 - 	loss 6.85	space 6399992.0
space: 6.60, scut 2.000, bcut 529261, n_buckets 726460, n_hashes 3 - 	loss 6.44	space 6599996.0
space: 6.80, scut 2.000, bcut 529261, n_buckets 743127, n_hashes 3 - 	loss 6.06	space 6800000.0
space: 7.00, scut 2.000, bcut 529261, n_buckets 759793, n_hashes 3 - 	loss 5.74	space 6999992.0
==== test test_results ====
space: 4.00, scut 4.000, bcut 314948, n_buckets 500000, n_hashes 2 - 	loss 14.68	space 4000000.0
space: 4.20, scut 4.000, bcut 314948, n_buckets 525000, n_hashes 2 - 	loss 13.74	space 4200000.0
space: 4.40, scut 3.000, bcut 401392, n_buckets 550001, n_hashes 2 - 	loss 12.81	space 4399992.0
space: 4.60, scut 3.000, bcut 401392, n_buckets 575001, n_hashes 2 - 	loss 11.78	space 4599992.0
space: 4.80, scut 3.000, bcut 401392, n_buckets 600001, n_hashes 2 - 	loss 11.02	space 4799992.0
space: 5.00, scut 3.000, bcut 401392, n_buckets 625001, n_hashes 2 - 	loss 10.29	space 4999992.0
space: 5.20, scut 3.000, bcut 401392, n_buckets 650001, n_hashes 2 - 	loss 9.73	space 5199992.0
space: 5.40, scut 2.000, bcut 529261, n_buckets 675060, n_hashes 2 - 	loss 9.15	space 5399876.0
space: 5.60, scut 2.000, bcut 529261, n_buckets 700060, n_hashes 2 - 	loss 8.44	space 5599876.0
space: 5.80, scut 2.000, bcut 529261, n_buckets 725060, n_hashes 2 - 	loss 7.83	space 5799876.0
space: 6.00, scut 2.000, bcut 529261, n_buckets 750060, n_hashes 2 - 	loss 7.33	space 5999876.0
space: 6.20, scut 2.000, bcut 529261, n_buckets 775060, n_hashes 2 - 	loss 6.92	space 6199876.0
space: 6.40, scut 2.000, bcut 529261, n_buckets 709793, n_hashes 3 - 	loss 6.55	space 6399868.0
space: 6.60, scut 2.000, bcut 529261, n_buckets 726460, n_hashes 3 - 	loss 6.16	space 6599872.0
space: 6.80, scut 2.000, bcut 529261, n_buckets 743127, n_hashes 3 - 	loss 5.81	space 6799876.0
space: 7.00, scut 2.000, bcut 529261, n_buckets 759793, n_hashes 3 - 	loss 5.48	space 6999868.0
total time: 3639.08 sec
