cutoff_count_min.py
==== valid_results ====
space: 4.00
lookup_table_count_min: bcut: 53902, # hashes 2, # buckets 500000 - 	loss 27.59	space 4000000.0
lookup_table_count_min: bcut: 53902, # hashes 3, # buckets 351300 - 	loss 37.62	space 3999992.0
lookup_table_count_min: bcut: 53902, # hashes 4, # buckets 276951 - 	loss 47.63	space 4000000.0
lookup_table_count_min: bcut: 53902, # hashes 5, # buckets 232341 - 	loss 57.00	space 3999996.0
lookup_table_count_min: bcut: 53902, # hashes 6, # buckets 202601 - 	loss 66.42	space 3999992.0
lookup_table_count_min: bcut: 106139, # hashes 2, # buckets 500000 - 	loss 23.50	space 4000000.0
lookup_table_count_min: bcut: 106139, # hashes 3, # buckets 368713 - 	loss 31.06	space 4000000.0
lookup_table_count_min: bcut: 106139, # hashes 4, # buckets 303069 - 	loss 38.75	space 3999992.0
lookup_table_count_min: bcut: 106139, # hashes 5, # buckets 263683 - 	loss 46.11	space 3999992.0
lookup_table_count_min: bcut: 106139, # hashes 6, # buckets 237426 - 	loss 53.29	space 4000000.0
lookup_table_count_min: bcut: 164371, # hashes 2, # buckets 500000 - 	loss 20.59	space 4000000.0
lookup_table_count_min: bcut: 164371, # hashes 3, # buckets 388123 - 	loss 26.36	space 3999992.0
lookup_table_count_min: bcut: 164371, # hashes 4, # buckets 332185 - 	loss 32.05	space 3999992.0
lookup_table_count_min: bcut: 164371, # hashes 5, # buckets 298622 - 	loss 37.57	space 3999988.0
lookup_table_count_min: bcut: 164371, # hashes 6, # buckets 276247 - 	loss 43.07	space 3999992.0
lookup_table_count_min: bcut: 203377, # hashes 2, # buckets 500000 - 	loss 19.14	space 4000000.0
lookup_table_count_min: bcut: 203377, # hashes 3, # buckets 401125 - 	loss 24.11	space 3999992.0
lookup_table_count_min: bcut: 203377, # hashes 4, # buckets 351688 - 	loss 28.96	space 3999992.0
lookup_table_count_min: bcut: 203377, # hashes 5, # buckets 322026 - 	loss 33.50	space 3999996.0
lookup_table_count_min: bcut: 203377, # hashes 6, # buckets 302251 - 	loss 37.96	space 3999992.0
lookup_table_count_min: bcut: 251928, # hashes 2, # buckets 500000 - 	loss 18.02	space 4000000.0
lookup_table_count_min: bcut: 251928, # hashes 3, # buckets 417309 - 	loss 21.91	space 3999996.0
lookup_table_count_min: bcut: 251928, # hashes 4, # buckets 375964 - 	loss 25.86	space 4000000.0
lookup_table_count_min: bcut: 251928, # hashes 5, # buckets 351156 - 	loss 29.42	space 3999984.0
lookup_table_count_min: bcut: 251928, # hashes 6, # buckets 334618 - 	loss 32.73	space 3999984.0
lookup_table_count_min: bcut: 314948, # hashes 2, # buckets 500000 - 	loss 17.47	space 4000000.0
lookup_table_count_min: bcut: 314948, # hashes 3, # buckets 438316 - 	loss 20.54	space 4000000.0
lookup_table_count_min: bcut: 314948, # hashes 4, # buckets 407474 - 	loss 23.26	space 4000000.0
lookup_table_count_min: bcut: 314948, # hashes 5, # buckets 388968 - 	loss 26.02	space 3999984.0
lookup_table_count_min: bcut: 314948, # hashes 6, # buckets 376632 - 	loss 28.32	space 4000000.0
lookup_table_count_min: bcut: 401392, # hashes 2, # buckets 500001 - 	loss 20.08	space 3999996.0
lookup_table_count_min: bcut: 401392, # hashes 3, # buckets 467131 - 	loss 22.12	space 3999992.0
lookup_table_count_min: bcut: 401392, # hashes 4, # buckets 450696 - 	loss 23.98	space 3999988.0
lookup_table_count_min: bcut: 401392, # hashes 5, # buckets 440835 - 	loss 25.79	space 3999984.0
lookup_table_count_min: bcut: 401392, # hashes 6, # buckets 434261 - 	loss 27.39	space 3999980.0
lookup_table_count_min: bcut: 401392, # hashes 2, # buckets 500001 - 	loss 20.03	space 3999996.0
lookup_table_count_min: bcut: 401392, # hashes 3, # buckets 467131 - 	loss 22.11	space 3999992.0
lookup_table_count_min: bcut: 401392, # hashes 4, # buckets 450696 - 	loss 24.04	space 3999988.0
lookup_table_count_min: bcut: 401392, # hashes 5, # buckets 440835 - 	loss 25.86	space 3999984.0
lookup_table_count_min: bcut: 401392, # hashes 6, # buckets 434261 - 	loss 27.27	space 3999980.0
lookup_table_count_min: bcut: 401392, # hashes 2, # buckets 500001 - 	loss 20.01	space 3999996.0
lookup_table_count_min: bcut: 401392, # hashes 3, # buckets 467131 - 	loss 22.11	space 3999992.0
lookup_table_count_min: bcut: 401392, # hashes 4, # buckets 450696 - 	loss 24.13	space 3999988.0
lookup_table_count_min: bcut: 401392, # hashes 5, # buckets 440835 - 	loss 25.66	space 3999984.0
lookup_table_count_min: bcut: 401392, # hashes 6, # buckets 434261 - 	loss 27.42	space 3999980.0
space: 4.20
lookup_table_count_min: bcut: 53902, # hashes 2, # buckets 525000 - 	loss 26.62	space 4200000.0
lookup_table_count_min: bcut: 53902, # hashes 3, # buckets 367967 - 	loss 36.46	space 4199996.0
lookup_table_count_min: bcut: 53902, # hashes 4, # buckets 289451 - 	loss 46.47	space 4200000.0
lookup_table_count_min: bcut: 53902, # hashes 5, # buckets 242341 - 	loss 56.04	space 4199996.0
lookup_table_count_min: bcut: 53902, # hashes 6, # buckets 210934 - 	loss 65.02	space 4199984.0
lookup_table_count_min: bcut: 106139, # hashes 2, # buckets 525000 - 	loss 22.63	space 4200000.0
lookup_table_count_min: bcut: 106139, # hashes 3, # buckets 385379 - 	loss 30.24	space 4199992.0
lookup_table_count_min: bcut: 106139, # hashes 4, # buckets 315569 - 	loss 37.98	space 4199992.0
lookup_table_count_min: bcut: 106139, # hashes 5, # buckets 273683 - 	loss 45.12	space 4199992.0
lookup_table_count_min: bcut: 106139, # hashes 6, # buckets 245759 - 	loss 51.97	space 4199992.0
lookup_table_count_min: bcut: 164371, # hashes 2, # buckets 525000 - 	loss 19.64	space 4200000.0
lookup_table_count_min: bcut: 164371, # hashes 3, # buckets 404790 - 	loss 25.51	space 4199996.0
lookup_table_count_min: bcut: 164371, # hashes 4, # buckets 344685 - 	loss 31.21	space 4199992.0
lookup_table_count_min: bcut: 164371, # hashes 5, # buckets 308622 - 	loss 36.85	space 4199988.0
lookup_table_count_min: bcut: 164371, # hashes 6, # buckets 284580 - 	loss 42.10	space 4199984.0
lookup_table_count_min: bcut: 251928, # hashes 2, # buckets 525000 - 	loss 16.99	space 4200000.0
lookup_table_count_min: bcut: 251928, # hashes 3, # buckets 433976 - 	loss 21.11	space 4200000.0
lookup_table_count_min: bcut: 251928, # hashes 4, # buckets 388464 - 	loss 25.05	space 4200000.0
lookup_table_count_min: bcut: 251928, # hashes 5, # buckets 361156 - 	loss 28.59	space 4199984.0
lookup_table_count_min: bcut: 251928, # hashes 6, # buckets 342952 - 	loss 32.12	space 4200000.0
lookup_table_count_min: bcut: 314948, # hashes 2, # buckets 525000 - 	loss 16.16	space 4200000.0
lookup_table_count_min: bcut: 314948, # hashes 3, # buckets 454982 - 	loss 19.28	space 4199992.0
lookup_table_count_min: bcut: 314948, # hashes 4, # buckets 419974 - 	loss 22.38	space 4200000.0
lookup_table_count_min: bcut: 314948, # hashes 5, # buckets 398968 - 	loss 24.97	space 4199984.0
lookup_table_count_min: bcut: 314948, # hashes 6, # buckets 384965 - 	loss 27.60	space 4199992.0
lookup_table_count_min: bcut: 401392, # hashes 2, # buckets 525001 - 	loss 17.33	space 4199996.0
lookup_table_count_min: bcut: 401392, # hashes 3, # buckets 483798 - 	loss 19.47	space 4199996.0
lookup_table_count_min: bcut: 401392, # hashes 4, # buckets 463196 - 	loss 21.39	space 4199988.0
lookup_table_count_min: bcut: 401392, # hashes 5, # buckets 450835 - 	loss 23.33	space 4199984.0
lookup_table_count_min: bcut: 401392, # hashes 6, # buckets 442595 - 	loss 24.76	space 4199996.0
lookup_table_count_min: bcut: 401392, # hashes 2, # buckets 525001 - 	loss 17.34	space 4199996.0
lookup_table_count_min: bcut: 401392, # hashes 3, # buckets 483798 - 	loss 19.46	space 4199996.0
lookup_table_count_min: bcut: 401392, # hashes 4, # buckets 463196 - 	loss 21.54	space 4199988.0
lookup_table_count_min: bcut: 401392, # hashes 5, # buckets 450835 - 	loss 23.02	space 4199984.0
lookup_table_count_min: bcut: 401392, # hashes 6, # buckets 442595 - 	loss 24.59	space 4199996.0
lookup_table_count_min: bcut: 401392, # hashes 2, # buckets 525001 - 	loss 17.35	space 4199996.0
lookup_table_count_min: bcut: 401392, # hashes 3, # buckets 483798 - 	loss 19.54	space 4199996.0
lookup_table_count_min: bcut: 401392, # hashes 4, # buckets 463196 - 	loss 21.68	space 4199988.0
lookup_table_count_min: bcut: 401392, # hashes 5, # buckets 450835 - 	loss 23.37	space 4199984.0
lookup_table_count_min: bcut: 401392, # hashes 6, # buckets 442595 - 	loss 24.57	space 4199996.0
lookup_table_count_min: bcut: 401392, # hashes 2, # buckets 525001 - 	loss 17.38	space 4199996.0
lookup_table_count_min: bcut: 401392, # hashes 3, # buckets 483798 - 	loss 19.56	space 4199996.0
lookup_table_count_min: bcut: 401392, # hashes 4, # buckets 463196 - 	loss 21.39	space 4199988.0
lookup_table_count_min: bcut: 401392, # hashes 5, # buckets 450835 - 	loss 23.33	space 4199984.0
lookup_table_count_min: bcut: 401392, # hashes 6, # buckets 442595 - 	loss 24.76	space 4199996.0
space: 4.40
lookup_table_count_min: bcut: 68029, # hashes 2, # buckets 550000 - 	loss 24.50	space 4400000.0
lookup_table_count_min: bcut: 68029, # hashes 3, # buckets 389343 - 	loss 33.62	space 4400000.0
lookup_table_count_min: bcut: 68029, # hashes 4, # buckets 309014 - 	loss 42.89	space 4399992.0
lookup_table_count_min: bcut: 68029, # hashes 5, # buckets 260817 - 	loss 51.63	space 4399992.0
lookup_table_count_min: bcut: 68029, # hashes 6, # buckets 228686 - 	loss 59.97	space 4400000.0
lookup_table_count_min: bcut: 132610, # hashes 2, # buckets 550000 - 	loss 20.28	space 4400000.0
lookup_table_count_min: bcut: 132610, # hashes 3, # buckets 410870 - 	loss 26.98	space 4400000.0
lookup_table_count_min: bcut: 132610, # hashes 4, # buckets 341305 - 	loss 33.68	space 4400000.0
lookup_table_count_min: bcut: 132610, # hashes 5, # buckets 299566 - 	loss 40.14	space 4400000.0
lookup_table_count_min: bcut: 132610, # hashes 6, # buckets 271740 - 	loss 45.98	space 4400000.0
lookup_table_count_min: bcut: 203377, # hashes 2, # buckets 550000 - 	loss 17.46	space 4400000.0
lookup_table_count_min: bcut: 203377, # hashes 3, # buckets 434459 - 	loss 22.44	space 4400000.0
lookup_table_count_min: bcut: 203377, # hashes 4, # buckets 376688 - 	loss 27.38	space 4399992.0
lookup_table_count_min: bcut: 203377, # hashes 5, # buckets 342026 - 	loss 32.14	space 4399996.0
lookup_table_count_min: bcut: 203377, # hashes 6, # buckets 318918 - 	loss 36.25	space 4400000.0
lookup_table_count_min: bcut: 251928, # hashes 2, # buckets 550000 - 	loss 16.10	space 4400000.0
lookup_table_count_min: bcut: 251928, # hashes 3, # buckets 450642 - 	loss 20.18	space 4399992.0
lookup_table_count_min: bcut: 251928, # hashes 4, # buckets 400964 - 	loss 24.26	space 4400000.0
lookup_table_count_min: bcut: 251928, # hashes 5, # buckets 371156 - 	loss 27.94	space 4399984.0
lookup_table_count_min: bcut: 251928, # hashes 6, # buckets 351285 - 	loss 31.52	space 4399992.0
lookup_table_count_min: bcut: 314948, # hashes 2, # buckets 550000 - 	loss 15.13	space 4400000.0
lookup_table_count_min: bcut: 314948, # hashes 3, # buckets 471649 - 	loss 18.33	space 4399996.0
lookup_table_count_min: bcut: 314948, # hashes 4, # buckets 432474 - 	loss 21.42	space 4400000.0
lookup_table_count_min: bcut: 314948, # hashes 5, # buckets 408968 - 	loss 24.33	space 4399984.0
lookup_table_count_min: bcut: 314948, # hashes 6, # buckets 393298 - 	loss 27.01	space 4399984.0
lookup_table_count_min: bcut: 401392, # hashes 2, # buckets 550001 - 	loss 15.46	space 4399996.0
lookup_table_count_min: bcut: 401392, # hashes 3, # buckets 500465 - 	loss 17.87	space 4400000.0
lookup_table_count_min: bcut: 401392, # hashes 4, # buckets 475696 - 	loss 19.92	space 4399988.0
lookup_table_count_min: bcut: 401392, # hashes 5, # buckets 460835 - 	loss 21.57	space 4399984.0
lookup_table_count_min: bcut: 401392, # hashes 6, # buckets 450928 - 	loss 23.32	space 4399988.0
lookup_table_count_min: bcut: 401392, # hashes 2, # buckets 550001 - 	loss 15.49	space 4399996.0
lookup_table_count_min: bcut: 401392, # hashes 3, # buckets 500465 - 	loss 17.76	space 4400000.0
lookup_table_count_min: bcut: 401392, # hashes 4, # buckets 475696 - 	loss 19.93	space 4399988.0
lookup_table_count_min: bcut: 401392, # hashes 5, # buckets 460835 - 	loss 21.71	space 4399984.0
lookup_table_count_min: bcut: 401392, # hashes 6, # buckets 450928 - 	loss 23.25	space 4399988.0
lookup_table_count_min: bcut: 529261, # hashes 2, # buckets 550060 - 	loss 53.42	space 4400000.0
lookup_table_count_min: bcut: 529261, # hashes 3, # buckets 543127 - 	loss 67.67	space 4400000.0
lookup_table_count_min: bcut: 529261, # hashes 4, # buckets 539660 - 	loss 84.81	space 4399992.0
lookup_table_count_min: bcut: 529261, # hashes 5, # buckets 537580 - 	loss 103.84	space 4399988.0
lookup_table_count_min: bcut: 529261, # hashes 6, # buckets 536194 - 	loss 125.74	space 4400000.0
lookup_table_count_min: bcut: 529261, # hashes 2, # buckets 550060 - 	loss 53.48	space 4400000.0
lookup_table_count_min: bcut: 529261, # hashes 3, # buckets 543127 - 	loss 67.65	space 4400000.0
lookup_table_count_min: bcut: 529261, # hashes 4, # buckets 539660 - 	loss 84.66	space 4399992.0
lookup_table_count_min: bcut: 529261, # hashes 5, # buckets 537580 - 	loss 104.19	space 4399988.0
lookup_table_count_min: bcut: 529261, # hashes 6, # buckets 536194 - 	loss 125.71	space 4400000.0
space: 4.60
lookup_table_count_min: bcut: 68029, # hashes 2, # buckets 575000 - 	loss 23.81	space 4600000.0
lookup_table_count_min: bcut: 68029, # hashes 3, # buckets 406009 - 	loss 32.87	space 4599992.0
lookup_table_count_min: bcut: 68029, # hashes 4, # buckets 321514 - 	loss 41.84	space 4599992.0
lookup_table_count_min: bcut: 68029, # hashes 5, # buckets 270817 - 	loss 50.67	space 4599992.0
lookup_table_count_min: bcut: 68029, # hashes 6, # buckets 237019 - 	loss 59.04	space 4599992.0
lookup_table_count_min: bcut: 132610, # hashes 2, # buckets 575000 - 	loss 19.59	space 4600000.0
lookup_table_count_min: bcut: 132610, # hashes 3, # buckets 427536 - 	loss 26.24	space 4599992.0
lookup_table_count_min: bcut: 132610, # hashes 4, # buckets 353805 - 	loss 32.90	space 4600000.0
lookup_table_count_min: bcut: 132610, # hashes 5, # buckets 309566 - 	loss 39.26	space 4600000.0
lookup_table_count_min: bcut: 132610, # hashes 6, # buckets 280073 - 	loss 45.47	space 4599992.0
lookup_table_count_min: bcut: 203377, # hashes 2, # buckets 575000 - 	loss 16.73	space 4600000.0
lookup_table_count_min: bcut: 203377, # hashes 3, # buckets 451125 - 	loss 21.73	space 4599992.0
lookup_table_count_min: bcut: 203377, # hashes 4, # buckets 389188 - 	loss 26.74	space 4599992.0
lookup_table_count_min: bcut: 203377, # hashes 5, # buckets 352026 - 	loss 31.44	space 4599996.0
lookup_table_count_min: bcut: 203377, # hashes 6, # buckets 327251 - 	loss 35.82	space 4599992.0
lookup_table_count_min: bcut: 251928, # hashes 2, # buckets 575000 - 	loss 15.36	space 4600000.0
lookup_table_count_min: bcut: 251928, # hashes 3, # buckets 467309 - 	loss 19.52	space 4599996.0
lookup_table_count_min: bcut: 251928, # hashes 4, # buckets 413464 - 	loss 23.45	space 4600000.0
lookup_table_count_min: bcut: 251928, # hashes 5, # buckets 381156 - 	loss 27.34	space 4599984.0
lookup_table_count_min: bcut: 251928, # hashes 6, # buckets 359618 - 	loss 30.85	space 4599984.0
lookup_table_count_min: bcut: 314948, # hashes 2, # buckets 575000 - 	loss 14.27	space 4600000.0
lookup_table_count_min: bcut: 314948, # hashes 3, # buckets 488316 - 	loss 17.54	space 4600000.0
lookup_table_count_min: bcut: 314948, # hashes 4, # buckets 444974 - 	loss 20.66	space 4600000.0
lookup_table_count_min: bcut: 314948, # hashes 5, # buckets 418968 - 	loss 23.68	space 4599984.0
lookup_table_count_min: bcut: 314948, # hashes 6, # buckets 401632 - 	loss 26.27	space 4600000.0
lookup_table_count_min: bcut: 401392, # hashes 2, # buckets 575001 - 	loss 14.08	space 4599996.0
lookup_table_count_min: bcut: 401392, # hashes 3, # buckets 517131 - 	loss 16.43	space 4599992.0
lookup_table_count_min: bcut: 401392, # hashes 4, # buckets 488196 - 	loss 18.71	space 4599988.0
lookup_table_count_min: bcut: 401392, # hashes 5, # buckets 470835 - 	loss 20.61	space 4599984.0
lookup_table_count_min: bcut: 401392, # hashes 6, # buckets 459261 - 	loss 22.29	space 4599980.0
lookup_table_count_min: bcut: 529261, # hashes 2, # buckets 575060 - 	loss 25.04	space 4600000.0
lookup_table_count_min: bcut: 529261, # hashes 3, # buckets 559793 - 	loss 28.18	space 4599992.0
lookup_table_count_min: bcut: 529261, # hashes 4, # buckets 552160 - 	loss 31.70	space 4599992.0
lookup_table_count_min: bcut: 529261, # hashes 5, # buckets 547580 - 	loss 35.44	space 4599988.0
lookup_table_count_min: bcut: 529261, # hashes 6, # buckets 544527 - 	loss 39.91	space 4599992.0
lookup_table_count_min: bcut: 529261, # hashes 2, # buckets 575060 - 	loss 25.04	space 4600000.0
lookup_table_count_min: bcut: 529261, # hashes 3, # buckets 559793 - 	loss 28.19	space 4599992.0
lookup_table_count_min: bcut: 529261, # hashes 4, # buckets 552160 - 	loss 31.70	space 4599992.0
lookup_table_count_min: bcut: 529261, # hashes 5, # buckets 547580 - 	loss 35.75	space 4599988.0
lookup_table_count_min: bcut: 529261, # hashes 6, # buckets 544527 - 	loss 39.93	space 4599992.0
lookup_table_count_min: bcut: 529261, # hashes 2, # buckets 575060 - 	loss 25.11	space 4600000.0
lookup_table_count_min: bcut: 529261, # hashes 3, # buckets 559793 - 	loss 28.21	space 4599992.0
lookup_table_count_min: bcut: 529261, # hashes 4, # buckets 552160 - 	loss 31.76	space 4599992.0
lookup_table_count_min: bcut: 529261, # hashes 5, # buckets 547580 - 	loss 35.67	space 4599988.0
lookup_table_count_min: bcut: 529261, # hashes 6, # buckets 544527 - 	loss 40.09	space 4599992.0
space: 4.80
lookup_table_count_min: bcut: 68029, # hashes 2, # buckets 600000 - 	loss 23.04	space 4800000.0
lookup_table_count_min: bcut: 68029, # hashes 3, # buckets 422676 - 	loss 32.03	space 4799996.0
lookup_table_count_min: bcut: 68029, # hashes 4, # buckets 334014 - 	loss 41.13	space 4799992.0
lookup_table_count_min: bcut: 68029, # hashes 5, # buckets 280817 - 	loss 49.68	space 4799992.0
lookup_table_count_min: bcut: 68029, # hashes 6, # buckets 245352 - 	loss 57.77	space 4799984.0
lookup_table_count_min: bcut: 132610, # hashes 2, # buckets 600000 - 	loss 18.94	space 4800000.0
lookup_table_count_min: bcut: 132610, # hashes 3, # buckets 444203 - 	loss 25.56	space 4799996.0
lookup_table_count_min: bcut: 132610, # hashes 4, # buckets 366305 - 	loss 32.22	space 4800000.0
lookup_table_count_min: bcut: 132610, # hashes 5, # buckets 319566 - 	loss 38.55	space 4800000.0
lookup_table_count_min: bcut: 132610, # hashes 6, # buckets 288406 - 	loss 44.45	space 4799984.0
lookup_table_count_min: bcut: 203377, # hashes 2, # buckets 600000 - 	loss 16.02	space 4800000.0
lookup_table_count_min: bcut: 203377, # hashes 3, # buckets 467792 - 	loss 21.10	space 4799996.0
lookup_table_count_min: bcut: 203377, # hashes 4, # buckets 401688 - 	loss 25.97	space 4799992.0
lookup_table_count_min: bcut: 203377, # hashes 5, # buckets 362026 - 	loss 30.89	space 4799996.0
lookup_table_count_min: bcut: 203377, # hashes 6, # buckets 335584 - 	loss 35.23	space 4799984.0
lookup_table_count_min: bcut: 251928, # hashes 2, # buckets 600000 - 	loss 14.62	space 4800000.0
lookup_table_count_min: bcut: 251928, # hashes 3, # buckets 483976 - 	loss 18.87	space 4800000.0
lookup_table_count_min: bcut: 251928, # hashes 4, # buckets 425964 - 	loss 22.88	space 4800000.0
lookup_table_count_min: bcut: 251928, # hashes 5, # buckets 391156 - 	loss 26.80	space 4799984.0
lookup_table_count_min: bcut: 251928, # hashes 6, # buckets 367952 - 	loss 30.43	space 4800000.0
lookup_table_count_min: bcut: 314948, # hashes 2, # buckets 600000 - 	loss 13.44	space 4800000.0
lookup_table_count_min: bcut: 314948, # hashes 3, # buckets 504982 - 	loss 16.80	space 4799992.0
lookup_table_count_min: bcut: 314948, # hashes 4, # buckets 457474 - 	loss 20.01	space 4800000.0
lookup_table_count_min: bcut: 314948, # hashes 5, # buckets 428968 - 	loss 23.08	space 4799984.0
lookup_table_count_min: bcut: 314948, # hashes 6, # buckets 409965 - 	loss 25.91	space 4799992.0
lookup_table_count_min: bcut: 401392, # hashes 2, # buckets 600001 - 	loss 12.93	space 4799996.0
lookup_table_count_min: bcut: 401392, # hashes 3, # buckets 533798 - 	loss 15.44	space 4799996.0
lookup_table_count_min: bcut: 401392, # hashes 4, # buckets 500696 - 	loss 17.67	space 4799988.0
lookup_table_count_min: bcut: 401392, # hashes 5, # buckets 480835 - 	loss 19.81	space 4799984.0
lookup_table_count_min: bcut: 401392, # hashes 6, # buckets 467595 - 	loss 21.76	space 4799996.0
lookup_table_count_min: bcut: 529261, # hashes 2, # buckets 600060 - 	loss 17.93	space 4800000.0
lookup_table_count_min: bcut: 529261, # hashes 3, # buckets 576460 - 	loss 19.75	space 4799996.0
lookup_table_count_min: bcut: 529261, # hashes 4, # buckets 564660 - 	loss 21.49	space 4799992.0
lookup_table_count_min: bcut: 529261, # hashes 5, # buckets 557580 - 	loss 23.28	space 4799988.0
lookup_table_count_min: bcut: 529261, # hashes 6, # buckets 552860 - 	loss 24.89	space 4799984.0
lookup_table_count_min: bcut: 529261, # hashes 2, # buckets 600060 - 	loss 17.97	space 4800000.0
lookup_table_count_min: bcut: 529261, # hashes 3, # buckets 576460 - 	loss 19.71	space 4799996.0
lookup_table_count_min: bcut: 529261, # hashes 4, # buckets 564660 - 	loss 21.46	space 4799992.0
lookup_table_count_min: bcut: 529261, # hashes 5, # buckets 557580 - 	loss 23.11	space 4799988.0
lookup_table_count_min: bcut: 529261, # hashes 6, # buckets 552860 - 	loss 24.93	space 4799984.0
lookup_table_count_min: bcut: 529261, # hashes 2, # buckets 600060 - 	loss 18.00	space 4800000.0
lookup_table_count_min: bcut: 529261, # hashes 3, # buckets 576460 - 	loss 19.76	space 4799996.0
lookup_table_count_min: bcut: 529261, # hashes 4, # buckets 564660 - 	loss 21.50	space 4799992.0
lookup_table_count_min: bcut: 529261, # hashes 5, # buckets 557580 - 	loss 23.26	space 4799988.0
lookup_table_count_min: bcut: 529261, # hashes 6, # buckets 552860 - 	loss 24.98	space 4799984.0
space: 5.00
lookup_table_count_min: bcut: 68029, # hashes 2, # buckets 625000 - 	loss 22.30	space 5000000.0
lookup_table_count_min: bcut: 68029, # hashes 3, # buckets 439343 - 	loss 31.27	space 5000000.0
lookup_table_count_min: bcut: 68029, # hashes 4, # buckets 346514 - 	loss 40.40	space 4999992.0
lookup_table_count_min: bcut: 68029, # hashes 5, # buckets 290817 - 	loss 48.89	space 4999992.0
lookup_table_count_min: bcut: 68029, # hashes 6, # buckets 253686 - 	loss 57.20	space 5000000.0
lookup_table_count_min: bcut: 132610, # hashes 2, # buckets 625000 - 	loss 18.29	space 5000000.0
lookup_table_count_min: bcut: 132610, # hashes 3, # buckets 460870 - 	loss 24.95	space 5000000.0
lookup_table_count_min: bcut: 132610, # hashes 4, # buckets 378805 - 	loss 31.45	space 5000000.0
lookup_table_count_min: bcut: 132610, # hashes 5, # buckets 329566 - 	loss 37.92	space 5000000.0
lookup_table_count_min: bcut: 132610, # hashes 6, # buckets 296740 - 	loss 43.73	space 5000000.0
lookup_table_count_min: bcut: 203377, # hashes 2, # buckets 625000 - 	loss 15.43	space 5000000.0
lookup_table_count_min: bcut: 203377, # hashes 3, # buckets 484459 - 	loss 20.46	space 5000000.0
lookup_table_count_min: bcut: 203377, # hashes 4, # buckets 414188 - 	loss 25.38	space 4999992.0
lookup_table_count_min: bcut: 203377, # hashes 5, # buckets 372026 - 	loss 30.16	space 4999996.0
lookup_table_count_min: bcut: 203377, # hashes 6, # buckets 343918 - 	loss 34.71	space 5000000.0
lookup_table_count_min: bcut: 251928, # hashes 2, # buckets 625000 - 	loss 14.02	space 5000000.0
lookup_table_count_min: bcut: 251928, # hashes 3, # buckets 500642 - 	loss 18.14	space 4999992.0
lookup_table_count_min: bcut: 251928, # hashes 4, # buckets 438464 - 	loss 22.28	space 5000000.0
lookup_table_count_min: bcut: 251928, # hashes 5, # buckets 401156 - 	loss 26.07	space 4999984.0
lookup_table_count_min: bcut: 251928, # hashes 6, # buckets 376285 - 	loss 29.69	space 4999992.0
lookup_table_count_min: bcut: 314948, # hashes 2, # buckets 625000 - 	loss 12.77	space 5000000.0
lookup_table_count_min: bcut: 314948, # hashes 3, # buckets 521649 - 	loss 16.17	space 4999996.0
lookup_table_count_min: bcut: 314948, # hashes 4, # buckets 469974 - 	loss 19.41	space 5000000.0
lookup_table_count_min: bcut: 314948, # hashes 5, # buckets 438968 - 	loss 22.44	space 4999984.0
lookup_table_count_min: bcut: 314948, # hashes 6, # buckets 418298 - 	loss 25.37	space 4999984.0
lookup_table_count_min: bcut: 401392, # hashes 2, # buckets 625001 - 	loss 11.99	space 4999996.0
lookup_table_count_min: bcut: 401392, # hashes 3, # buckets 550465 - 	loss 14.55	space 5000000.0
lookup_table_count_min: bcut: 401392, # hashes 4, # buckets 513196 - 	loss 16.95	space 4999988.0
lookup_table_count_min: bcut: 401392, # hashes 5, # buckets 490835 - 	loss 19.06	space 4999984.0
lookup_table_count_min: bcut: 401392, # hashes 6, # buckets 475928 - 	loss 21.01	space 4999988.0
lookup_table_count_min: bcut: 529261, # hashes 2, # buckets 625060 - 	loss 14.59	space 5000000.0
lookup_table_count_min: bcut: 529261, # hashes 3, # buckets 593127 - 	loss 16.32	space 5000000.0
lookup_table_count_min: bcut: 529261, # hashes 4, # buckets 577160 - 	loss 17.60	space 4999992.0
lookup_table_count_min: bcut: 529261, # hashes 5, # buckets 567580 - 	loss 19.00	space 4999988.0
lookup_table_count_min: bcut: 529261, # hashes 6, # buckets 561194 - 	loss 20.02	space 5000000.0
lookup_table_count_min: bcut: 529261, # hashes 2, # buckets 625060 - 	loss 14.57	space 5000000.0
lookup_table_count_min: bcut: 529261, # hashes 3, # buckets 593127 - 	loss 16.29	space 5000000.0
lookup_table_count_min: bcut: 529261, # hashes 4, # buckets 577160 - 	loss 17.64	space 4999992.0
lookup_table_count_min: bcut: 529261, # hashes 5, # buckets 567580 - 	loss 18.83	space 4999988.0
lookup_table_count_min: bcut: 529261, # hashes 6, # buckets 561194 - 	loss 19.91	space 5000000.0
lookup_table_count_min: bcut: 529261, # hashes 2, # buckets 625060 - 	loss 14.59	space 5000000.0
lookup_table_count_min: bcut: 529261, # hashes 3, # buckets 593127 - 	loss 16.20	space 5000000.0
lookup_table_count_min: bcut: 529261, # hashes 4, # buckets 577160 - 	loss 17.62	space 4999992.0
lookup_table_count_min: bcut: 529261, # hashes 5, # buckets 567580 - 	loss 19.00	space 4999988.0
lookup_table_count_min: bcut: 529261, # hashes 6, # buckets 561194 - 	loss 20.13	space 5000000.0
space: 5.20
lookup_table_count_min: bcut: 68029, # hashes 2, # buckets 650000 - 	loss 21.68	space 5200000.0
lookup_table_count_min: bcut: 68029, # hashes 3, # buckets 456009 - 	loss 30.61	space 5199992.0
lookup_table_count_min: bcut: 68029, # hashes 4, # buckets 359014 - 	loss 39.52	space 5199992.0
lookup_table_count_min: bcut: 68029, # hashes 5, # buckets 300817 - 	loss 48.08	space 5199992.0
lookup_table_count_min: bcut: 68029, # hashes 6, # buckets 262019 - 	loss 56.19	space 5199992.0
lookup_table_count_min: bcut: 132610, # hashes 2, # buckets 650000 - 	loss 17.69	space 5200000.0
lookup_table_count_min: bcut: 132610, # hashes 3, # buckets 477536 - 	loss 24.39	space 5199992.0
lookup_table_count_min: bcut: 132610, # hashes 4, # buckets 391305 - 	loss 30.98	space 5200000.0
lookup_table_count_min: bcut: 132610, # hashes 5, # buckets 339566 - 	loss 37.24	space 5200000.0
lookup_table_count_min: bcut: 132610, # hashes 6, # buckets 305073 - 	loss 43.23	space 5199992.0
lookup_table_count_min: bcut: 203377, # hashes 2, # buckets 650000 - 	loss 14.85	space 5200000.0
lookup_table_count_min: bcut: 203377, # hashes 3, # buckets 501125 - 	loss 19.86	space 5199992.0
lookup_table_count_min: bcut: 203377, # hashes 4, # buckets 426688 - 	loss 24.91	space 5199992.0
lookup_table_count_min: bcut: 203377, # hashes 5, # buckets 382026 - 	loss 29.60	space 5199996.0
lookup_table_count_min: bcut: 203377, # hashes 6, # buckets 352251 - 	loss 33.88	space 5199992.0
lookup_table_count_min: bcut: 314948, # hashes 2, # buckets 650000 - 	loss 12.12	space 5200000.0
lookup_table_count_min: bcut: 314948, # hashes 3, # buckets 538316 - 	loss 15.44	space 5200000.0
lookup_table_count_min: bcut: 314948, # hashes 4, # buckets 482474 - 	loss 18.85	space 5200000.0
lookup_table_count_min: bcut: 314948, # hashes 5, # buckets 448968 - 	loss 21.91	space 5199984.0
lookup_table_count_min: bcut: 314948, # hashes 6, # buckets 426632 - 	loss 24.67	space 5200000.0
lookup_table_count_min: bcut: 401392, # hashes 2, # buckets 650001 - 	loss 11.26	space 5199996.0
lookup_table_count_min: bcut: 401392, # hashes 3, # buckets 567131 - 	loss 13.86	space 5199992.0
lookup_table_count_min: bcut: 401392, # hashes 4, # buckets 525696 - 	loss 16.24	space 5199988.0
lookup_table_count_min: bcut: 401392, # hashes 5, # buckets 500835 - 	loss 18.54	space 5199984.0
lookup_table_count_min: bcut: 401392, # hashes 6, # buckets 484261 - 	loss 20.54	space 5199980.0
lookup_table_count_min: bcut: 401392, # hashes 2, # buckets 650001 - 	loss 11.26	space 5199996.0
lookup_table_count_min: bcut: 401392, # hashes 3, # buckets 567131 - 	loss 13.79	space 5199992.0
lookup_table_count_min: bcut: 401392, # hashes 4, # buckets 525696 - 	loss 16.31	space 5199988.0
lookup_table_count_min: bcut: 401392, # hashes 5, # buckets 500835 - 	loss 18.53	space 5199984.0
lookup_table_count_min: bcut: 401392, # hashes 6, # buckets 484261 - 	loss 20.58	space 5199980.0
lookup_table_count_min: bcut: 529261, # hashes 2, # buckets 650060 - 	loss 12.57	space 5200000.0
lookup_table_count_min: bcut: 529261, # hashes 3, # buckets 609793 - 	loss 14.24	space 5199992.0
lookup_table_count_min: bcut: 529261, # hashes 4, # buckets 589660 - 	loss 15.70	space 5199992.0
lookup_table_count_min: bcut: 529261, # hashes 5, # buckets 577580 - 	loss 16.99	space 5199988.0
lookup_table_count_min: bcut: 529261, # hashes 6, # buckets 569527 - 	loss 18.10	space 5199992.0
lookup_table_count_min: bcut: 529261, # hashes 2, # buckets 650060 - 	loss 12.51	space 5200000.0
lookup_table_count_min: bcut: 529261, # hashes 3, # buckets 609793 - 	loss 14.22	space 5199992.0
lookup_table_count_min: bcut: 529261, # hashes 4, # buckets 589660 - 	loss 15.59	space 5199992.0
lookup_table_count_min: bcut: 529261, # hashes 5, # buckets 577580 - 	loss 16.98	space 5199988.0
lookup_table_count_min: bcut: 529261, # hashes 6, # buckets 569527 - 	loss 18.01	space 5199992.0
lookup_table_count_min: bcut: 529261, # hashes 2, # buckets 650060 - 	loss 12.50	space 5200000.0
lookup_table_count_min: bcut: 529261, # hashes 3, # buckets 609793 - 	loss 14.20	space 5199992.0
lookup_table_count_min: bcut: 529261, # hashes 4, # buckets 589660 - 	loss 15.68	space 5199992.0
lookup_table_count_min: bcut: 529261, # hashes 5, # buckets 577580 - 	loss 16.95	space 5199988.0
lookup_table_count_min: bcut: 529261, # hashes 6, # buckets 569527 - 	loss 18.12	space 5199992.0
space: 5.40
lookup_table_count_min: bcut: 68029, # hashes 2, # buckets 675000 - 	loss 21.06	space 5400000.0
lookup_table_count_min: bcut: 68029, # hashes 3, # buckets 472676 - 	loss 30.05	space 5399996.0
lookup_table_count_min: bcut: 68029, # hashes 4, # buckets 371514 - 	loss 38.85	space 5399992.0
lookup_table_count_min: bcut: 68029, # hashes 5, # buckets 310817 - 	loss 47.41	space 5399992.0
lookup_table_count_min: bcut: 68029, # hashes 6, # buckets 270352 - 	loss 55.47	space 5399984.0
lookup_table_count_min: bcut: 164371, # hashes 2, # buckets 675000 - 	loss 15.75	space 5400000.0
lookup_table_count_min: bcut: 164371, # hashes 3, # buckets 504790 - 	loss 21.58	space 5399996.0
lookup_table_count_min: bcut: 164371, # hashes 4, # buckets 419685 - 	loss 27.41	space 5399992.0
lookup_table_count_min: bcut: 164371, # hashes 5, # buckets 368622 - 	loss 32.90	space 5399988.0
lookup_table_count_min: bcut: 164371, # hashes 6, # buckets 334580 - 	loss 38.01	space 5399984.0
lookup_table_count_min: bcut: 203377, # hashes 2, # buckets 675000 - 	loss 14.33	space 5400000.0
lookup_table_count_min: bcut: 203377, # hashes 3, # buckets 517792 - 	loss 19.31	space 5399996.0
lookup_table_count_min: bcut: 203377, # hashes 4, # buckets 439188 - 	loss 24.30	space 5399992.0
lookup_table_count_min: bcut: 203377, # hashes 5, # buckets 392026 - 	loss 29.12	space 5399996.0
lookup_table_count_min: bcut: 203377, # hashes 6, # buckets 360584 - 	loss 33.42	space 5399984.0
lookup_table_count_min: bcut: 314948, # hashes 2, # buckets 675000 - 	loss 11.56	space 5400000.0
lookup_table_count_min: bcut: 314948, # hashes 3, # buckets 554982 - 	loss 15.02	space 5399992.0
lookup_table_count_min: bcut: 314948, # hashes 4, # buckets 494974 - 	loss 18.34	space 5400000.0
lookup_table_count_min: bcut: 314948, # hashes 5, # buckets 458968 - 	loss 21.53	space 5399984.0
lookup_table_count_min: bcut: 314948, # hashes 6, # buckets 434965 - 	loss 24.38	space 5399992.0
lookup_table_count_min: bcut: 401392, # hashes 2, # buckets 675001 - 	loss 10.57	space 5399996.0
lookup_table_count_min: bcut: 401392, # hashes 3, # buckets 583798 - 	loss 13.18	space 5399996.0
lookup_table_count_min: bcut: 401392, # hashes 4, # buckets 538196 - 	loss 15.71	space 5399988.0
lookup_table_count_min: bcut: 401392, # hashes 5, # buckets 510835 - 	loss 18.12	space 5399984.0
lookup_table_count_min: bcut: 401392, # hashes 6, # buckets 492595 - 	loss 20.17	space 5399996.0
lookup_table_count_min: bcut: 529261, # hashes 2, # buckets 675060 - 	loss 11.08	space 5400000.0
lookup_table_count_min: bcut: 529261, # hashes 3, # buckets 626460 - 	loss 12.84	space 5399996.0
lookup_table_count_min: bcut: 529261, # hashes 4, # buckets 602160 - 	loss 14.38	space 5399992.0
lookup_table_count_min: bcut: 529261, # hashes 5, # buckets 587580 - 	loss 15.75	space 5399988.0
lookup_table_count_min: bcut: 529261, # hashes 6, # buckets 577860 - 	loss 16.83	space 5399984.0
lookup_table_count_min: bcut: 529261, # hashes 2, # buckets 675060 - 	loss 11.07	space 5400000.0
lookup_table_count_min: bcut: 529261, # hashes 3, # buckets 626460 - 	loss 12.83	space 5399996.0
lookup_table_count_min: bcut: 529261, # hashes 4, # buckets 602160 - 	loss 14.43	space 5399992.0
lookup_table_count_min: bcut: 529261, # hashes 5, # buckets 587580 - 	loss 15.73	space 5399988.0
lookup_table_count_min: bcut: 529261, # hashes 6, # buckets 577860 - 	loss 16.98	space 5399984.0
lookup_table_count_min: bcut: 529261, # hashes 2, # buckets 675060 - 	loss 11.07	space 5400000.0
lookup_table_count_min: bcut: 529261, # hashes 3, # buckets 626460 - 	loss 12.88	space 5399996.0
lookup_table_count_min: bcut: 529261, # hashes 4, # buckets 602160 - 	loss 14.42	space 5399992.0
lookup_table_count_min: bcut: 529261, # hashes 5, # buckets 587580 - 	loss 15.82	space 5399988.0
lookup_table_count_min: bcut: 529261, # hashes 6, # buckets 577860 - 	loss 16.97	space 5399984.0
lookup_table_count_min: bcut: 529261, # hashes 2, # buckets 675060 - 	loss 11.08	space 5400000.0
lookup_table_count_min: bcut: 529261, # hashes 3, # buckets 626460 - 	loss 12.89	space 5399996.0
lookup_table_count_min: bcut: 529261, # hashes 4, # buckets 602160 - 	loss 14.30	space 5399992.0
lookup_table_count_min: bcut: 529261, # hashes 5, # buckets 587580 - 	loss 15.77	space 5399988.0
lookup_table_count_min: bcut: 529261, # hashes 6, # buckets 577860 - 	loss 16.88	space 5399984.0
space: 5.60
lookup_table_count_min: bcut: 85378, # hashes 2, # buckets 700000 - 	loss 19.24	space 5600000.0
lookup_table_count_min: bcut: 85378, # hashes 3, # buckets 495126 - 	loss 27.53	space 5600000.0
lookup_table_count_min: bcut: 85378, # hashes 4, # buckets 392689 - 	loss 35.76	space 5600000.0
lookup_table_count_min: bcut: 85378, # hashes 5, # buckets 331226 - 	loss 43.49	space 5599984.0
lookup_table_count_min: bcut: 85378, # hashes 6, # buckets 290252 - 	loss 50.82	space 5600000.0
lookup_table_count_min: bcut: 164371, # hashes 2, # buckets 700000 - 	loss 15.22	space 5600000.0
lookup_table_count_min: bcut: 164371, # hashes 3, # buckets 521457 - 	loss 20.99	space 5600000.0
lookup_table_count_min: bcut: 164371, # hashes 4, # buckets 432185 - 	loss 26.79	space 5599992.0
lookup_table_count_min: bcut: 164371, # hashes 5, # buckets 378622 - 	loss 32.32	space 5599988.0
lookup_table_count_min: bcut: 164371, # hashes 6, # buckets 342914 - 	loss 37.41	space 5600000.0
lookup_table_count_min: bcut: 251928, # hashes 2, # buckets 700000 - 	loss 12.44	space 5600000.0
lookup_table_count_min: bcut: 251928, # hashes 3, # buckets 550642 - 	loss 16.61	space 5599992.0
lookup_table_count_min: bcut: 251928, # hashes 4, # buckets 475964 - 	loss 20.79	space 5600000.0
lookup_table_count_min: bcut: 251928, # hashes 5, # buckets 431156 - 	loss 24.65	space 5599984.0
lookup_table_count_min: bcut: 251928, # hashes 6, # buckets 401285 - 	loss 28.22	space 5599992.0
lookup_table_count_min: bcut: 314948, # hashes 2, # buckets 700000 - 	loss 11.10	space 5600000.0
lookup_table_count_min: bcut: 314948, # hashes 3, # buckets 571649 - 	loss 14.47	space 5599996.0
lookup_table_count_min: bcut: 314948, # hashes 4, # buckets 507474 - 	loss 17.90	space 5600000.0
lookup_table_count_min: bcut: 314948, # hashes 5, # buckets 468968 - 	loss 21.08	space 5599984.0
lookup_table_count_min: bcut: 314948, # hashes 6, # buckets 443298 - 	loss 23.82	space 5599984.0
lookup_table_count_min: bcut: 401392, # hashes 2, # buckets 700001 - 	loss 9.97	space 5599996.0
lookup_table_count_min: bcut: 401392, # hashes 3, # buckets 600465 - 	loss 12.69	space 5600000.0
lookup_table_count_min: bcut: 401392, # hashes 4, # buckets 550696 - 	loss 15.27	space 5599988.0
lookup_table_count_min: bcut: 401392, # hashes 5, # buckets 520835 - 	loss 17.65	space 5599984.0
lookup_table_count_min: bcut: 401392, # hashes 6, # buckets 500928 - 	loss 19.71	space 5599988.0
lookup_table_count_min: bcut: 529261, # hashes 2, # buckets 700060 - 	loss 10.00	space 5600000.0
lookup_table_count_min: bcut: 529261, # hashes 3, # buckets 643127 - 	loss 11.86	space 5600000.0
lookup_table_count_min: bcut: 529261, # hashes 4, # buckets 614660 - 	loss 13.54	space 5599992.0
lookup_table_count_min: bcut: 529261, # hashes 5, # buckets 597580 - 	loss 14.92	space 5599988.0
lookup_table_count_min: bcut: 529261, # hashes 6, # buckets 586194 - 	loss 16.30	space 5600000.0
lookup_table_count_min: bcut: 529261, # hashes 2, # buckets 700060 - 	loss 10.04	space 5600000.0
lookup_table_count_min: bcut: 529261, # hashes 3, # buckets 643127 - 	loss 11.85	space 5600000.0
lookup_table_count_min: bcut: 529261, # hashes 4, # buckets 614660 - 	loss 13.62	space 5599992.0
lookup_table_count_min: bcut: 529261, # hashes 5, # buckets 597580 - 	loss 14.96	space 5599988.0
lookup_table_count_min: bcut: 529261, # hashes 6, # buckets 586194 - 	loss 16.17	space 5600000.0
lookup_table_count_min: bcut: 529261, # hashes 2, # buckets 700060 - 	loss 10.00	space 5600000.0
lookup_table_count_min: bcut: 529261, # hashes 3, # buckets 643127 - 	loss 11.87	space 5600000.0
lookup_table_count_min: bcut: 529261, # hashes 4, # buckets 614660 - 	loss 13.48	space 5599992.0
lookup_table_count_min: bcut: 529261, # hashes 5, # buckets 597580 - 	loss 14.94	space 5599988.0
lookup_table_count_min: bcut: 529261, # hashes 6, # buckets 586194 - 	loss 16.17	space 5600000.0
lookup_table_count_min: bcut: 529261, # hashes 2, # buckets 700060 - 	loss 10.01	space 5600000.0
lookup_table_count_min: bcut: 529261, # hashes 3, # buckets 643127 - 	loss 11.88	space 5600000.0
lookup_table_count_min: bcut: 529261, # hashes 4, # buckets 614660 - 	loss 13.46	space 5599992.0
lookup_table_count_min: bcut: 529261, # hashes 5, # buckets 597580 - 	loss 14.90	space 5599988.0
lookup_table_count_min: bcut: 529261, # hashes 6, # buckets 586194 - 	loss 16.28	space 5600000.0
space: 5.80
lookup_table_count_min: bcut: 85378, # hashes 2, # buckets 725000 - 	loss 18.77	space 5800000.0
lookup_table_count_min: bcut: 85378, # hashes 3, # buckets 511792 - 	loss 26.87	space 5799992.0
lookup_table_count_min: bcut: 85378, # hashes 4, # buckets 405189 - 	loss 34.89	space 5800000.0
lookup_table_count_min: bcut: 85378, # hashes 5, # buckets 341226 - 	loss 42.88	space 5799984.0
lookup_table_count_min: bcut: 85378, # hashes 6, # buckets 298585 - 	loss 50.12	space 5799992.0
lookup_table_count_min: bcut: 164371, # hashes 2, # buckets 725000 - 	loss 14.76	space 5800000.0
lookup_table_count_min: bcut: 164371, # hashes 3, # buckets 538123 - 	loss 20.53	space 5799992.0
lookup_table_count_min: bcut: 164371, # hashes 4, # buckets 444685 - 	loss 26.35	space 5799992.0
lookup_table_count_min: bcut: 164371, # hashes 5, # buckets 388622 - 	loss 31.87	space 5799988.0
lookup_table_count_min: bcut: 164371, # hashes 6, # buckets 351247 - 	loss 37.07	space 5799992.0
lookup_table_count_min: bcut: 251928, # hashes 2, # buckets 725000 - 	loss 11.98	space 5800000.0
lookup_table_count_min: bcut: 251928, # hashes 3, # buckets 567309 - 	loss 16.14	space 5799996.0
lookup_table_count_min: bcut: 251928, # hashes 4, # buckets 488464 - 	loss 20.35	space 5800000.0
lookup_table_count_min: bcut: 251928, # hashes 5, # buckets 441156 - 	loss 24.27	space 5799984.0
lookup_table_count_min: bcut: 251928, # hashes 6, # buckets 409618 - 	loss 27.86	space 5799984.0
lookup_table_count_min: bcut: 314948, # hashes 2, # buckets 725000 - 	loss 10.62	space 5800000.0
lookup_table_count_min: bcut: 314948, # hashes 3, # buckets 588316 - 	loss 14.04	space 5800000.0
lookup_table_count_min: bcut: 314948, # hashes 4, # buckets 519974 - 	loss 17.35	space 5800000.0
lookup_table_count_min: bcut: 314948, # hashes 5, # buckets 478968 - 	loss 20.63	space 5799984.0
lookup_table_count_min: bcut: 314948, # hashes 6, # buckets 451632 - 	loss 23.58	space 5800000.0
lookup_table_count_min: bcut: 401392, # hashes 2, # buckets 725001 - 	loss 9.48	space 5799996.0
lookup_table_count_min: bcut: 401392, # hashes 3, # buckets 617131 - 	loss 12.08	space 5799992.0
lookup_table_count_min: bcut: 401392, # hashes 4, # buckets 563196 - 	loss 14.71	space 5799988.0
lookup_table_count_min: bcut: 401392, # hashes 5, # buckets 530835 - 	loss 17.12	space 5799984.0
lookup_table_count_min: bcut: 401392, # hashes 6, # buckets 509261 - 	loss 19.37	space 5799980.0
lookup_table_count_min: bcut: 529261, # hashes 2, # buckets 725060 - 	loss 9.14	space 5800000.0
lookup_table_count_min: bcut: 529261, # hashes 3, # buckets 659793 - 	loss 11.02	space 5799992.0
lookup_table_count_min: bcut: 529261, # hashes 4, # buckets 627160 - 	loss 12.77	space 5799992.0
lookup_table_count_min: bcut: 529261, # hashes 5, # buckets 607580 - 	loss 14.26	space 5799988.0
lookup_table_count_min: bcut: 529261, # hashes 6, # buckets 594527 - 	loss 15.66	space 5799992.0
lookup_table_count_min: bcut: 529261, # hashes 2, # buckets 725060 - 	loss 9.18	space 5800000.0
lookup_table_count_min: bcut: 529261, # hashes 3, # buckets 659793 - 	loss 11.01	space 5799992.0
lookup_table_count_min: bcut: 529261, # hashes 4, # buckets 627160 - 	loss 12.75	space 5799992.0
lookup_table_count_min: bcut: 529261, # hashes 5, # buckets 607580 - 	loss 14.33	space 5799988.0
lookup_table_count_min: bcut: 529261, # hashes 6, # buckets 594527 - 	loss 15.70	space 5799992.0
lookup_table_count_min: bcut: 529261, # hashes 2, # buckets 725060 - 	loss 9.16	space 5800000.0
lookup_table_count_min: bcut: 529261, # hashes 3, # buckets 659793 - 	loss 11.03	space 5799992.0
lookup_table_count_min: bcut: 529261, # hashes 4, # buckets 627160 - 	loss 12.72	space 5799992.0
lookup_table_count_min: bcut: 529261, # hashes 5, # buckets 607580 - 	loss 14.37	space 5799988.0
lookup_table_count_min: bcut: 529261, # hashes 6, # buckets 594527 - 	loss 15.64	space 5799992.0
lookup_table_count_min: bcut: 529261, # hashes 2, # buckets 725060 - 	loss 9.15	space 5800000.0
lookup_table_count_min: bcut: 529261, # hashes 3, # buckets 659793 - 	loss 11.02	space 5799992.0
lookup_table_count_min: bcut: 529261, # hashes 4, # buckets 627160 - 	loss 12.81	space 5799992.0
lookup_table_count_min: bcut: 529261, # hashes 5, # buckets 607580 - 	loss 14.32	space 5799988.0
lookup_table_count_min: bcut: 529261, # hashes 6, # buckets 594527 - 	loss 15.66	space 5799992.0
space: 6.00
lookup_table_count_min: bcut: 85378, # hashes 2, # buckets 750000 - 	loss 18.34	space 6000000.0
lookup_table_count_min: bcut: 85378, # hashes 3, # buckets 528459 - 	loss 26.34	space 5999996.0
lookup_table_count_min: bcut: 85378, # hashes 4, # buckets 417689 - 	loss 34.41	space 6000000.0
lookup_table_count_min: bcut: 85378, # hashes 5, # buckets 351226 - 	loss 42.00	space 5999984.0
lookup_table_count_min: bcut: 85378, # hashes 6, # buckets 306918 - 	loss 49.56	space 5999984.0
lookup_table_count_min: bcut: 164371, # hashes 2, # buckets 750000 - 	loss 14.31	space 6000000.0
lookup_table_count_min: bcut: 164371, # hashes 3, # buckets 554790 - 	loss 20.04	space 5999996.0
lookup_table_count_min: bcut: 164371, # hashes 4, # buckets 457185 - 	loss 25.83	space 5999992.0
lookup_table_count_min: bcut: 164371, # hashes 5, # buckets 398622 - 	loss 31.26	space 5999988.0
lookup_table_count_min: bcut: 164371, # hashes 6, # buckets 359580 - 	loss 36.57	space 5999984.0
lookup_table_count_min: bcut: 251928, # hashes 2, # buckets 750000 - 	loss 11.56	space 6000000.0
lookup_table_count_min: bcut: 251928, # hashes 3, # buckets 583976 - 	loss 15.72	space 6000000.0
lookup_table_count_min: bcut: 251928, # hashes 4, # buckets 500964 - 	loss 19.86	space 6000000.0
lookup_table_count_min: bcut: 251928, # hashes 5, # buckets 451156 - 	loss 23.80	space 5999984.0
lookup_table_count_min: bcut: 251928, # hashes 6, # buckets 417952 - 	loss 27.50	space 6000000.0
lookup_table_count_min: bcut: 314948, # hashes 2, # buckets 750000 - 	loss 10.19	space 6000000.0
lookup_table_count_min: bcut: 314948, # hashes 3, # buckets 604982 - 	loss 13.59	space 5999992.0
lookup_table_count_min: bcut: 314948, # hashes 4, # buckets 532474 - 	loss 17.02	space 6000000.0
lookup_table_count_min: bcut: 314948, # hashes 5, # buckets 488968 - 	loss 20.20	space 5999984.0
lookup_table_count_min: bcut: 314948, # hashes 6, # buckets 459965 - 	loss 23.15	space 5999992.0
lookup_table_count_min: bcut: 401392, # hashes 2, # buckets 750001 - 	loss 9.00	space 5999996.0
lookup_table_count_min: bcut: 401392, # hashes 3, # buckets 633798 - 	loss 11.70	space 5999996.0
lookup_table_count_min: bcut: 401392, # hashes 4, # buckets 575696 - 	loss 14.33	space 5999988.0
lookup_table_count_min: bcut: 401392, # hashes 5, # buckets 540835 - 	loss 16.78	space 5999984.0
lookup_table_count_min: bcut: 401392, # hashes 6, # buckets 517595 - 	loss 18.99	space 5999996.0
lookup_table_count_min: bcut: 529261, # hashes 2, # buckets 750060 - 	loss 8.45	space 6000000.0
lookup_table_count_min: bcut: 529261, # hashes 3, # buckets 676460 - 	loss 10.34	space 5999996.0
lookup_table_count_min: bcut: 529261, # hashes 4, # buckets 639660 - 	loss 12.13	space 5999992.0
lookup_table_count_min: bcut: 529261, # hashes 5, # buckets 617580 - 	loss 13.73	space 5999988.0
lookup_table_count_min: bcut: 529261, # hashes 6, # buckets 602860 - 	loss 15.23	space 5999984.0
lookup_table_count_min: bcut: 529261, # hashes 2, # buckets 750060 - 	loss 8.46	space 6000000.0
lookup_table_count_min: bcut: 529261, # hashes 3, # buckets 676460 - 	loss 10.39	space 5999996.0
lookup_table_count_min: bcut: 529261, # hashes 4, # buckets 639660 - 	loss 12.16	space 5999992.0
lookup_table_count_min: bcut: 529261, # hashes 5, # buckets 617580 - 	loss 13.79	space 5999988.0
lookup_table_count_min: bcut: 529261, # hashes 6, # buckets 602860 - 	loss 15.23	space 5999984.0
lookup_table_count_min: bcut: 529261, # hashes 2, # buckets 750060 - 	loss 8.46	space 6000000.0
lookup_table_count_min: bcut: 529261, # hashes 3, # buckets 676460 - 	loss 10.35	space 5999996.0
lookup_table_count_min: bcut: 529261, # hashes 4, # buckets 639660 - 	loss 12.16	space 5999992.0
lookup_table_count_min: bcut: 529261, # hashes 5, # buckets 617580 - 	loss 13.79	space 5999988.0
lookup_table_count_min: bcut: 529261, # hashes 6, # buckets 602860 - 	loss 15.19	space 5999984.0
lookup_table_count_min: bcut: 529261, # hashes 2, # buckets 750060 - 	loss 8.46	space 6000000.0
lookup_table_count_min: bcut: 529261, # hashes 3, # buckets 676460 - 	loss 10.34	space 5999996.0
lookup_table_count_min: bcut: 529261, # hashes 4, # buckets 639660 - 	loss 12.22	space 5999992.0
lookup_table_count_min: bcut: 529261, # hashes 5, # buckets 617580 - 	loss 13.75	space 5999988.0
lookup_table_count_min: bcut: 529261, # hashes 6, # buckets 602860 - 	loss 15.17	space 5999984.0
space: 6.20
lookup_table_count_min: bcut: 85378, # hashes 2, # buckets 775000 - 	loss 17.80	space 6200000.0
lookup_table_count_min: bcut: 85378, # hashes 3, # buckets 545126 - 	loss 25.80	space 6200000.0
lookup_table_count_min: bcut: 85378, # hashes 4, # buckets 430189 - 	loss 33.89	space 6200000.0
lookup_table_count_min: bcut: 85378, # hashes 5, # buckets 361226 - 	loss 41.58	space 6199984.0
lookup_table_count_min: bcut: 85378, # hashes 6, # buckets 315252 - 	loss 48.78	space 6200000.0
lookup_table_count_min: bcut: 164371, # hashes 2, # buckets 775000 - 	loss 13.93	space 6200000.0
lookup_table_count_min: bcut: 164371, # hashes 3, # buckets 571457 - 	loss 19.63	space 6200000.0
lookup_table_count_min: bcut: 164371, # hashes 4, # buckets 469685 - 	loss 25.37	space 6199992.0
lookup_table_count_min: bcut: 164371, # hashes 5, # buckets 408622 - 	loss 30.84	space 6199988.0
lookup_table_count_min: bcut: 164371, # hashes 6, # buckets 367914 - 	loss 35.96	space 6200000.0
lookup_table_count_min: bcut: 251928, # hashes 2, # buckets 775000 - 	loss 11.17	space 6200000.0
lookup_table_count_min: bcut: 251928, # hashes 3, # buckets 600642 - 	loss 15.28	space 6199992.0
lookup_table_count_min: bcut: 251928, # hashes 4, # buckets 513464 - 	loss 19.50	space 6200000.0
lookup_table_count_min: bcut: 251928, # hashes 5, # buckets 461156 - 	loss 23.43	space 6199984.0
lookup_table_count_min: bcut: 251928, # hashes 6, # buckets 426285 - 	loss 27.05	space 6199992.0
lookup_table_count_min: bcut: 314948, # hashes 2, # buckets 775000 - 	loss 9.81	space 6200000.0
lookup_table_count_min: bcut: 314948, # hashes 3, # buckets 621649 - 	loss 13.23	space 6199996.0
lookup_table_count_min: bcut: 314948, # hashes 4, # buckets 544974 - 	loss 16.61	space 6200000.0
lookup_table_count_min: bcut: 314948, # hashes 5, # buckets 498968 - 	loss 19.81	space 6199984.0
lookup_table_count_min: bcut: 314948, # hashes 6, # buckets 468298 - 	loss 22.81	space 6199984.0
lookup_table_count_min: bcut: 401392, # hashes 2, # buckets 775001 - 	loss 8.61	space 6199996.0
lookup_table_count_min: bcut: 401392, # hashes 3, # buckets 650465 - 	loss 11.26	space 6200000.0
lookup_table_count_min: bcut: 401392, # hashes 4, # buckets 588196 - 	loss 13.86	space 6199988.0
lookup_table_count_min: bcut: 401392, # hashes 5, # buckets 550835 - 	loss 16.42	space 6199984.0
lookup_table_count_min: bcut: 401392, # hashes 6, # buckets 525928 - 	loss 18.62	space 6199988.0
lookup_table_count_min: bcut: 529261, # hashes 2, # buckets 775060 - 	loss 7.87	space 6200000.0
lookup_table_count_min: bcut: 529261, # hashes 3, # buckets 693127 - 	loss 9.81	space 6200000.0
lookup_table_count_min: bcut: 529261, # hashes 4, # buckets 652160 - 	loss 11.66	space 6199992.0
lookup_table_count_min: bcut: 529261, # hashes 5, # buckets 627580 - 	loss 13.27	space 6199988.0
lookup_table_count_min: bcut: 529261, # hashes 6, # buckets 611194 - 	loss 14.83	space 6200000.0
lookup_table_count_min: bcut: 762773, # hashes 2, # buckets 776502 - 	loss 48.55	space 6199996.0
lookup_table_count_min: bcut: 762773, # hashes 3, # buckets 771926 - 	loss 64.70	space 6200000.0
lookup_table_count_min: bcut: 762773, # hashes 4, # buckets 769637 - 	loss 83.58	space 6199988.0
lookup_table_count_min: bcut: 762773, # hashes 5, # buckets 768264 - 	loss 103.78	space 6199984.0
lookup_table_count_min: bcut: 762773, # hashes 6, # buckets 767349 - 	loss 125.35	space 6199988.0
lookup_table_count_min: bcut: 762773, # hashes 2, # buckets 776502 - 	loss 48.65	space 6199996.0
lookup_table_count_min: bcut: 762773, # hashes 3, # buckets 771926 - 	loss 64.91	space 6200000.0
lookup_table_count_min: bcut: 762773, # hashes 4, # buckets 769637 - 	loss 83.30	space 6199988.0
lookup_table_count_min: bcut: 762773, # hashes 5, # buckets 768264 - 	loss 104.18	space 6199984.0
lookup_table_count_min: bcut: 762773, # hashes 6, # buckets 767349 - 	loss 125.19	space 6199988.0
lookup_table_count_min: bcut: 762773, # hashes 2, # buckets 776502 - 	loss 48.62	space 6199996.0
lookup_table_count_min: bcut: 762773, # hashes 3, # buckets 771926 - 	loss 64.72	space 6200000.0
lookup_table_count_min: bcut: 762773, # hashes 4, # buckets 769637 - 	loss 83.47	space 6199988.0
lookup_table_count_min: bcut: 762773, # hashes 5, # buckets 768264 - 	loss 103.74	space 6199984.0
lookup_table_count_min: bcut: 762773, # hashes 6, # buckets 767349 - 	loss 125.50	space 6199988.0
space: 6.40
lookup_table_count_min: bcut: 85378, # hashes 2, # buckets 800000 - 	loss 17.37	space 6400000.0
lookup_table_count_min: bcut: 85378, # hashes 3, # buckets 561792 - 	loss 25.20	space 6399992.0
lookup_table_count_min: bcut: 85378, # hashes 4, # buckets 442689 - 	loss 33.38	space 6400000.0
lookup_table_count_min: bcut: 85378, # hashes 5, # buckets 371226 - 	loss 40.94	space 6399984.0
lookup_table_count_min: bcut: 85378, # hashes 6, # buckets 323585 - 	loss 48.16	space 6399992.0
lookup_table_count_min: bcut: 164371, # hashes 2, # buckets 800000 - 	loss 13.53	space 6400000.0
lookup_table_count_min: bcut: 164371, # hashes 3, # buckets 588123 - 	loss 19.23	space 6399992.0
lookup_table_count_min: bcut: 164371, # hashes 4, # buckets 482185 - 	loss 24.97	space 6399992.0
lookup_table_count_min: bcut: 164371, # hashes 5, # buckets 418622 - 	loss 30.31	space 6399988.0
lookup_table_count_min: bcut: 164371, # hashes 6, # buckets 376247 - 	loss 35.47	space 6399992.0
lookup_table_count_min: bcut: 251928, # hashes 2, # buckets 800000 - 	loss 10.80	space 6400000.0
lookup_table_count_min: bcut: 251928, # hashes 3, # buckets 617309 - 	loss 14.93	space 6399996.0
lookup_table_count_min: bcut: 251928, # hashes 4, # buckets 525964 - 	loss 19.18	space 6400000.0
lookup_table_count_min: bcut: 251928, # hashes 5, # buckets 471156 - 	loss 23.02	space 6399984.0
lookup_table_count_min: bcut: 251928, # hashes 6, # buckets 434618 - 	loss 26.70	space 6399984.0
lookup_table_count_min: bcut: 401392, # hashes 2, # buckets 800001 - 	loss 8.22	space 6399996.0
lookup_table_count_min: bcut: 401392, # hashes 3, # buckets 667131 - 	loss 10.89	space 6399992.0
lookup_table_count_min: bcut: 401392, # hashes 4, # buckets 600696 - 	loss 13.55	space 6399988.0
lookup_table_count_min: bcut: 401392, # hashes 5, # buckets 560835 - 	loss 16.03	space 6399984.0
lookup_table_count_min: bcut: 401392, # hashes 6, # buckets 534261 - 	loss 18.36	space 6399980.0
lookup_table_count_min: bcut: 401392, # hashes 2, # buckets 800001 - 	loss 8.25	space 6399996.0
lookup_table_count_min: bcut: 401392, # hashes 3, # buckets 667131 - 	loss 10.89	space 6399992.0
lookup_table_count_min: bcut: 401392, # hashes 4, # buckets 600696 - 	loss 13.50	space 6399988.0
lookup_table_count_min: bcut: 401392, # hashes 5, # buckets 560835 - 	loss 16.04	space 6399984.0
lookup_table_count_min: bcut: 401392, # hashes 6, # buckets 534261 - 	loss 18.35	space 6399980.0
lookup_table_count_min: bcut: 529261, # hashes 2, # buckets 800060 - 	loss 7.37	space 6400000.0
lookup_table_count_min: bcut: 529261, # hashes 3, # buckets 709793 - 	loss 9.31	space 6399992.0
lookup_table_count_min: bcut: 529261, # hashes 4, # buckets 664660 - 	loss 11.22	space 6399992.0
lookup_table_count_min: bcut: 529261, # hashes 5, # buckets 637580 - 	loss 13.00	space 6399988.0
lookup_table_count_min: bcut: 529261, # hashes 6, # buckets 619527 - 	loss 14.54	space 6399992.0
lookup_table_count_min: bcut: 762773, # hashes 2, # buckets 801502 - 	loss 17.03	space 6399996.0
lookup_table_count_min: bcut: 762773, # hashes 3, # buckets 788592 - 	loss 19.37	space 6399992.0
lookup_table_count_min: bcut: 762773, # hashes 4, # buckets 782137 - 	loss 22.09	space 6399988.0
lookup_table_count_min: bcut: 762773, # hashes 5, # buckets 778264 - 	loss 24.89	space 6399984.0
lookup_table_count_min: bcut: 762773, # hashes 6, # buckets 775682 - 	loss 28.29	space 6399980.0
lookup_table_count_min: bcut: 762773, # hashes 2, # buckets 801502 - 	loss 17.00	space 6399996.0
lookup_table_count_min: bcut: 762773, # hashes 3, # buckets 788592 - 	loss 19.35	space 6399992.0
lookup_table_count_min: bcut: 762773, # hashes 4, # buckets 782137 - 	loss 22.06	space 6399988.0
lookup_table_count_min: bcut: 762773, # hashes 5, # buckets 778264 - 	loss 24.95	space 6399984.0
lookup_table_count_min: bcut: 762773, # hashes 6, # buckets 775682 - 	loss 28.37	space 6399980.0
lookup_table_count_min: bcut: 762773, # hashes 2, # buckets 801502 - 	loss 16.98	space 6399996.0
lookup_table_count_min: bcut: 762773, # hashes 3, # buckets 788592 - 	loss 19.39	space 6399992.0
lookup_table_count_min: bcut: 762773, # hashes 4, # buckets 782137 - 	loss 22.00	space 6399988.0
lookup_table_count_min: bcut: 762773, # hashes 5, # buckets 778264 - 	loss 25.10	space 6399984.0
lookup_table_count_min: bcut: 762773, # hashes 6, # buckets 775682 - 	loss 28.58	space 6399980.0
space: 6.60
lookup_table_count_min: bcut: 85378, # hashes 2, # buckets 825000 - 	loss 16.99	space 6600000.0
lookup_table_count_min: bcut: 85378, # hashes 3, # buckets 578459 - 	loss 24.91	space 6599996.0
lookup_table_count_min: bcut: 85378, # hashes 4, # buckets 455189 - 	loss 32.82	space 6600000.0
lookup_table_count_min: bcut: 85378, # hashes 5, # buckets 381226 - 	loss 40.38	space 6599984.0
lookup_table_count_min: bcut: 85378, # hashes 6, # buckets 331918 - 	loss 47.42	space 6599984.0
lookup_table_count_min: bcut: 203377, # hashes 2, # buckets 825000 - 	loss 11.82	space 6600000.0
lookup_table_count_min: bcut: 203377, # hashes 3, # buckets 617792 - 	loss 16.74	space 6599996.0
lookup_table_count_min: bcut: 203377, # hashes 4, # buckets 514188 - 	loss 21.64	space 6599992.0
lookup_table_count_min: bcut: 203377, # hashes 5, # buckets 452026 - 	loss 26.32	space 6599996.0
lookup_table_count_min: bcut: 203377, # hashes 6, # buckets 410584 - 	loss 30.81	space 6599984.0
lookup_table_count_min: bcut: 251928, # hashes 2, # buckets 825000 - 	loss 10.45	space 6600000.0
lookup_table_count_min: bcut: 251928, # hashes 3, # buckets 633976 - 	loss 14.59	space 6600000.0
lookup_table_count_min: bcut: 251928, # hashes 4, # buckets 538464 - 	loss 18.75	space 6600000.0
lookup_table_count_min: bcut: 251928, # hashes 5, # buckets 481156 - 	loss 22.62	space 6599984.0
lookup_table_count_min: bcut: 251928, # hashes 6, # buckets 442952 - 	loss 26.40	space 6600000.0
lookup_table_count_min: bcut: 401392, # hashes 2, # buckets 825001 - 	loss 7.90	space 6599996.0
lookup_table_count_min: bcut: 401392, # hashes 3, # buckets 683798 - 	loss 10.56	space 6599996.0
lookup_table_count_min: bcut: 401392, # hashes 4, # buckets 613196 - 	loss 13.21	space 6599988.0
lookup_table_count_min: bcut: 401392, # hashes 5, # buckets 570835 - 	loss 15.76	space 6599984.0
lookup_table_count_min: bcut: 401392, # hashes 6, # buckets 542595 - 	loss 18.07	space 6599996.0
lookup_table_count_min: bcut: 529261, # hashes 2, # buckets 825060 - 	loss 6.94	space 6600000.0
lookup_table_count_min: bcut: 529261, # hashes 3, # buckets 726460 - 	loss 8.93	space 6599996.0
lookup_table_count_min: bcut: 529261, # hashes 4, # buckets 677160 - 	loss 10.85	space 6599992.0
lookup_table_count_min: bcut: 529261, # hashes 5, # buckets 647580 - 	loss 12.58	space 6599988.0
lookup_table_count_min: bcut: 529261, # hashes 6, # buckets 627860 - 	loss 14.17	space 6599984.0
lookup_table_count_min: bcut: 529261, # hashes 2, # buckets 825060 - 	loss 6.95	space 6600000.0
lookup_table_count_min: bcut: 529261, # hashes 3, # buckets 726460 - 	loss 8.86	space 6599996.0
lookup_table_count_min: bcut: 529261, # hashes 4, # buckets 677160 - 	loss 10.82	space 6599992.0
lookup_table_count_min: bcut: 529261, # hashes 5, # buckets 647580 - 	loss 12.52	space 6599988.0
lookup_table_count_min: bcut: 529261, # hashes 6, # buckets 627860 - 	loss 14.10	space 6599984.0
lookup_table_count_min: bcut: 762773, # hashes 2, # buckets 826502 - 	loss 11.39	space 6599996.0
lookup_table_count_min: bcut: 762773, # hashes 3, # buckets 805259 - 	loss 12.80	space 6599996.0
lookup_table_count_min: bcut: 762773, # hashes 4, # buckets 794637 - 	loss 13.82	space 6599988.0
lookup_table_count_min: bcut: 762773, # hashes 5, # buckets 788264 - 	loss 15.04	space 6599984.0
lookup_table_count_min: bcut: 762773, # hashes 6, # buckets 784016 - 	loss 16.22	space 6599996.0
lookup_table_count_min: bcut: 762773, # hashes 2, # buckets 826502 - 	loss 11.42	space 6599996.0
lookup_table_count_min: bcut: 762773, # hashes 3, # buckets 805259 - 	loss 12.68	space 6599996.0
lookup_table_count_min: bcut: 762773, # hashes 4, # buckets 794637 - 	loss 13.91	space 6599988.0
lookup_table_count_min: bcut: 762773, # hashes 5, # buckets 788264 - 	loss 15.01	space 6599984.0
lookup_table_count_min: bcut: 762773, # hashes 6, # buckets 784016 - 	loss 16.21	space 6599996.0
lookup_table_count_min: bcut: 762773, # hashes 2, # buckets 826502 - 	loss 11.42	space 6599996.0
lookup_table_count_min: bcut: 762773, # hashes 3, # buckets 805259 - 	loss 12.75	space 6599996.0
lookup_table_count_min: bcut: 762773, # hashes 4, # buckets 794637 - 	loss 13.91	space 6599988.0
lookup_table_count_min: bcut: 762773, # hashes 5, # buckets 788264 - 	loss 14.97	space 6599984.0
lookup_table_count_min: bcut: 762773, # hashes 6, # buckets 784016 - 	loss 16.19	space 6599996.0
space: 6.80
lookup_table_count_min: bcut: 85378, # hashes 2, # buckets 850000 - 	loss 16.58	space 6800000.0
lookup_table_count_min: bcut: 85378, # hashes 3, # buckets 595126 - 	loss 24.41	space 6800000.0
lookup_table_count_min: bcut: 85378, # hashes 4, # buckets 467689 - 	loss 32.28	space 6800000.0
lookup_table_count_min: bcut: 85378, # hashes 5, # buckets 391226 - 	loss 39.98	space 6799984.0
lookup_table_count_min: bcut: 85378, # hashes 6, # buckets 340252 - 	loss 47.02	space 6800000.0
lookup_table_count_min: bcut: 203377, # hashes 2, # buckets 850000 - 	loss 11.51	space 6800000.0
lookup_table_count_min: bcut: 203377, # hashes 3, # buckets 634459 - 	loss 16.34	space 6800000.0
lookup_table_count_min: bcut: 203377, # hashes 4, # buckets 526688 - 	loss 21.29	space 6799992.0
lookup_table_count_min: bcut: 203377, # hashes 5, # buckets 462026 - 	loss 26.03	space 6799996.0
lookup_table_count_min: bcut: 203377, # hashes 6, # buckets 418918 - 	loss 30.42	space 6800000.0
lookup_table_count_min: bcut: 314948, # hashes 2, # buckets 850000 - 	loss 8.83	space 6800000.0
lookup_table_count_min: bcut: 314948, # hashes 3, # buckets 671649 - 	loss 12.18	space 6799996.0
lookup_table_count_min: bcut: 314948, # hashes 4, # buckets 582474 - 	loss 15.60	space 6800000.0
lookup_table_count_min: bcut: 314948, # hashes 5, # buckets 528968 - 	loss 18.79	space 6799984.0
lookup_table_count_min: bcut: 314948, # hashes 6, # buckets 493298 - 	loss 21.82	space 6799984.0
lookup_table_count_min: bcut: 401392, # hashes 2, # buckets 850001 - 	loss 7.56	space 6799996.0
lookup_table_count_min: bcut: 401392, # hashes 3, # buckets 700465 - 	loss 10.23	space 6800000.0
lookup_table_count_min: bcut: 401392, # hashes 4, # buckets 625696 - 	loss 12.90	space 6799988.0
lookup_table_count_min: bcut: 401392, # hashes 5, # buckets 580835 - 	loss 15.41	space 6799984.0
lookup_table_count_min: bcut: 401392, # hashes 6, # buckets 550928 - 	loss 17.81	space 6799988.0
lookup_table_count_min: bcut: 529261, # hashes 2, # buckets 850060 - 	loss 6.56	space 6800000.0
lookup_table_count_min: bcut: 529261, # hashes 3, # buckets 743127 - 	loss 8.51	space 6800000.0
lookup_table_count_min: bcut: 529261, # hashes 4, # buckets 689660 - 	loss 10.46	space 6799992.0
lookup_table_count_min: bcut: 529261, # hashes 5, # buckets 657580 - 	loss 12.25	space 6799988.0
lookup_table_count_min: bcut: 529261, # hashes 6, # buckets 636194 - 	loss 13.83	space 6800000.0
lookup_table_count_min: bcut: 529261, # hashes 2, # buckets 850060 - 	loss 6.55	space 6800000.0
lookup_table_count_min: bcut: 529261, # hashes 3, # buckets 743127 - 	loss 8.53	space 6800000.0
lookup_table_count_min: bcut: 529261, # hashes 4, # buckets 689660 - 	loss 10.45	space 6799992.0
lookup_table_count_min: bcut: 529261, # hashes 5, # buckets 657580 - 	loss 12.25	space 6799988.0
lookup_table_count_min: bcut: 529261, # hashes 6, # buckets 636194 - 	loss 13.93	space 6800000.0
lookup_table_count_min: bcut: 762773, # hashes 2, # buckets 851502 - 	loss 8.99	space 6799996.0
lookup_table_count_min: bcut: 762773, # hashes 3, # buckets 821926 - 	loss 10.16	space 6800000.0
lookup_table_count_min: bcut: 762773, # hashes 4, # buckets 807137 - 	loss 11.17	space 6799988.0
lookup_table_count_min: bcut: 762773, # hashes 5, # buckets 798264 - 	loss 11.92	space 6799984.0
lookup_table_count_min: bcut: 762773, # hashes 6, # buckets 792349 - 	loss 12.80	space 6799988.0
lookup_table_count_min: bcut: 762773, # hashes 2, # buckets 851502 - 	loss 9.02	space 6799996.0
lookup_table_count_min: bcut: 762773, # hashes 3, # buckets 821926 - 	loss 10.11	space 6800000.0
lookup_table_count_min: bcut: 762773, # hashes 4, # buckets 807137 - 	loss 11.17	space 6799988.0
lookup_table_count_min: bcut: 762773, # hashes 5, # buckets 798264 - 	loss 11.97	space 6799984.0
lookup_table_count_min: bcut: 762773, # hashes 6, # buckets 792349 - 	loss 12.69	space 6799988.0
lookup_table_count_min: bcut: 762773, # hashes 2, # buckets 851502 - 	loss 8.99	space 6799996.0
lookup_table_count_min: bcut: 762773, # hashes 3, # buckets 821926 - 	loss 10.15	space 6800000.0
lookup_table_count_min: bcut: 762773, # hashes 4, # buckets 807137 - 	loss 11.15	space 6799988.0
lookup_table_count_min: bcut: 762773, # hashes 5, # buckets 798264 - 	loss 11.98	space 6799984.0
lookup_table_count_min: bcut: 762773, # hashes 6, # buckets 792349 - 	loss 12.80	space 6799988.0
space: 7.00
lookup_table_count_min: bcut: 106139, # hashes 2, # buckets 875000 - 	loss 14.98	space 7000000.0
lookup_table_count_min: bcut: 106139, # hashes 3, # buckets 618713 - 	loss 22.12	space 7000000.0
lookup_table_count_min: bcut: 106139, # hashes 4, # buckets 490569 - 	loss 29.30	space 6999992.0
lookup_table_count_min: bcut: 106139, # hashes 5, # buckets 413683 - 	loss 36.11	space 6999992.0
lookup_table_count_min: bcut: 106139, # hashes 6, # buckets 362426 - 	loss 42.70	space 7000000.0
lookup_table_count_min: bcut: 203377, # hashes 2, # buckets 875000 - 	loss 11.22	space 7000000.0
lookup_table_count_min: bcut: 203377, # hashes 3, # buckets 651125 - 	loss 15.99	space 6999992.0
lookup_table_count_min: bcut: 203377, # hashes 4, # buckets 539188 - 	loss 20.94	space 6999992.0
lookup_table_count_min: bcut: 203377, # hashes 5, # buckets 472026 - 	loss 25.59	space 6999996.0
lookup_table_count_min: bcut: 203377, # hashes 6, # buckets 427251 - 	loss 30.06	space 6999992.0
lookup_table_count_min: bcut: 314948, # hashes 2, # buckets 875000 - 	loss 8.56	space 7000000.0
lookup_table_count_min: bcut: 314948, # hashes 3, # buckets 688316 - 	loss 11.87	space 7000000.0
lookup_table_count_min: bcut: 314948, # hashes 4, # buckets 594974 - 	loss 15.23	space 7000000.0
lookup_table_count_min: bcut: 314948, # hashes 5, # buckets 538968 - 	loss 18.54	space 6999984.0
lookup_table_count_min: bcut: 314948, # hashes 6, # buckets 501632 - 	loss 21.53	space 7000000.0
lookup_table_count_min: bcut: 401392, # hashes 2, # buckets 875001 - 	loss 7.28	space 6999996.0
lookup_table_count_min: bcut: 401392, # hashes 3, # buckets 717131 - 	loss 9.93	space 6999992.0
lookup_table_count_min: bcut: 401392, # hashes 4, # buckets 638196 - 	loss 12.56	space 6999988.0
lookup_table_count_min: bcut: 401392, # hashes 5, # buckets 590835 - 	loss 15.13	space 6999984.0
lookup_table_count_min: bcut: 401392, # hashes 6, # buckets 559261 - 	loss 17.48	space 6999980.0
lookup_table_count_min: bcut: 529261, # hashes 2, # buckets 875060 - 	loss 6.23	space 7000000.0
lookup_table_count_min: bcut: 529261, # hashes 3, # buckets 759793 - 	loss 8.18	space 6999992.0
lookup_table_count_min: bcut: 529261, # hashes 4, # buckets 702160 - 	loss 10.10	space 6999992.0
lookup_table_count_min: bcut: 529261, # hashes 5, # buckets 667580 - 	loss 11.94	space 6999988.0
lookup_table_count_min: bcut: 529261, # hashes 6, # buckets 644527 - 	loss 13.60	space 6999992.0
lookup_table_count_min: bcut: 529261, # hashes 2, # buckets 875060 - 	loss 6.21	space 7000000.0
lookup_table_count_min: bcut: 529261, # hashes 3, # buckets 759793 - 	loss 8.21	space 6999992.0
lookup_table_count_min: bcut: 529261, # hashes 4, # buckets 702160 - 	loss 10.13	space 6999992.0
lookup_table_count_min: bcut: 529261, # hashes 5, # buckets 667580 - 	loss 11.95	space 6999988.0
lookup_table_count_min: bcut: 529261, # hashes 6, # buckets 644527 - 	loss 13.62	space 6999992.0
lookup_table_count_min: bcut: 762773, # hashes 2, # buckets 876502 - 	loss 7.56	space 6999996.0
lookup_table_count_min: bcut: 762773, # hashes 3, # buckets 838592 - 	loss 8.77	space 6999992.0
lookup_table_count_min: bcut: 762773, # hashes 4, # buckets 819637 - 	loss 9.71	space 6999988.0
lookup_table_count_min: bcut: 762773, # hashes 5, # buckets 808264 - 	loss 10.55	space 6999984.0
lookup_table_count_min: bcut: 762773, # hashes 6, # buckets 800682 - 	loss 11.24	space 6999980.0
lookup_table_count_min: bcut: 762773, # hashes 2, # buckets 876502 - 	loss 7.55	space 6999996.0
lookup_table_count_min: bcut: 762773, # hashes 3, # buckets 838592 - 	loss 8.76	space 6999992.0
lookup_table_count_min: bcut: 762773, # hashes 4, # buckets 819637 - 	loss 9.78	space 6999988.0
lookup_table_count_min: bcut: 762773, # hashes 5, # buckets 808264 - 	loss 10.53	space 6999984.0
lookup_table_count_min: bcut: 762773, # hashes 6, # buckets 800682 - 	loss 11.34	space 6999980.0
lookup_table_count_min: bcut: 762773, # hashes 2, # buckets 876502 - 	loss 7.55	space 6999996.0
lookup_table_count_min: bcut: 762773, # hashes 3, # buckets 838592 - 	loss 8.73	space 6999992.0
lookup_table_count_min: bcut: 762773, # hashes 4, # buckets 819637 - 	loss 9.73	space 6999988.0
lookup_table_count_min: bcut: 762773, # hashes 5, # buckets 808264 - 	loss 10.57	space 6999984.0
lookup_table_count_min: bcut: 762773, # hashes 6, # buckets 800682 - 	loss 11.25	space 6999980.0
param search done -- time: 1862.52 sec
==== best parameters ====
space: 4.00, scut 4.000, bcut 314948, n_buckets 500000, n_hashes 2 - 	loss 17.47	space 4000000.0
space: 4.20, scut 4.000, bcut 314948, n_buckets 525000, n_hashes 2 - 	loss 16.16	space 4200000.0
space: 4.40, scut 4.000, bcut 314948, n_buckets 550000, n_hashes 2 - 	loss 15.13	space 4400000.0
space: 4.60, scut 3.000, bcut 401392, n_buckets 575001, n_hashes 2 - 	loss 14.08	space 4599996.0
space: 4.80, scut 3.000, bcut 401392, n_buckets 600001, n_hashes 2 - 	loss 12.93	space 4799996.0
space: 5.00, scut 3.000, bcut 401392, n_buckets 625001, n_hashes 2 - 	loss 11.99	space 4999996.0
space: 5.20, scut 3.000, bcut 401392, n_buckets 650001, n_hashes 2 - 	loss 11.26	space 5199996.0
space: 5.40, scut 3.000, bcut 401392, n_buckets 675001, n_hashes 2 - 	loss 10.57	space 5399996.0
space: 5.60, scut 3.000, bcut 401392, n_buckets 700001, n_hashes 2 - 	loss 9.97	space 5599996.0
space: 5.80, scut 2.000, bcut 529261, n_buckets 725060, n_hashes 2 - 	loss 9.14	space 5800000.0
space: 6.00, scut 2.000, bcut 529261, n_buckets 750060, n_hashes 2 - 	loss 8.45	space 6000000.0
space: 6.20, scut 2.000, bcut 529261, n_buckets 775060, n_hashes 2 - 	loss 7.87	space 6200000.0
space: 6.40, scut 2.000, bcut 529261, n_buckets 800060, n_hashes 2 - 	loss 7.37	space 6400000.0
space: 6.60, scut 2.000, bcut 529261, n_buckets 825060, n_hashes 2 - 	loss 6.94	space 6600000.0
space: 6.80, scut 2.000, bcut 529261, n_buckets 850060, n_hashes 2 - 	loss 6.55	space 6800000.0
space: 7.00, scut 2.000, bcut 529261, n_buckets 875060, n_hashes 2 - 	loss 6.21	space 7000000.0
==== test test_results ====
space: 4.00, scut 4.000, bcut 314948, n_buckets 500000, n_hashes 2 - 	loss 16.61	space 4000000.0
space: 4.20, scut 4.000, bcut 314948, n_buckets 525000, n_hashes 2 - 	loss 15.46	space 4200000.0
space: 4.40, scut 4.000, bcut 314948, n_buckets 550000, n_hashes 2 - 	loss 14.35	space 4400000.0
space: 4.60, scut 3.000, bcut 401392, n_buckets 575001, n_hashes 2 - 	loss 13.44	space 4599992.0
space: 4.80, scut 3.000, bcut 401392, n_buckets 600001, n_hashes 2 - 	loss 12.38	space 4799992.0
space: 5.00, scut 3.000, bcut 401392, n_buckets 625001, n_hashes 2 - 	loss 11.49	space 4999992.0
space: 5.20, scut 3.000, bcut 401392, n_buckets 650001, n_hashes 2 - 	loss 10.76	space 5199992.0
space: 5.40, scut 3.000, bcut 401392, n_buckets 675001, n_hashes 2 - 	loss 10.10	space 5399992.0
space: 5.60, scut 3.000, bcut 401392, n_buckets 700001, n_hashes 2 - 	loss 9.56	space 5599992.0
space: 5.80, scut 2.000, bcut 529261, n_buckets 725060, n_hashes 2 - 	loss 8.80	space 5799876.0
space: 6.00, scut 2.000, bcut 529261, n_buckets 750060, n_hashes 2 - 	loss 8.13	space 5999876.0
space: 6.20, scut 2.000, bcut 529261, n_buckets 775060, n_hashes 2 - 	loss 7.57	space 6199876.0
space: 6.40, scut 2.000, bcut 529261, n_buckets 800060, n_hashes 2 - 	loss 7.11	space 6399876.0
space: 6.60, scut 2.000, bcut 529261, n_buckets 825060, n_hashes 2 - 	loss 6.66	space 6599876.0
space: 6.80, scut 2.000, bcut 529261, n_buckets 850060, n_hashes 2 - 	loss 6.31	space 6799876.0
space: 7.00, scut 2.000, bcut 529261, n_buckets 875060, n_hashes 2 - 	loss 6.01	space 6999876.0
total time: 2024.54 sec
