cutoff_count_min.py
==== valid_results ====
space: 4.00
cutoff_count_min_param: bcut: 100000, # hashes 2, # buckets 550000 - 	loss 23.23	space 4000000.0
cutoff_count_min_param: bcut: 100000, # hashes 3, # buckets 400000 - 	loss 31.52	space 4000000.0
cutoff_count_min_param: bcut: 100000, # hashes 4, # buckets 325000 - 	loss 39.83	space 4000000.0
cutoff_count_min_param: bcut: 100000, # hashes 5, # buckets 280000 - 	loss 47.83	space 4000000.0
cutoff_count_min_param: bcut: 100000, # hashes 6, # buckets 250000 - 	loss 55.36	space 4000000.0
cutoff_count_min_param: bcut: 200000, # hashes 2, # buckets 600000 - 	loss 17.68	space 4000000.0
cutoff_count_min_param: bcut: 200000, # hashes 3, # buckets 466666 - 	loss 23.33	space 3999992.0
cutoff_count_min_param: bcut: 200000, # hashes 4, # buckets 400000 - 	loss 29.10	space 4000000.0
cutoff_count_min_param: bcut: 200000, # hashes 5, # buckets 360000 - 	loss 34.35	space 4000000.0
cutoff_count_min_param: bcut: 200000, # hashes 6, # buckets 333333 - 	loss 39.36	space 3999992.0
cutoff_count_min_param: bcut: 300000, # hashes 2, # buckets 650000 - 	loss 14.12	space 4000000.0
cutoff_count_min_param: bcut: 300000, # hashes 3, # buckets 533333 - 	loss 18.12	space 3999996.0
cutoff_count_min_param: bcut: 300000, # hashes 4, # buckets 475000 - 	loss 22.23	space 4000000.0
cutoff_count_min_param: bcut: 300000, # hashes 5, # buckets 440000 - 	loss 25.92	space 4000000.0
cutoff_count_min_param: bcut: 300000, # hashes 6, # buckets 416666 - 	loss 29.53	space 3999984.0
cutoff_count_min_param: bcut: 400000, # hashes 2, # buckets 700000 - 	loss 11.73	space 4000000.0
cutoff_count_min_param: bcut: 400000, # hashes 3, # buckets 600000 - 	loss 14.79	space 4000000.0
cutoff_count_min_param: bcut: 400000, # hashes 4, # buckets 550000 - 	loss 17.74	space 4000000.0
cutoff_count_min_param: bcut: 400000, # hashes 5, # buckets 520000 - 	loss 20.53	space 4000000.0
cutoff_count_min_param: bcut: 400000, # hashes 6, # buckets 500000 - 	loss 23.00	space 4000000.0
cutoff_count_min_param: bcut: 500000, # hashes 2, # buckets 750000 - 	loss 10.51	space 4000000.0
cutoff_count_min_param: bcut: 500000, # hashes 3, # buckets 666666 - 	loss 12.98	space 3999992.0
cutoff_count_min_param: bcut: 500000, # hashes 4, # buckets 625000 - 	loss 15.41	space 4000000.0
cutoff_count_min_param: bcut: 500000, # hashes 5, # buckets 600000 - 	loss 17.67	space 4000000.0
cutoff_count_min_param: bcut: 500000, # hashes 6, # buckets 583333 - 	loss 19.56	space 3999992.0
cutoff_count_min_param: bcut: 600000, # hashes 2, # buckets 800000 - 	loss 9.79	space 4000000.0
cutoff_count_min_param: bcut: 600000, # hashes 3, # buckets 733333 - 	loss 11.84	space 3999996.0
cutoff_count_min_param: bcut: 600000, # hashes 4, # buckets 700000 - 	loss 13.67	space 4000000.0
cutoff_count_min_param: bcut: 600000, # hashes 5, # buckets 680000 - 	loss 15.42	space 4000000.0
cutoff_count_min_param: bcut: 600000, # hashes 6, # buckets 666666 - 	loss 16.98	space 3999984.0
cutoff_count_min_param: bcut: 700000, # hashes 2, # buckets 850000 - 	loss 9.90	space 4000000.0
cutoff_count_min_param: bcut: 700000, # hashes 3, # buckets 800000 - 	loss 11.55	space 4000000.0
cutoff_count_min_param: bcut: 700000, # hashes 4, # buckets 775000 - 	loss 13.00	space 4000000.0
cutoff_count_min_param: bcut: 700000, # hashes 5, # buckets 760000 - 	loss 14.27	space 4000000.0
cutoff_count_min_param: bcut: 700000, # hashes 6, # buckets 750000 - 	loss 15.41	space 4000000.0
cutoff_count_min_param: bcut: 800000, # hashes 2, # buckets 900000 - 	loss 11.37	space 4000000.0
cutoff_count_min_param: bcut: 800000, # hashes 3, # buckets 866666 - 	loss 12.89	space 3999992.0
cutoff_count_min_param: bcut: 800000, # hashes 4, # buckets 850000 - 	loss 14.04	space 4000000.0
cutoff_count_min_param: bcut: 800000, # hashes 5, # buckets 840000 - 	loss 15.08	space 4000000.0
cutoff_count_min_param: bcut: 800000, # hashes 6, # buckets 833333 - 	loss 16.05	space 3999992.0
cutoff_count_min_param: bcut: 900000, # hashes 2, # buckets 950000 - 	loss 15.43	space 4000000.0
cutoff_count_min_param: bcut: 900000, # hashes 3, # buckets 933333 - 	loss 17.33	space 3999996.0
cutoff_count_min_param: bcut: 900000, # hashes 4, # buckets 925000 - 	loss 19.24	space 4000000.0
cutoff_count_min_param: bcut: 900000, # hashes 5, # buckets 920000 - 	loss 21.34	space 4000000.0
cutoff_count_min_param: bcut: 900000, # hashes 6, # buckets 916666 - 	loss 23.56	space 3999984.0
space: 4.20
cutoff_count_min_param: bcut: 105000, # hashes 2, # buckets 577500 - 	loss 22.09	space 4200000.0
cutoff_count_min_param: bcut: 105000, # hashes 3, # buckets 420000 - 	loss 30.14	space 4200000.0
cutoff_count_min_param: bcut: 105000, # hashes 4, # buckets 341250 - 	loss 38.05	space 4200000.0
cutoff_count_min_param: bcut: 105000, # hashes 5, # buckets 294000 - 	loss 46.06	space 4200000.0
cutoff_count_min_param: bcut: 105000, # hashes 6, # buckets 262500 - 	loss 53.32	space 4200000.0
cutoff_count_min_param: bcut: 210000, # hashes 2, # buckets 630000 - 	loss 16.54	space 4200000.0
cutoff_count_min_param: bcut: 210000, # hashes 3, # buckets 490000 - 	loss 21.98	space 4200000.0
cutoff_count_min_param: bcut: 210000, # hashes 4, # buckets 420000 - 	loss 27.38	space 4200000.0
cutoff_count_min_param: bcut: 210000, # hashes 5, # buckets 378000 - 	loss 32.64	space 4200000.0
cutoff_count_min_param: bcut: 210000, # hashes 6, # buckets 350000 - 	loss 37.27	space 4200000.0
cutoff_count_min_param: bcut: 315000, # hashes 2, # buckets 682500 - 	loss 13.08	space 4200000.0
cutoff_count_min_param: bcut: 315000, # hashes 3, # buckets 560000 - 	loss 17.06	space 4200000.0
cutoff_count_min_param: bcut: 315000, # hashes 4, # buckets 498750 - 	loss 20.93	space 4200000.0
cutoff_count_min_param: bcut: 315000, # hashes 5, # buckets 462000 - 	loss 24.59	space 4200000.0
cutoff_count_min_param: bcut: 315000, # hashes 6, # buckets 437500 - 	loss 27.90	space 4200000.0
cutoff_count_min_param: bcut: 420000, # hashes 2, # buckets 735000 - 	loss 10.84	space 4200000.0
cutoff_count_min_param: bcut: 420000, # hashes 3, # buckets 630000 - 	loss 13.88	space 4200000.0
cutoff_count_min_param: bcut: 420000, # hashes 4, # buckets 577500 - 	loss 16.73	space 4200000.0
cutoff_count_min_param: bcut: 420000, # hashes 5, # buckets 546000 - 	loss 19.38	space 4200000.0
cutoff_count_min_param: bcut: 420000, # hashes 6, # buckets 525000 - 	loss 21.84	space 4200000.0
cutoff_count_min_param: bcut: 525000, # hashes 2, # buckets 787500 - 	loss 9.71	space 4200000.0
cutoff_count_min_param: bcut: 525000, # hashes 3, # buckets 700000 - 	loss 12.17	space 4200000.0
cutoff_count_min_param: bcut: 525000, # hashes 4, # buckets 656250 - 	loss 14.49	space 4200000.0
cutoff_count_min_param: bcut: 525000, # hashes 5, # buckets 630000 - 	loss 16.57	space 4200000.0
cutoff_count_min_param: bcut: 525000, # hashes 6, # buckets 612500 - 	loss 18.70	space 4200000.0
cutoff_count_min_param: bcut: 630000, # hashes 2, # buckets 840000 - 	loss 8.80	space 4200000.0
cutoff_count_min_param: bcut: 630000, # hashes 3, # buckets 770000 - 	loss 10.70	space 4200000.0
cutoff_count_min_param: bcut: 630000, # hashes 4, # buckets 735000 - 	loss 12.47	space 4200000.0
cutoff_count_min_param: bcut: 630000, # hashes 5, # buckets 714000 - 	loss 14.13	space 4200000.0
cutoff_count_min_param: bcut: 630000, # hashes 6, # buckets 700000 - 	loss 15.53	space 4200000.0
cutoff_count_min_param: bcut: 735000, # hashes 2, # buckets 892500 - 	loss 9.24	space 4200000.0
cutoff_count_min_param: bcut: 735000, # hashes 3, # buckets 840000 - 	loss 10.83	space 4200000.0
cutoff_count_min_param: bcut: 735000, # hashes 4, # buckets 813750 - 	loss 12.31	space 4200000.0
cutoff_count_min_param: bcut: 735000, # hashes 5, # buckets 798000 - 	loss 13.50	space 4200000.0
cutoff_count_min_param: bcut: 735000, # hashes 6, # buckets 787500 - 	loss 14.65	space 4200000.0
cutoff_count_min_param: bcut: 840000, # hashes 2, # buckets 945000 - 	loss 10.20	space 4200000.0
cutoff_count_min_param: bcut: 840000, # hashes 3, # buckets 910000 - 	loss 11.51	space 4200000.0
cutoff_count_min_param: bcut: 840000, # hashes 4, # buckets 892500 - 	loss 12.76	space 4200000.0
cutoff_count_min_param: bcut: 840000, # hashes 5, # buckets 882000 - 	loss 13.78	space 4200000.0
cutoff_count_min_param: bcut: 840000, # hashes 6, # buckets 875000 - 	loss 14.60	space 4200000.0
cutoff_count_min_param: bcut: 945000, # hashes 2, # buckets 997500 - 	loss 13.52	space 4200000.0
cutoff_count_min_param: bcut: 945000, # hashes 3, # buckets 980000 - 	loss 15.14	space 4200000.0
cutoff_count_min_param: bcut: 945000, # hashes 4, # buckets 971250 - 	loss 16.78	space 4200000.0
cutoff_count_min_param: bcut: 945000, # hashes 5, # buckets 966000 - 	loss 18.42	space 4200000.0
cutoff_count_min_param: bcut: 945000, # hashes 6, # buckets 962500 - 	loss 20.13	space 4200000.0
space: 4.40
cutoff_count_min_param: bcut: 110000, # hashes 2, # buckets 605000 - 	loss 21.05	space 4400000.0
cutoff_count_min_param: bcut: 110000, # hashes 3, # buckets 440000 - 	loss 28.97	space 4400000.0
cutoff_count_min_param: bcut: 110000, # hashes 4, # buckets 357500 - 	loss 36.91	space 4400000.0
cutoff_count_min_param: bcut: 110000, # hashes 5, # buckets 308000 - 	loss 44.42	space 4400000.0
cutoff_count_min_param: bcut: 110000, # hashes 6, # buckets 275000 - 	loss 51.47	space 4400000.0
cutoff_count_min_param: bcut: 220000, # hashes 2, # buckets 660000 - 	loss 15.48	space 4400000.0
cutoff_count_min_param: bcut: 220000, # hashes 3, # buckets 513333 - 	loss 20.71	space 4399996.0
cutoff_count_min_param: bcut: 220000, # hashes 4, # buckets 440000 - 	loss 25.97	space 4400000.0
cutoff_count_min_param: bcut: 220000, # hashes 5, # buckets 396000 - 	loss 30.84	space 4400000.0
cutoff_count_min_param: bcut: 220000, # hashes 6, # buckets 366666 - 	loss 35.61	space 4399984.0
cutoff_count_min_param: bcut: 330000, # hashes 2, # buckets 715000 - 	loss 12.13	space 4400000.0
cutoff_count_min_param: bcut: 330000, # hashes 3, # buckets 586666 - 	loss 15.89	space 4399992.0
cutoff_count_min_param: bcut: 330000, # hashes 4, # buckets 522500 - 	loss 19.56	space 4400000.0
cutoff_count_min_param: bcut: 330000, # hashes 5, # buckets 484000 - 	loss 23.02	space 4400000.0
cutoff_count_min_param: bcut: 330000, # hashes 6, # buckets 458333 - 	loss 26.25	space 4399992.0
cutoff_count_min_param: bcut: 440000, # hashes 2, # buckets 770000 - 	loss 10.01	space 4400000.0
cutoff_count_min_param: bcut: 440000, # hashes 3, # buckets 660000 - 	loss 12.86	space 4400000.0
cutoff_count_min_param: bcut: 440000, # hashes 4, # buckets 605000 - 	loss 15.70	space 4400000.0
cutoff_count_min_param: bcut: 440000, # hashes 5, # buckets 572000 - 	loss 18.22	space 4400000.0
cutoff_count_min_param: bcut: 440000, # hashes 6, # buckets 550000 - 	loss 20.58	space 4400000.0
cutoff_count_min_param: bcut: 550000, # hashes 2, # buckets 825000 - 	loss 8.95	space 4400000.0
cutoff_count_min_param: bcut: 550000, # hashes 3, # buckets 733333 - 	loss 11.32	space 4399996.0
cutoff_count_min_param: bcut: 550000, # hashes 4, # buckets 687500 - 	loss 13.63	space 4400000.0
cutoff_count_min_param: bcut: 550000, # hashes 5, # buckets 660000 - 	loss 15.75	space 4400000.0
cutoff_count_min_param: bcut: 550000, # hashes 6, # buckets 641666 - 	loss 17.56	space 4399984.0
cutoff_count_min_param: bcut: 660000, # hashes 2, # buckets 880000 - 	loss 8.14	space 4400000.0
cutoff_count_min_param: bcut: 660000, # hashes 3, # buckets 806666 - 	loss 9.97	space 4399992.0
cutoff_count_min_param: bcut: 660000, # hashes 4, # buckets 770000 - 	loss 11.74	space 4400000.0
cutoff_count_min_param: bcut: 660000, # hashes 5, # buckets 748000 - 	loss 13.29	space 4400000.0
cutoff_count_min_param: bcut: 660000, # hashes 6, # buckets 733333 - 	loss 14.69	space 4399992.0
cutoff_count_min_param: bcut: 770000, # hashes 2, # buckets 935000 - 	loss 8.51	space 4400000.0
cutoff_count_min_param: bcut: 770000, # hashes 3, # buckets 880000 - 	loss 10.11	space 4400000.0
cutoff_count_min_param: bcut: 770000, # hashes 4, # buckets 852500 - 	loss 11.52	space 4400000.0
cutoff_count_min_param: bcut: 770000, # hashes 5, # buckets 836000 - 	loss 12.74	space 4400000.0
cutoff_count_min_param: bcut: 770000, # hashes 6, # buckets 825000 - 	loss 13.71	space 4400000.0
cutoff_count_min_param: bcut: 880000, # hashes 2, # buckets 990000 - 	loss 9.02	space 4400000.0
cutoff_count_min_param: bcut: 880000, # hashes 3, # buckets 953333 - 	loss 10.29	space 4399996.0
cutoff_count_min_param: bcut: 880000, # hashes 4, # buckets 935000 - 	loss 11.40	space 4400000.0
cutoff_count_min_param: bcut: 880000, # hashes 5, # buckets 924000 - 	loss 12.33	space 4400000.0
cutoff_count_min_param: bcut: 880000, # hashes 6, # buckets 916666 - 	loss 13.10	space 4399984.0
cutoff_count_min_param: bcut: 990000, # hashes 2, # buckets 1045000 - 	loss 12.38	space 4400000.0
cutoff_count_min_param: bcut: 990000, # hashes 3, # buckets 1026666 - 	loss 13.75	space 4399992.0
cutoff_count_min_param: bcut: 990000, # hashes 4, # buckets 1017500 - 	loss 15.08	space 4400000.0
cutoff_count_min_param: bcut: 990000, # hashes 5, # buckets 1012000 - 	loss 16.62	space 4400000.0
cutoff_count_min_param: bcut: 990000, # hashes 6, # buckets 1008333 - 	loss 17.94	space 4399992.0
space: 4.60
cutoff_count_min_param: bcut: 115000, # hashes 2, # buckets 632500 - 	loss 20.08	space 4600000.0
cutoff_count_min_param: bcut: 115000, # hashes 3, # buckets 460000 - 	loss 27.76	space 4600000.0
cutoff_count_min_param: bcut: 115000, # hashes 4, # buckets 373750 - 	loss 35.47	space 4600000.0
cutoff_count_min_param: bcut: 115000, # hashes 5, # buckets 322000 - 	loss 42.83	space 4600000.0
cutoff_count_min_param: bcut: 115000, # hashes 6, # buckets 287500 - 	loss 49.57	space 4600000.0
cutoff_count_min_param: bcut: 230000, # hashes 2, # buckets 690000 - 	loss 14.54	space 4600000.0
cutoff_count_min_param: bcut: 230000, # hashes 3, # buckets 536666 - 	loss 19.64	space 4599992.0
cutoff_count_min_param: bcut: 230000, # hashes 4, # buckets 460000 - 	loss 24.65	space 4600000.0
cutoff_count_min_param: bcut: 230000, # hashes 5, # buckets 414000 - 	loss 29.39	space 4600000.0
cutoff_count_min_param: bcut: 230000, # hashes 6, # buckets 383333 - 	loss 33.87	space 4599992.0
cutoff_count_min_param: bcut: 345000, # hashes 2, # buckets 747500 - 	loss 11.27	space 4600000.0
cutoff_count_min_param: bcut: 345000, # hashes 3, # buckets 613333 - 	loss 14.81	space 4599996.0
cutoff_count_min_param: bcut: 345000, # hashes 4, # buckets 546250 - 	loss 18.47	space 4600000.0
cutoff_count_min_param: bcut: 345000, # hashes 5, # buckets 506000 - 	loss 21.87	space 4600000.0
cutoff_count_min_param: bcut: 345000, # hashes 6, # buckets 479166 - 	loss 24.97	space 4599984.0
cutoff_count_min_param: bcut: 460000, # hashes 2, # buckets 805000 - 	loss 9.26	space 4600000.0
cutoff_count_min_param: bcut: 460000, # hashes 3, # buckets 690000 - 	loss 11.97	space 4600000.0
cutoff_count_min_param: bcut: 460000, # hashes 4, # buckets 632500 - 	loss 14.62	space 4600000.0
cutoff_count_min_param: bcut: 460000, # hashes 5, # buckets 598000 - 	loss 17.14	space 4600000.0
cutoff_count_min_param: bcut: 460000, # hashes 6, # buckets 575000 - 	loss 19.45	space 4600000.0
cutoff_count_min_param: bcut: 575000, # hashes 2, # buckets 862500 - 	loss 8.17	space 4600000.0
cutoff_count_min_param: bcut: 575000, # hashes 3, # buckets 766666 - 	loss 10.40	space 4599992.0
cutoff_count_min_param: bcut: 575000, # hashes 4, # buckets 718750 - 	loss 12.54	space 4600000.0
cutoff_count_min_param: bcut: 575000, # hashes 5, # buckets 690000 - 	loss 14.55	space 4600000.0
cutoff_count_min_param: bcut: 575000, # hashes 6, # buckets 670833 - 	loss 16.36	space 4599992.0
cutoff_count_min_param: bcut: 690000, # hashes 2, # buckets 920000 - 	loss 7.53	space 4600000.0
cutoff_count_min_param: bcut: 690000, # hashes 3, # buckets 843333 - 	loss 9.31	space 4599996.0
cutoff_count_min_param: bcut: 690000, # hashes 4, # buckets 805000 - 	loss 11.04	space 4600000.0
cutoff_count_min_param: bcut: 690000, # hashes 5, # buckets 782000 - 	loss 12.57	space 4600000.0
cutoff_count_min_param: bcut: 690000, # hashes 6, # buckets 766666 - 	loss 13.96	space 4599984.0
cutoff_count_min_param: bcut: 805000, # hashes 2, # buckets 977500 - 	loss 7.82	space 4600000.0
cutoff_count_min_param: bcut: 805000, # hashes 3, # buckets 920000 - 	loss 9.33	space 4600000.0
cutoff_count_min_param: bcut: 805000, # hashes 4, # buckets 891250 - 	loss 10.71	space 4600000.0
cutoff_count_min_param: bcut: 805000, # hashes 5, # buckets 874000 - 	loss 11.94	space 4600000.0
cutoff_count_min_param: bcut: 805000, # hashes 6, # buckets 862500 - 	loss 12.99	space 4600000.0
cutoff_count_min_param: bcut: 920000, # hashes 2, # buckets 1035000 - 	loss 8.04	space 4600000.0
cutoff_count_min_param: bcut: 920000, # hashes 3, # buckets 996666 - 	loss 9.25	space 4599992.0
cutoff_count_min_param: bcut: 920000, # hashes 4, # buckets 977500 - 	loss 10.30	space 4600000.0
cutoff_count_min_param: bcut: 920000, # hashes 5, # buckets 966000 - 	loss 11.13	space 4600000.0
cutoff_count_min_param: bcut: 920000, # hashes 6, # buckets 958333 - 	loss 11.96	space 4599992.0
cutoff_count_min_param: bcut: 1035000, # hashes 2, # buckets 1092500 - 	loss 11.79	space 4600000.0
cutoff_count_min_param: bcut: 1035000, # hashes 3, # buckets 1073333 - 	loss 13.07	space 4599996.0
cutoff_count_min_param: bcut: 1035000, # hashes 4, # buckets 1063750 - 	loss 14.27	space 4600000.0
cutoff_count_min_param: bcut: 1035000, # hashes 5, # buckets 1058000 - 	loss 15.62	space 4600000.0
cutoff_count_min_param: bcut: 1035000, # hashes 6, # buckets 1054166 - 	loss 16.84	space 4599984.0
space: 4.80
cutoff_count_min_param: bcut: 120000, # hashes 2, # buckets 660000 - 	loss 19.11	space 4800000.0
cutoff_count_min_param: bcut: 120000, # hashes 3, # buckets 480000 - 	loss 26.56	space 4800000.0
cutoff_count_min_param: bcut: 120000, # hashes 4, # buckets 390000 - 	loss 34.25	space 4800000.0
cutoff_count_min_param: bcut: 120000, # hashes 5, # buckets 336000 - 	loss 41.20	space 4800000.0
cutoff_count_min_param: bcut: 120000, # hashes 6, # buckets 300000 - 	loss 47.92	space 4800000.0
cutoff_count_min_param: bcut: 240000, # hashes 2, # buckets 720000 - 	loss 13.74	space 4800000.0
cutoff_count_min_param: bcut: 240000, # hashes 3, # buckets 560000 - 	loss 18.61	space 4800000.0
cutoff_count_min_param: bcut: 240000, # hashes 4, # buckets 480000 - 	loss 23.49	space 4800000.0
cutoff_count_min_param: bcut: 240000, # hashes 5, # buckets 432000 - 	loss 28.16	space 4800000.0
cutoff_count_min_param: bcut: 240000, # hashes 6, # buckets 400000 - 	loss 32.43	space 4800000.0
cutoff_count_min_param: bcut: 360000, # hashes 2, # buckets 780000 - 	loss 10.44	space 4800000.0
cutoff_count_min_param: bcut: 360000, # hashes 3, # buckets 640000 - 	loss 13.87	space 4800000.0
cutoff_count_min_param: bcut: 360000, # hashes 4, # buckets 570000 - 	loss 17.30	space 4800000.0
cutoff_count_min_param: bcut: 360000, # hashes 5, # buckets 528000 - 	loss 20.49	space 4800000.0
cutoff_count_min_param: bcut: 360000, # hashes 6, # buckets 500000 - 	loss 23.41	space 4800000.0
cutoff_count_min_param: bcut: 480000, # hashes 2, # buckets 840000 - 	loss 8.58	space 4800000.0
cutoff_count_min_param: bcut: 480000, # hashes 3, # buckets 720000 - 	loss 11.15	space 4800000.0
cutoff_count_min_param: bcut: 480000, # hashes 4, # buckets 660000 - 	loss 13.81	space 4800000.0
cutoff_count_min_param: bcut: 480000, # hashes 5, # buckets 624000 - 	loss 16.27	space 4800000.0
cutoff_count_min_param: bcut: 480000, # hashes 6, # buckets 600000 - 	loss 18.47	space 4800000.0
cutoff_count_min_param: bcut: 600000, # hashes 2, # buckets 900000 - 	loss 7.47	space 4800000.0
cutoff_count_min_param: bcut: 600000, # hashes 3, # buckets 800000 - 	loss 9.60	space 4800000.0
cutoff_count_min_param: bcut: 600000, # hashes 4, # buckets 750000 - 	loss 11.64	space 4800000.0
cutoff_count_min_param: bcut: 600000, # hashes 5, # buckets 720000 - 	loss 13.59	space 4800000.0
cutoff_count_min_param: bcut: 600000, # hashes 6, # buckets 700000 - 	loss 15.18	space 4800000.0
cutoff_count_min_param: bcut: 720000, # hashes 2, # buckets 960000 - 	loss 7.06	space 4800000.0
cutoff_count_min_param: bcut: 720000, # hashes 3, # buckets 880000 - 	loss 8.83	space 4800000.0
cutoff_count_min_param: bcut: 720000, # hashes 4, # buckets 840000 - 	loss 10.44	space 4800000.0
cutoff_count_min_param: bcut: 720000, # hashes 5, # buckets 816000 - 	loss 11.95	space 4800000.0
cutoff_count_min_param: bcut: 720000, # hashes 6, # buckets 800000 - 	loss 13.24	space 4800000.0
cutoff_count_min_param: bcut: 840000, # hashes 2, # buckets 1020000 - 	loss 7.05	space 4800000.0
cutoff_count_min_param: bcut: 840000, # hashes 3, # buckets 960000 - 	loss 8.59	space 4800000.0
cutoff_count_min_param: bcut: 840000, # hashes 4, # buckets 930000 - 	loss 9.92	space 4800000.0
cutoff_count_min_param: bcut: 840000, # hashes 5, # buckets 912000 - 	loss 11.15	space 4800000.0
cutoff_count_min_param: bcut: 840000, # hashes 6, # buckets 900000 - 	loss 12.22	space 4800000.0
cutoff_count_min_param: bcut: 960000, # hashes 2, # buckets 1080000 - 	loss 7.26	space 4800000.0
cutoff_count_min_param: bcut: 960000, # hashes 3, # buckets 1040000 - 	loss 8.45	space 4800000.0
cutoff_count_min_param: bcut: 960000, # hashes 4, # buckets 1020000 - 	loss 9.41	space 4800000.0
cutoff_count_min_param: bcut: 960000, # hashes 5, # buckets 1008000 - 	loss 10.33	space 4800000.0
cutoff_count_min_param: bcut: 960000, # hashes 6, # buckets 1000000 - 	loss 11.08	space 4800000.0
cutoff_count_min_param: bcut: 1080000, # hashes 2, # buckets 1140000 - 	loss 11.18	space 4800000.0
cutoff_count_min_param: bcut: 1080000, # hashes 3, # buckets 1120000 - 	loss 12.44	space 4800000.0
cutoff_count_min_param: bcut: 1080000, # hashes 4, # buckets 1110000 - 	loss 13.56	space 4800000.0
cutoff_count_min_param: bcut: 1080000, # hashes 5, # buckets 1104000 - 	loss 14.70	space 4800000.0
cutoff_count_min_param: bcut: 1080000, # hashes 6, # buckets 1100000 - 	loss 15.95	space 4800000.0
space: 5.00
cutoff_count_min_param: bcut: 125000, # hashes 2, # buckets 687500 - 	loss 18.24	space 5000000.0
cutoff_count_min_param: bcut: 125000, # hashes 3, # buckets 500000 - 	loss 25.58	space 5000000.0
cutoff_count_min_param: bcut: 125000, # hashes 4, # buckets 406250 - 	loss 32.94	space 5000000.0
cutoff_count_min_param: bcut: 125000, # hashes 5, # buckets 350000 - 	loss 39.84	space 5000000.0
cutoff_count_min_param: bcut: 125000, # hashes 6, # buckets 312500 - 	loss 46.48	space 5000000.0
cutoff_count_min_param: bcut: 250000, # hashes 2, # buckets 750000 - 	loss 12.92	space 5000000.0
cutoff_count_min_param: bcut: 250000, # hashes 3, # buckets 583333 - 	loss 17.65	space 4999996.0
cutoff_count_min_param: bcut: 250000, # hashes 4, # buckets 500000 - 	loss 22.35	space 5000000.0
cutoff_count_min_param: bcut: 250000, # hashes 5, # buckets 450000 - 	loss 26.85	space 5000000.0
cutoff_count_min_param: bcut: 250000, # hashes 6, # buckets 416666 - 	loss 30.93	space 4999984.0
cutoff_count_min_param: bcut: 375000, # hashes 2, # buckets 812500 - 	loss 9.75	space 5000000.0
cutoff_count_min_param: bcut: 375000, # hashes 3, # buckets 666666 - 	loss 13.01	space 4999992.0
cutoff_count_min_param: bcut: 375000, # hashes 4, # buckets 593750 - 	loss 16.28	space 5000000.0
cutoff_count_min_param: bcut: 375000, # hashes 5, # buckets 550000 - 	loss 19.40	space 5000000.0
cutoff_count_min_param: bcut: 375000, # hashes 6, # buckets 520833 - 	loss 22.24	space 4999992.0
cutoff_count_min_param: bcut: 500000, # hashes 2, # buckets 875000 - 	loss 8.02	space 5000000.0
cutoff_count_min_param: bcut: 500000, # hashes 3, # buckets 750000 - 	loss 10.53	space 5000000.0
cutoff_count_min_param: bcut: 500000, # hashes 4, # buckets 687500 - 	loss 13.14	space 5000000.0
cutoff_count_min_param: bcut: 500000, # hashes 5, # buckets 650000 - 	loss 15.54	space 5000000.0
cutoff_count_min_param: bcut: 500000, # hashes 6, # buckets 625000 - 	loss 17.68	space 5000000.0
cutoff_count_min_param: bcut: 625000, # hashes 2, # buckets 937500 - 	loss 6.79	space 5000000.0
cutoff_count_min_param: bcut: 625000, # hashes 3, # buckets 833333 - 	loss 8.80	space 4999996.0
cutoff_count_min_param: bcut: 625000, # hashes 4, # buckets 781250 - 	loss 10.71	space 5000000.0
cutoff_count_min_param: bcut: 625000, # hashes 5, # buckets 750000 - 	loss 12.54	space 5000000.0
cutoff_count_min_param: bcut: 625000, # hashes 6, # buckets 729166 - 	loss 14.18	space 4999984.0
cutoff_count_min_param: bcut: 750000, # hashes 2, # buckets 1000000 - 	loss 6.65	space 5000000.0
cutoff_count_min_param: bcut: 750000, # hashes 3, # buckets 916666 - 	loss 8.37	space 4999992.0
cutoff_count_min_param: bcut: 750000, # hashes 4, # buckets 875000 - 	loss 10.07	space 5000000.0
cutoff_count_min_param: bcut: 750000, # hashes 5, # buckets 850000 - 	loss 11.49	space 5000000.0
cutoff_count_min_param: bcut: 750000, # hashes 6, # buckets 833333 - 	loss 12.90	space 4999992.0
cutoff_count_min_param: bcut: 875000, # hashes 2, # buckets 1062500 - 	loss 6.31	space 5000000.0
cutoff_count_min_param: bcut: 875000, # hashes 3, # buckets 1000000 - 	loss 7.68	space 5000000.0
cutoff_count_min_param: bcut: 875000, # hashes 4, # buckets 968750 - 	loss 8.91	space 5000000.0
cutoff_count_min_param: bcut: 875000, # hashes 5, # buckets 950000 - 	loss 10.10	space 5000000.0
cutoff_count_min_param: bcut: 875000, # hashes 6, # buckets 937500 - 	loss 11.03	space 5000000.0
cutoff_count_min_param: bcut: 1000000, # hashes 2, # buckets 1125000 - 	loss 6.79	space 5000000.0
cutoff_count_min_param: bcut: 1000000, # hashes 3, # buckets 1083333 - 	loss 7.95	space 4999996.0
cutoff_count_min_param: bcut: 1000000, # hashes 4, # buckets 1062500 - 	loss 8.97	space 5000000.0
cutoff_count_min_param: bcut: 1000000, # hashes 5, # buckets 1050000 - 	loss 9.84	space 5000000.0
cutoff_count_min_param: bcut: 1000000, # hashes 6, # buckets 1041666 - 	loss 10.55	space 4999984.0
cutoff_count_min_param: bcut: 1125000, # hashes 2, # buckets 1187500 - 	loss 10.69	space 5000000.0
cutoff_count_min_param: bcut: 1125000, # hashes 3, # buckets 1166666 - 	loss 11.88	space 4999992.0
cutoff_count_min_param: bcut: 1125000, # hashes 4, # buckets 1156250 - 	loss 12.97	space 5000000.0
cutoff_count_min_param: bcut: 1125000, # hashes 5, # buckets 1150000 - 	loss 13.97	space 5000000.0
cutoff_count_min_param: bcut: 1125000, # hashes 6, # buckets 1145833 - 	loss 15.03	space 4999992.0
space: 5.20
cutoff_count_min_param: bcut: 130000, # hashes 2, # buckets 715000 - 	loss 17.48	space 5200000.0
cutoff_count_min_param: bcut: 130000, # hashes 3, # buckets 520000 - 	loss 24.65	space 5200000.0
cutoff_count_min_param: bcut: 130000, # hashes 4, # buckets 422500 - 	loss 31.76	space 5200000.0
cutoff_count_min_param: bcut: 130000, # hashes 5, # buckets 364000 - 	loss 38.58	space 5200000.0
cutoff_count_min_param: bcut: 130000, # hashes 6, # buckets 325000 - 	loss 44.94	space 5200000.0
cutoff_count_min_param: bcut: 260000, # hashes 2, # buckets 780000 - 	loss 12.23	space 5200000.0
cutoff_count_min_param: bcut: 260000, # hashes 3, # buckets 606666 - 	loss 16.84	space 5199992.0
cutoff_count_min_param: bcut: 260000, # hashes 4, # buckets 520000 - 	loss 21.37	space 5200000.0
cutoff_count_min_param: bcut: 260000, # hashes 5, # buckets 468000 - 	loss 25.78	space 5200000.0
cutoff_count_min_param: bcut: 260000, # hashes 6, # buckets 433333 - 	loss 29.90	space 5199992.0
cutoff_count_min_param: bcut: 390000, # hashes 2, # buckets 845000 - 	loss 9.10	space 5200000.0
cutoff_count_min_param: bcut: 390000, # hashes 3, # buckets 693333 - 	loss 12.28	space 5199996.0
cutoff_count_min_param: bcut: 390000, # hashes 4, # buckets 617500 - 	loss 15.44	space 5200000.0
cutoff_count_min_param: bcut: 390000, # hashes 5, # buckets 572000 - 	loss 18.38	space 5200000.0
cutoff_count_min_param: bcut: 390000, # hashes 6, # buckets 541666 - 	loss 21.21	space 5199984.0
cutoff_count_min_param: bcut: 520000, # hashes 2, # buckets 910000 - 	loss 7.47	space 5200000.0
cutoff_count_min_param: bcut: 520000, # hashes 3, # buckets 780000 - 	loss 9.91	space 5200000.0
cutoff_count_min_param: bcut: 520000, # hashes 4, # buckets 715000 - 	loss 12.48	space 5200000.0
cutoff_count_min_param: bcut: 520000, # hashes 5, # buckets 676000 - 	loss 14.76	space 5200000.0
cutoff_count_min_param: bcut: 520000, # hashes 6, # buckets 650000 - 	loss 16.93	space 5200000.0
cutoff_count_min_param: bcut: 650000, # hashes 2, # buckets 975000 - 	loss 6.33	space 5200000.0
cutoff_count_min_param: bcut: 650000, # hashes 3, # buckets 866666 - 	loss 8.19	space 5199992.0
cutoff_count_min_param: bcut: 650000, # hashes 4, # buckets 812500 - 	loss 10.11	space 5200000.0
cutoff_count_min_param: bcut: 650000, # hashes 5, # buckets 780000 - 	loss 11.89	space 5200000.0
cutoff_count_min_param: bcut: 650000, # hashes 6, # buckets 758333 - 	loss 13.49	space 5199992.0
cutoff_count_min_param: bcut: 780000, # hashes 2, # buckets 1040000 - 	loss 6.14	space 5200000.0
cutoff_count_min_param: bcut: 780000, # hashes 3, # buckets 953333 - 	loss 7.78	space 5199996.0
cutoff_count_min_param: bcut: 780000, # hashes 4, # buckets 910000 - 	loss 9.40	space 5200000.0
cutoff_count_min_param: bcut: 780000, # hashes 5, # buckets 884000 - 	loss 10.81	space 5200000.0
cutoff_count_min_param: bcut: 780000, # hashes 6, # buckets 866666 - 	loss 12.09	space 5199984.0
cutoff_count_min_param: bcut: 910000, # hashes 2, # buckets 1105000 - 	loss 5.70	space 5200000.0
cutoff_count_min_param: bcut: 910000, # hashes 3, # buckets 1040000 - 	loss 6.99	space 5200000.0
cutoff_count_min_param: bcut: 910000, # hashes 4, # buckets 1007500 - 	loss 8.23	space 5200000.0
cutoff_count_min_param: bcut: 910000, # hashes 5, # buckets 988000 - 	loss 9.31	space 5200000.0
cutoff_count_min_param: bcut: 910000, # hashes 6, # buckets 975000 - 	loss 10.26	space 5200000.0
cutoff_count_min_param: bcut: 1040000, # hashes 2, # buckets 1170000 - 	loss 6.55	space 5200000.0
cutoff_count_min_param: bcut: 1040000, # hashes 3, # buckets 1126666 - 	loss 7.73	space 5199992.0
cutoff_count_min_param: bcut: 1040000, # hashes 4, # buckets 1105000 - 	loss 8.69	space 5200000.0
cutoff_count_min_param: bcut: 1040000, # hashes 5, # buckets 1092000 - 	loss 9.60	space 5200000.0
cutoff_count_min_param: bcut: 1040000, # hashes 6, # buckets 1083333 - 	loss 10.29	space 5199992.0
cutoff_count_min_param: bcut: 1170000, # hashes 2, # buckets 1235000 - 	loss 10.24	space 5200000.0
cutoff_count_min_param: bcut: 1170000, # hashes 3, # buckets 1213333 - 	loss 11.41	space 5199996.0
cutoff_count_min_param: bcut: 1170000, # hashes 4, # buckets 1202500 - 	loss 12.43	space 5200000.0
cutoff_count_min_param: bcut: 1170000, # hashes 5, # buckets 1196000 - 	loss 13.40	space 5200000.0
cutoff_count_min_param: bcut: 1170000, # hashes 6, # buckets 1191666 - 	loss 14.33	space 5199984.0
space: 5.40
cutoff_count_min_param: bcut: 135000, # hashes 2, # buckets 742500 - 	loss 16.67	space 5400000.0
cutoff_count_min_param: bcut: 135000, # hashes 3, # buckets 540000 - 	loss 23.61	space 5400000.0
cutoff_count_min_param: bcut: 135000, # hashes 4, # buckets 438750 - 	loss 30.56	space 5400000.0
cutoff_count_min_param: bcut: 135000, # hashes 5, # buckets 378000 - 	loss 37.23	space 5400000.0
cutoff_count_min_param: bcut: 135000, # hashes 6, # buckets 337500 - 	loss 43.54	space 5400000.0
cutoff_count_min_param: bcut: 270000, # hashes 2, # buckets 810000 - 	loss 11.50	space 5400000.0
cutoff_count_min_param: bcut: 270000, # hashes 3, # buckets 630000 - 	loss 15.89	space 5400000.0
cutoff_count_min_param: bcut: 270000, # hashes 4, # buckets 540000 - 	loss 20.26	space 5400000.0
cutoff_count_min_param: bcut: 270000, # hashes 5, # buckets 486000 - 	loss 24.44	space 5400000.0
cutoff_count_min_param: bcut: 270000, # hashes 6, # buckets 450000 - 	loss 28.48	space 5400000.0
cutoff_count_min_param: bcut: 405000, # hashes 2, # buckets 877500 - 	loss 8.51	space 5400000.0
cutoff_count_min_param: bcut: 405000, # hashes 3, # buckets 720000 - 	loss 11.51	space 5400000.0
cutoff_count_min_param: bcut: 405000, # hashes 4, # buckets 641250 - 	loss 14.62	space 5400000.0
cutoff_count_min_param: bcut: 405000, # hashes 5, # buckets 594000 - 	loss 17.56	space 5400000.0
cutoff_count_min_param: bcut: 405000, # hashes 6, # buckets 562500 - 	loss 20.28	space 5400000.0
cutoff_count_min_param: bcut: 540000, # hashes 2, # buckets 945000 - 	loss 7.05	space 5400000.0
cutoff_count_min_param: bcut: 540000, # hashes 3, # buckets 810000 - 	loss 9.40	space 5400000.0
cutoff_count_min_param: bcut: 540000, # hashes 4, # buckets 742500 - 	loss 11.81	space 5400000.0
cutoff_count_min_param: bcut: 540000, # hashes 5, # buckets 702000 - 	loss 14.09	space 5400000.0
cutoff_count_min_param: bcut: 540000, # hashes 6, # buckets 675000 - 	loss 16.25	space 5400000.0
cutoff_count_min_param: bcut: 675000, # hashes 2, # buckets 1012500 - 	loss 5.92	space 5400000.0
cutoff_count_min_param: bcut: 675000, # hashes 3, # buckets 900000 - 	loss 7.70	space 5400000.0
cutoff_count_min_param: bcut: 675000, # hashes 4, # buckets 843750 - 	loss 9.56	space 5400000.0
cutoff_count_min_param: bcut: 675000, # hashes 5, # buckets 810000 - 	loss 11.29	space 5400000.0
cutoff_count_min_param: bcut: 675000, # hashes 6, # buckets 787500 - 	loss 12.86	space 5400000.0
cutoff_count_min_param: bcut: 810000, # hashes 2, # buckets 1080000 - 	loss 5.65	space 5400000.0
cutoff_count_min_param: bcut: 810000, # hashes 3, # buckets 990000 - 	loss 7.22	space 5400000.0
cutoff_count_min_param: bcut: 810000, # hashes 4, # buckets 945000 - 	loss 8.76	space 5400000.0
cutoff_count_min_param: bcut: 810000, # hashes 5, # buckets 918000 - 	loss 10.15	space 5400000.0
cutoff_count_min_param: bcut: 810000, # hashes 6, # buckets 900000 - 	loss 11.48	space 5400000.0
cutoff_count_min_param: bcut: 945000, # hashes 2, # buckets 1147500 - 	loss 5.14	space 5400000.0
cutoff_count_min_param: bcut: 945000, # hashes 3, # buckets 1080000 - 	loss 6.39	space 5400000.0
cutoff_count_min_param: bcut: 945000, # hashes 4, # buckets 1046250 - 	loss 7.63	space 5400000.0
cutoff_count_min_param: bcut: 945000, # hashes 5, # buckets 1026000 - 	loss 8.69	space 5400000.0
cutoff_count_min_param: bcut: 945000, # hashes 6, # buckets 1012500 - 	loss 9.64	space 5400000.0
cutoff_count_min_param: bcut: 1080000, # hashes 2, # buckets 1215000 - 	loss 6.31	space 5400000.0
cutoff_count_min_param: bcut: 1080000, # hashes 3, # buckets 1170000 - 	loss 7.45	space 5400000.0
cutoff_count_min_param: bcut: 1080000, # hashes 4, # buckets 1147500 - 	loss 8.47	space 5400000.0
cutoff_count_min_param: bcut: 1080000, # hashes 5, # buckets 1134000 - 	loss 9.37	space 5400000.0
cutoff_count_min_param: bcut: 1080000, # hashes 6, # buckets 1125000 - 	loss 10.08	space 5400000.0
cutoff_count_min_param: bcut: 1215000, # hashes 2, # buckets 1282500 - 	loss 9.80	space 5400000.0
cutoff_count_min_param: bcut: 1215000, # hashes 3, # buckets 1260000 - 	loss 10.96	space 5400000.0
cutoff_count_min_param: bcut: 1215000, # hashes 4, # buckets 1248750 - 	loss 11.90	space 5400000.0
cutoff_count_min_param: bcut: 1215000, # hashes 5, # buckets 1242000 - 	loss 12.89	space 5400000.0
cutoff_count_min_param: bcut: 1215000, # hashes 6, # buckets 1237500 - 	loss 13.79	space 5400000.0
space: 5.60
cutoff_count_min_param: bcut: 140000, # hashes 2, # buckets 770000 - 	loss 16.00	space 5600000.0
cutoff_count_min_param: bcut: 140000, # hashes 3, # buckets 560000 - 	loss 22.75	space 5600000.0
cutoff_count_min_param: bcut: 140000, # hashes 4, # buckets 455000 - 	loss 29.71	space 5600000.0
cutoff_count_min_param: bcut: 140000, # hashes 5, # buckets 392000 - 	loss 36.03	space 5600000.0
cutoff_count_min_param: bcut: 140000, # hashes 6, # buckets 350000 - 	loss 42.25	space 5600000.0
cutoff_count_min_param: bcut: 280000, # hashes 2, # buckets 840000 - 	loss 10.80	space 5600000.0
cutoff_count_min_param: bcut: 280000, # hashes 3, # buckets 653333 - 	loss 15.04	space 5599996.0
cutoff_count_min_param: bcut: 280000, # hashes 4, # buckets 560000 - 	loss 19.30	space 5600000.0
cutoff_count_min_param: bcut: 280000, # hashes 5, # buckets 504000 - 	loss 23.32	space 5600000.0
cutoff_count_min_param: bcut: 280000, # hashes 6, # buckets 466666 - 	loss 27.11	space 5599984.0
cutoff_count_min_param: bcut: 420000, # hashes 2, # buckets 910000 - 	loss 8.01	space 5600000.0
cutoff_count_min_param: bcut: 420000, # hashes 3, # buckets 746666 - 	loss 10.97	space 5599992.0
cutoff_count_min_param: bcut: 420000, # hashes 4, # buckets 665000 - 	loss 13.99	space 5600000.0
cutoff_count_min_param: bcut: 420000, # hashes 5, # buckets 616000 - 	loss 16.81	space 5600000.0
cutoff_count_min_param: bcut: 420000, # hashes 6, # buckets 583333 - 	loss 19.43	space 5599992.0
cutoff_count_min_param: bcut: 560000, # hashes 2, # buckets 980000 - 	loss 6.47	space 5600000.0
cutoff_count_min_param: bcut: 560000, # hashes 3, # buckets 840000 - 	loss 8.75	space 5600000.0
cutoff_count_min_param: bcut: 560000, # hashes 4, # buckets 770000 - 	loss 11.11	space 5600000.0
cutoff_count_min_param: bcut: 560000, # hashes 5, # buckets 728000 - 	loss 13.32	space 5600000.0
cutoff_count_min_param: bcut: 560000, # hashes 6, # buckets 700000 - 	loss 15.31	space 5600000.0
cutoff_count_min_param: bcut: 700000, # hashes 2, # buckets 1050000 - 	loss 5.56	space 5600000.0
cutoff_count_min_param: bcut: 700000, # hashes 3, # buckets 933333 - 	loss 7.32	space 5599996.0
cutoff_count_min_param: bcut: 700000, # hashes 4, # buckets 875000 - 	loss 9.14	space 5600000.0
cutoff_count_min_param: bcut: 700000, # hashes 5, # buckets 840000 - 	loss 10.82	space 5600000.0
cutoff_count_min_param: bcut: 700000, # hashes 6, # buckets 816666 - 	loss 12.30	space 5599984.0
cutoff_count_min_param: bcut: 840000, # hashes 2, # buckets 1120000 - 	loss 5.19	space 5600000.0
cutoff_count_min_param: bcut: 840000, # hashes 3, # buckets 1026666 - 	loss 6.72	space 5599992.0
cutoff_count_min_param: bcut: 840000, # hashes 4, # buckets 980000 - 	loss 8.25	space 5600000.0
cutoff_count_min_param: bcut: 840000, # hashes 5, # buckets 952000 - 	loss 9.60	space 5600000.0
cutoff_count_min_param: bcut: 840000, # hashes 6, # buckets 933333 - 	loss 10.91	space 5599992.0
cutoff_count_min_param: bcut: 980000, # hashes 2, # buckets 1190000 - 	loss 4.76	space 5600000.0
cutoff_count_min_param: bcut: 980000, # hashes 3, # buckets 1120000 - 	loss 5.98	space 5600000.0
cutoff_count_min_param: bcut: 980000, # hashes 4, # buckets 1085000 - 	loss 7.19	space 5600000.0
cutoff_count_min_param: bcut: 980000, # hashes 5, # buckets 1064000 - 	loss 8.20	space 5600000.0
cutoff_count_min_param: bcut: 980000, # hashes 6, # buckets 1050000 - 	loss 9.17	space 5600000.0
cutoff_count_min_param: bcut: 1120000, # hashes 2, # buckets 1260000 - 	loss 6.07	space 5600000.0
cutoff_count_min_param: bcut: 1120000, # hashes 3, # buckets 1213333 - 	loss 7.22	space 5599996.0
cutoff_count_min_param: bcut: 1120000, # hashes 4, # buckets 1190000 - 	loss 8.28	space 5600000.0
cutoff_count_min_param: bcut: 1120000, # hashes 5, # buckets 1176000 - 	loss 9.20	space 5600000.0
cutoff_count_min_param: bcut: 1120000, # hashes 6, # buckets 1166666 - 	loss 9.86	space 5599984.0
cutoff_count_min_param: bcut: 1260000, # hashes 2, # buckets 1330000 - 	loss 9.43	space 5600000.0
cutoff_count_min_param: bcut: 1260000, # hashes 3, # buckets 1306666 - 	loss 10.47	space 5599992.0
cutoff_count_min_param: bcut: 1260000, # hashes 4, # buckets 1295000 - 	loss 11.45	space 5600000.0
cutoff_count_min_param: bcut: 1260000, # hashes 5, # buckets 1288000 - 	loss 12.39	space 5600000.0
cutoff_count_min_param: bcut: 1260000, # hashes 6, # buckets 1283333 - 	loss 13.01	space 5599992.0
space: 5.80
cutoff_count_min_param: bcut: 145000, # hashes 2, # buckets 797500 - 	loss 15.32	space 5800000.0
cutoff_count_min_param: bcut: 145000, # hashes 3, # buckets 580000 - 	loss 21.94	space 5800000.0
cutoff_count_min_param: bcut: 145000, # hashes 4, # buckets 471250 - 	loss 28.64	space 5800000.0
cutoff_count_min_param: bcut: 145000, # hashes 5, # buckets 406000 - 	loss 35.05	space 5800000.0
cutoff_count_min_param: bcut: 145000, # hashes 6, # buckets 362500 - 	loss 40.89	space 5800000.0
cutoff_count_min_param: bcut: 290000, # hashes 2, # buckets 870000 - 	loss 10.27	space 5800000.0
cutoff_count_min_param: bcut: 290000, # hashes 3, # buckets 676666 - 	loss 14.28	space 5799992.0
cutoff_count_min_param: bcut: 290000, # hashes 4, # buckets 580000 - 	loss 18.48	space 5800000.0
cutoff_count_min_param: bcut: 290000, # hashes 5, # buckets 522000 - 	loss 22.40	space 5800000.0
cutoff_count_min_param: bcut: 290000, # hashes 6, # buckets 483333 - 	loss 26.08	space 5799992.0
cutoff_count_min_param: bcut: 435000, # hashes 2, # buckets 942500 - 	loss 7.52	space 5800000.0
cutoff_count_min_param: bcut: 435000, # hashes 3, # buckets 773333 - 	loss 10.39	space 5799996.0
cutoff_count_min_param: bcut: 435000, # hashes 4, # buckets 688750 - 	loss 13.24	space 5800000.0
cutoff_count_min_param: bcut: 435000, # hashes 5, # buckets 638000 - 	loss 16.00	space 5800000.0
cutoff_count_min_param: bcut: 435000, # hashes 6, # buckets 604166 - 	loss 18.56	space 5799984.0
cutoff_count_min_param: bcut: 580000, # hashes 2, # buckets 1015000 - 	loss 6.04	space 5800000.0
cutoff_count_min_param: bcut: 580000, # hashes 3, # buckets 870000 - 	loss 8.22	space 5800000.0
cutoff_count_min_param: bcut: 580000, # hashes 4, # buckets 797500 - 	loss 10.40	space 5800000.0
cutoff_count_min_param: bcut: 580000, # hashes 5, # buckets 754000 - 	loss 12.52	space 5800000.0
cutoff_count_min_param: bcut: 580000, # hashes 6, # buckets 725000 - 	loss 14.46	space 5800000.0
cutoff_count_min_param: bcut: 725000, # hashes 2, # buckets 1087500 - 	loss 5.27	space 5800000.0
cutoff_count_min_param: bcut: 725000, # hashes 3, # buckets 966666 - 	loss 6.97	space 5799992.0
cutoff_count_min_param: bcut: 725000, # hashes 4, # buckets 906250 - 	loss 8.75	space 5800000.0
cutoff_count_min_param: bcut: 725000, # hashes 5, # buckets 870000 - 	loss 10.36	space 5800000.0
cutoff_count_min_param: bcut: 725000, # hashes 6, # buckets 845833 - 	loss 11.89	space 5799992.0
cutoff_count_min_param: bcut: 870000, # hashes 2, # buckets 1160000 - 	loss 4.65	space 5800000.0
cutoff_count_min_param: bcut: 870000, # hashes 3, # buckets 1063333 - 	loss 6.07	space 5799996.0
cutoff_count_min_param: bcut: 870000, # hashes 4, # buckets 1015000 - 	loss 7.50	space 5800000.0
cutoff_count_min_param: bcut: 870000, # hashes 5, # buckets 986000 - 	loss 8.78	space 5800000.0
cutoff_count_min_param: bcut: 870000, # hashes 6, # buckets 966666 - 	loss 9.94	space 5799984.0
cutoff_count_min_param: bcut: 1015000, # hashes 2, # buckets 1232500 - 	loss 4.60	space 5800000.0
cutoff_count_min_param: bcut: 1015000, # hashes 3, # buckets 1160000 - 	loss 5.81	space 5800000.0
cutoff_count_min_param: bcut: 1015000, # hashes 4, # buckets 1123750 - 	loss 6.99	space 5800000.0
cutoff_count_min_param: bcut: 1015000, # hashes 5, # buckets 1102000 - 	loss 8.03	space 5800000.0
cutoff_count_min_param: bcut: 1015000, # hashes 6, # buckets 1087500 - 	loss 9.00	space 5800000.0
cutoff_count_min_param: bcut: 1160000, # hashes 2, # buckets 1305000 - 	loss 5.85	space 5800000.0
cutoff_count_min_param: bcut: 1160000, # hashes 3, # buckets 1256666 - 	loss 7.03	space 5799992.0
cutoff_count_min_param: bcut: 1160000, # hashes 4, # buckets 1232500 - 	loss 8.11	space 5800000.0
cutoff_count_min_param: bcut: 1160000, # hashes 5, # buckets 1218000 - 	loss 8.94	space 5800000.0
cutoff_count_min_param: bcut: 1160000, # hashes 6, # buckets 1208333 - 	loss 9.76	space 5799992.0
cutoff_count_min_param: bcut: 1305000, # hashes 2, # buckets 1377500 - 	loss 9.04	space 5800000.0
cutoff_count_min_param: bcut: 1305000, # hashes 3, # buckets 1353333 - 	loss 10.12	space 5799996.0
cutoff_count_min_param: bcut: 1305000, # hashes 4, # buckets 1341250 - 	loss 11.01	space 5800000.0
cutoff_count_min_param: bcut: 1305000, # hashes 5, # buckets 1334000 - 	loss 11.94	space 5800000.0
cutoff_count_min_param: bcut: 1305000, # hashes 6, # buckets 1329166 - 	loss 12.63	space 5799984.0
space: 6.00
cutoff_count_min_param: bcut: 150000, # hashes 2, # buckets 825000 - 	loss 14.61	space 6000000.0
cutoff_count_min_param: bcut: 150000, # hashes 3, # buckets 600000 - 	loss 21.12	space 6000000.0
cutoff_count_min_param: bcut: 150000, # hashes 4, # buckets 487500 - 	loss 27.73	space 6000000.0
cutoff_count_min_param: bcut: 150000, # hashes 5, # buckets 420000 - 	loss 33.91	space 6000000.0
cutoff_count_min_param: bcut: 150000, # hashes 6, # buckets 375000 - 	loss 39.88	space 6000000.0
cutoff_count_min_param: bcut: 300000, # hashes 2, # buckets 900000 - 	loss 9.77	space 6000000.0
cutoff_count_min_param: bcut: 300000, # hashes 3, # buckets 700000 - 	loss 13.79	space 6000000.0
cutoff_count_min_param: bcut: 300000, # hashes 4, # buckets 600000 - 	loss 17.82	space 6000000.0
cutoff_count_min_param: bcut: 300000, # hashes 5, # buckets 540000 - 	loss 21.72	space 6000000.0
cutoff_count_min_param: bcut: 300000, # hashes 6, # buckets 500000 - 	loss 25.24	space 6000000.0
cutoff_count_min_param: bcut: 450000, # hashes 2, # buckets 975000 - 	loss 7.08	space 6000000.0
cutoff_count_min_param: bcut: 450000, # hashes 3, # buckets 800000 - 	loss 9.80	space 6000000.0
cutoff_count_min_param: bcut: 450000, # hashes 4, # buckets 712500 - 	loss 12.60	space 6000000.0
cutoff_count_min_param: bcut: 450000, # hashes 5, # buckets 660000 - 	loss 15.18	space 6000000.0
cutoff_count_min_param: bcut: 450000, # hashes 6, # buckets 625000 - 	loss 17.75	space 6000000.0
cutoff_count_min_param: bcut: 600000, # hashes 2, # buckets 1050000 - 	loss 5.61	space 6000000.0
cutoff_count_min_param: bcut: 600000, # hashes 3, # buckets 900000 - 	loss 7.68	space 6000000.0
cutoff_count_min_param: bcut: 600000, # hashes 4, # buckets 825000 - 	loss 9.79	space 6000000.0
cutoff_count_min_param: bcut: 600000, # hashes 5, # buckets 780000 - 	loss 11.85	space 6000000.0
cutoff_count_min_param: bcut: 600000, # hashes 6, # buckets 750000 - 	loss 13.66	space 6000000.0
cutoff_count_min_param: bcut: 750000, # hashes 2, # buckets 1125000 - 	loss 4.99	space 6000000.0
cutoff_count_min_param: bcut: 750000, # hashes 3, # buckets 1000000 - 	loss 6.66	space 6000000.0
cutoff_count_min_param: bcut: 750000, # hashes 4, # buckets 937500 - 	loss 8.37	space 6000000.0
cutoff_count_min_param: bcut: 750000, # hashes 5, # buckets 900000 - 	loss 10.07	space 6000000.0
cutoff_count_min_param: bcut: 750000, # hashes 6, # buckets 875000 - 	loss 11.49	space 6000000.0
cutoff_count_min_param: bcut: 900000, # hashes 2, # buckets 1200000 - 	loss 4.27	space 6000000.0
cutoff_count_min_param: bcut: 900000, # hashes 3, # buckets 1100000 - 	loss 5.60	space 6000000.0
cutoff_count_min_param: bcut: 900000, # hashes 4, # buckets 1050000 - 	loss 6.95	space 6000000.0
cutoff_count_min_param: bcut: 900000, # hashes 5, # buckets 1020000 - 	loss 8.20	space 6000000.0
cutoff_count_min_param: bcut: 900000, # hashes 6, # buckets 1000000 - 	loss 9.33	space 6000000.0
cutoff_count_min_param: bcut: 1050000, # hashes 2, # buckets 1275000 - 	loss 4.42	space 6000000.0
cutoff_count_min_param: bcut: 1050000, # hashes 3, # buckets 1200000 - 	loss 5.66	space 6000000.0
cutoff_count_min_param: bcut: 1050000, # hashes 4, # buckets 1162500 - 	loss 6.79	space 6000000.0
cutoff_count_min_param: bcut: 1050000, # hashes 5, # buckets 1140000 - 	loss 7.84	space 6000000.0
cutoff_count_min_param: bcut: 1050000, # hashes 6, # buckets 1125000 - 	loss 8.81	space 6000000.0
cutoff_count_min_param: bcut: 1200000, # hashes 2, # buckets 1350000 - 	loss 5.66	space 6000000.0
cutoff_count_min_param: bcut: 1200000, # hashes 3, # buckets 1300000 - 	loss 6.83	space 6000000.0
cutoff_count_min_param: bcut: 1200000, # hashes 4, # buckets 1275000 - 	loss 7.80	space 6000000.0
cutoff_count_min_param: bcut: 1200000, # hashes 5, # buckets 1260000 - 	loss 8.76	space 6000000.0
cutoff_count_min_param: bcut: 1200000, # hashes 6, # buckets 1250000 - 	loss 9.63	space 6000000.0
cutoff_count_min_param: bcut: 1350000, # hashes 2, # buckets 1425000 - 	loss 8.70	space 6000000.0
cutoff_count_min_param: bcut: 1350000, # hashes 3, # buckets 1400000 - 	loss 9.86	space 6000000.0
cutoff_count_min_param: bcut: 1350000, # hashes 4, # buckets 1387500 - 	loss 10.72	space 6000000.0
cutoff_count_min_param: bcut: 1350000, # hashes 5, # buckets 1380000 - 	loss 11.43	space 6000000.0
cutoff_count_min_param: bcut: 1350000, # hashes 6, # buckets 1375000 - 	loss 12.16	space 6000000.0
space: 6.20
cutoff_count_min_param: bcut: 155000, # hashes 2, # buckets 852500 - 	loss 14.08	space 6200000.0
cutoff_count_min_param: bcut: 155000, # hashes 3, # buckets 620000 - 	loss 20.48	space 6200000.0
cutoff_count_min_param: bcut: 155000, # hashes 4, # buckets 503750 - 	loss 26.85	space 6200000.0
cutoff_count_min_param: bcut: 155000, # hashes 5, # buckets 434000 - 	loss 33.06	space 6200000.0
cutoff_count_min_param: bcut: 155000, # hashes 6, # buckets 387500 - 	loss 38.79	space 6200000.0
cutoff_count_min_param: bcut: 310000, # hashes 2, # buckets 930000 - 	loss 9.27	space 6200000.0
cutoff_count_min_param: bcut: 310000, # hashes 3, # buckets 723333 - 	loss 13.12	space 6199996.0
cutoff_count_min_param: bcut: 310000, # hashes 4, # buckets 620000 - 	loss 17.07	space 6200000.0
cutoff_count_min_param: bcut: 310000, # hashes 5, # buckets 558000 - 	loss 20.79	space 6200000.0
cutoff_count_min_param: bcut: 310000, # hashes 6, # buckets 516666 - 	loss 24.40	space 6199984.0
cutoff_count_min_param: bcut: 465000, # hashes 2, # buckets 1007500 - 	loss 6.62	space 6200000.0
cutoff_count_min_param: bcut: 465000, # hashes 3, # buckets 826666 - 	loss 9.20	space 6199992.0
cutoff_count_min_param: bcut: 465000, # hashes 4, # buckets 736250 - 	loss 11.92	space 6200000.0
cutoff_count_min_param: bcut: 465000, # hashes 5, # buckets 682000 - 	loss 14.39	space 6200000.0
cutoff_count_min_param: bcut: 465000, # hashes 6, # buckets 645833 - 	loss 16.89	space 6199992.0
cutoff_count_min_param: bcut: 620000, # hashes 2, # buckets 1085000 - 	loss 5.21	space 6200000.0
cutoff_count_min_param: bcut: 620000, # hashes 3, # buckets 930000 - 	loss 7.13	space 6200000.0
cutoff_count_min_param: bcut: 620000, # hashes 4, # buckets 852500 - 	loss 9.11	space 6200000.0
cutoff_count_min_param: bcut: 620000, # hashes 5, # buckets 806000 - 	loss 11.04	space 6200000.0
cutoff_count_min_param: bcut: 620000, # hashes 6, # buckets 775000 - 	loss 12.84	space 6200000.0
cutoff_count_min_param: bcut: 775000, # hashes 2, # buckets 1162500 - 	loss 4.65	space 6200000.0
cutoff_count_min_param: bcut: 775000, # hashes 3, # buckets 1033333 - 	loss 6.29	space 6199996.0
cutoff_count_min_param: bcut: 775000, # hashes 4, # buckets 968750 - 	loss 7.92	space 6200000.0
cutoff_count_min_param: bcut: 775000, # hashes 5, # buckets 930000 - 	loss 9.48	space 6200000.0
cutoff_count_min_param: bcut: 775000, # hashes 6, # buckets 904166 - 	loss 10.91	space 6199984.0
cutoff_count_min_param: bcut: 930000, # hashes 2, # buckets 1240000 - 	loss 3.95	space 6200000.0
cutoff_count_min_param: bcut: 930000, # hashes 3, # buckets 1136666 - 	loss 5.17	space 6199992.0
cutoff_count_min_param: bcut: 930000, # hashes 4, # buckets 1085000 - 	loss 6.42	space 6200000.0
cutoff_count_min_param: bcut: 930000, # hashes 5, # buckets 1054000 - 	loss 7.69	space 6200000.0
cutoff_count_min_param: bcut: 930000, # hashes 6, # buckets 1033333 - 	loss 8.74	space 6199992.0
cutoff_count_min_param: bcut: 1085000, # hashes 2, # buckets 1317500 - 	loss 4.30	space 6200000.0
cutoff_count_min_param: bcut: 1085000, # hashes 3, # buckets 1240000 - 	loss 5.47	space 6200000.0
cutoff_count_min_param: bcut: 1085000, # hashes 4, # buckets 1201250 - 	loss 6.67	space 6200000.0
cutoff_count_min_param: bcut: 1085000, # hashes 5, # buckets 1178000 - 	loss 7.72	space 6200000.0
cutoff_count_min_param: bcut: 1085000, # hashes 6, # buckets 1162500 - 	loss 8.69	space 6200000.0
cutoff_count_min_param: bcut: 1240000, # hashes 2, # buckets 1395000 - 	loss 5.43	space 6200000.0
cutoff_count_min_param: bcut: 1240000, # hashes 3, # buckets 1343333 - 	loss 6.62	space 6199996.0
cutoff_count_min_param: bcut: 1240000, # hashes 4, # buckets 1317500 - 	loss 7.65	space 6200000.0
cutoff_count_min_param: bcut: 1240000, # hashes 5, # buckets 1302000 - 	loss 8.61	space 6200000.0
cutoff_count_min_param: bcut: 1240000, # hashes 6, # buckets 1291666 - 	loss 9.39	space 6199984.0
cutoff_count_min_param: bcut: 1395000, # hashes 2, # buckets 1472500 - 	loss 8.44	space 6200000.0
cutoff_count_min_param: bcut: 1395000, # hashes 3, # buckets 1446666 - 	loss 9.44	space 6199992.0
cutoff_count_min_param: bcut: 1395000, # hashes 4, # buckets 1433750 - 	loss 10.39	space 6200000.0
cutoff_count_min_param: bcut: 1395000, # hashes 5, # buckets 1426000 - 	loss 11.14	space 6200000.0
cutoff_count_min_param: bcut: 1395000, # hashes 6, # buckets 1420833 - 	loss 11.82	space 6199992.0
space: 6.40
cutoff_count_min_param: bcut: 160000, # hashes 2, # buckets 880000 - 	loss 13.53	space 6400000.0
cutoff_count_min_param: bcut: 160000, # hashes 3, # buckets 640000 - 	loss 19.71	space 6400000.0
cutoff_count_min_param: bcut: 160000, # hashes 4, # buckets 520000 - 	loss 25.97	space 6400000.0
cutoff_count_min_param: bcut: 160000, # hashes 5, # buckets 448000 - 	loss 31.99	space 6400000.0
cutoff_count_min_param: bcut: 160000, # hashes 6, # buckets 400000 - 	loss 37.45	space 6400000.0
cutoff_count_min_param: bcut: 320000, # hashes 2, # buckets 960000 - 	loss 8.78	space 6400000.0
cutoff_count_min_param: bcut: 320000, # hashes 3, # buckets 746666 - 	loss 12.52	space 6399992.0
cutoff_count_min_param: bcut: 320000, # hashes 4, # buckets 640000 - 	loss 16.33	space 6400000.0
cutoff_count_min_param: bcut: 320000, # hashes 5, # buckets 576000 - 	loss 19.97	space 6400000.0
cutoff_count_min_param: bcut: 320000, # hashes 6, # buckets 533333 - 	loss 23.34	space 6399992.0
cutoff_count_min_param: bcut: 480000, # hashes 2, # buckets 1040000 - 	loss 6.27	space 6400000.0
cutoff_count_min_param: bcut: 480000, # hashes 3, # buckets 853333 - 	loss 8.80	space 6399996.0
cutoff_count_min_param: bcut: 480000, # hashes 4, # buckets 760000 - 	loss 11.36	space 6400000.0
cutoff_count_min_param: bcut: 480000, # hashes 5, # buckets 704000 - 	loss 13.91	space 6400000.0
cutoff_count_min_param: bcut: 480000, # hashes 6, # buckets 666666 - 	loss 16.25	space 6399984.0
cutoff_count_min_param: bcut: 640000, # hashes 2, # buckets 1120000 - 	loss 4.79	space 6400000.0
cutoff_count_min_param: bcut: 640000, # hashes 3, # buckets 960000 - 	loss 6.67	space 6400000.0
cutoff_count_min_param: bcut: 640000, # hashes 4, # buckets 880000 - 	loss 8.57	space 6400000.0
cutoff_count_min_param: bcut: 640000, # hashes 5, # buckets 832000 - 	loss 10.47	space 6400000.0
cutoff_count_min_param: bcut: 640000, # hashes 6, # buckets 800000 - 	loss 12.16	space 6400000.0
cutoff_count_min_param: bcut: 800000, # hashes 2, # buckets 1200000 - 	loss 4.35	space 6400000.0
cutoff_count_min_param: bcut: 800000, # hashes 3, # buckets 1066666 - 	loss 5.93	space 6399992.0
cutoff_count_min_param: bcut: 800000, # hashes 4, # buckets 1000000 - 	loss 7.51	space 6400000.0
cutoff_count_min_param: bcut: 800000, # hashes 5, # buckets 960000 - 	loss 9.03	space 6400000.0
cutoff_count_min_param: bcut: 800000, # hashes 6, # buckets 933333 - 	loss 10.45	space 6399992.0
cutoff_count_min_param: bcut: 960000, # hashes 2, # buckets 1280000 - 	loss 3.62	space 6400000.0
cutoff_count_min_param: bcut: 960000, # hashes 3, # buckets 1173333 - 	loss 4.81	space 6399996.0
cutoff_count_min_param: bcut: 960000, # hashes 4, # buckets 1120000 - 	loss 6.06	space 6400000.0
cutoff_count_min_param: bcut: 960000, # hashes 5, # buckets 1088000 - 	loss 7.25	space 6400000.0
cutoff_count_min_param: bcut: 960000, # hashes 6, # buckets 1066666 - 	loss 8.34	space 6399984.0
cutoff_count_min_param: bcut: 1120000, # hashes 2, # buckets 1360000 - 	loss 4.13	space 6400000.0
cutoff_count_min_param: bcut: 1120000, # hashes 3, # buckets 1280000 - 	loss 5.33	space 6400000.0
cutoff_count_min_param: bcut: 1120000, # hashes 4, # buckets 1240000 - 	loss 6.51	space 6400000.0
cutoff_count_min_param: bcut: 1120000, # hashes 5, # buckets 1216000 - 	loss 7.60	space 6400000.0
cutoff_count_min_param: bcut: 1120000, # hashes 6, # buckets 1200000 - 	loss 8.57	space 6400000.0
cutoff_count_min_param: bcut: 1280000, # hashes 2, # buckets 1440000 - 	loss 5.25	space 6400000.0
cutoff_count_min_param: bcut: 1280000, # hashes 3, # buckets 1386666 - 	loss 6.41	space 6399992.0
cutoff_count_min_param: bcut: 1280000, # hashes 4, # buckets 1360000 - 	loss 7.49	space 6400000.0
cutoff_count_min_param: bcut: 1280000, # hashes 5, # buckets 1344000 - 	loss 8.42	space 6400000.0
cutoff_count_min_param: bcut: 1280000, # hashes 6, # buckets 1333333 - 	loss 9.23	space 6399992.0
cutoff_count_min_param: bcut: 1440000, # hashes 2, # buckets 1520000 - 	loss 8.15	space 6400000.0
cutoff_count_min_param: bcut: 1440000, # hashes 3, # buckets 1493333 - 	loss 9.12	space 6399996.0
cutoff_count_min_param: bcut: 1440000, # hashes 4, # buckets 1480000 - 	loss 10.08	space 6400000.0
cutoff_count_min_param: bcut: 1440000, # hashes 5, # buckets 1472000 - 	loss 10.88	space 6400000.0
cutoff_count_min_param: bcut: 1440000, # hashes 6, # buckets 1466666 - 	loss 11.65	space 6399984.0
space: 6.60
cutoff_count_min_param: bcut: 165000, # hashes 2, # buckets 907500 - 	loss 13.01	space 6600000.0
cutoff_count_min_param: bcut: 165000, # hashes 3, # buckets 660000 - 	loss 18.97	space 6600000.0
cutoff_count_min_param: bcut: 165000, # hashes 4, # buckets 536250 - 	loss 25.16	space 6600000.0
cutoff_count_min_param: bcut: 165000, # hashes 5, # buckets 462000 - 	loss 31.07	space 6600000.0
cutoff_count_min_param: bcut: 165000, # hashes 6, # buckets 412500 - 	loss 36.50	space 6600000.0
cutoff_count_min_param: bcut: 330000, # hashes 2, # buckets 990000 - 	loss 8.32	space 6600000.0
cutoff_count_min_param: bcut: 330000, # hashes 3, # buckets 770000 - 	loss 11.91	space 6600000.0
cutoff_count_min_param: bcut: 330000, # hashes 4, # buckets 660000 - 	loss 15.57	space 6600000.0
cutoff_count_min_param: bcut: 330000, # hashes 5, # buckets 594000 - 	loss 19.10	space 6600000.0
cutoff_count_min_param: bcut: 330000, # hashes 6, # buckets 550000 - 	loss 22.38	space 6600000.0
cutoff_count_min_param: bcut: 495000, # hashes 2, # buckets 1072500 - 	loss 5.98	space 6600000.0
cutoff_count_min_param: bcut: 495000, # hashes 3, # buckets 880000 - 	loss 8.39	space 6600000.0
cutoff_count_min_param: bcut: 495000, # hashes 4, # buckets 783750 - 	loss 10.98	space 6600000.0
cutoff_count_min_param: bcut: 495000, # hashes 5, # buckets 726000 - 	loss 13.41	space 6600000.0
cutoff_count_min_param: bcut: 495000, # hashes 6, # buckets 687500 - 	loss 15.71	space 6600000.0
cutoff_count_min_param: bcut: 660000, # hashes 2, # buckets 1155000 - 	loss 4.59	space 6600000.0
cutoff_count_min_param: bcut: 660000, # hashes 3, # buckets 990000 - 	loss 6.36	space 6600000.0
cutoff_count_min_param: bcut: 660000, # hashes 4, # buckets 907500 - 	loss 8.27	space 6600000.0
cutoff_count_min_param: bcut: 660000, # hashes 5, # buckets 858000 - 	loss 10.14	space 6600000.0
cutoff_count_min_param: bcut: 660000, # hashes 6, # buckets 825000 - 	loss 11.77	space 6600000.0
cutoff_count_min_param: bcut: 825000, # hashes 2, # buckets 1237500 - 	loss 4.05	space 6600000.0
cutoff_count_min_param: bcut: 825000, # hashes 3, # buckets 1100000 - 	loss 5.51	space 6600000.0
cutoff_count_min_param: bcut: 825000, # hashes 4, # buckets 1031250 - 	loss 7.02	space 6600000.0
cutoff_count_min_param: bcut: 825000, # hashes 5, # buckets 990000 - 	loss 8.54	space 6600000.0
cutoff_count_min_param: bcut: 825000, # hashes 6, # buckets 962500 - 	loss 9.92	space 6600000.0
cutoff_count_min_param: bcut: 990000, # hashes 2, # buckets 1320000 - 	loss 3.41	space 6600000.0
cutoff_count_min_param: bcut: 990000, # hashes 3, # buckets 1210000 - 	loss 4.57	space 6600000.0
cutoff_count_min_param: bcut: 990000, # hashes 4, # buckets 1155000 - 	loss 5.80	space 6600000.0
cutoff_count_min_param: bcut: 990000, # hashes 5, # buckets 1122000 - 	loss 6.94	space 6600000.0
cutoff_count_min_param: bcut: 990000, # hashes 6, # buckets 1100000 - 	loss 8.02	space 6600000.0
cutoff_count_min_param: bcut: 1155000, # hashes 2, # buckets 1402500 - 	loss 4.02	space 6600000.0
cutoff_count_min_param: bcut: 1155000, # hashes 3, # buckets 1320000 - 	loss 5.20	space 6600000.0
cutoff_count_min_param: bcut: 1155000, # hashes 4, # buckets 1278750 - 	loss 6.38	space 6600000.0
cutoff_count_min_param: bcut: 1155000, # hashes 5, # buckets 1254000 - 	loss 7.46	space 6600000.0
cutoff_count_min_param: bcut: 1155000, # hashes 6, # buckets 1237500 - 	loss 8.42	space 6600000.0
cutoff_count_min_param: bcut: 1320000, # hashes 2, # buckets 1485000 - 	loss 5.08	space 6600000.0
cutoff_count_min_param: bcut: 1320000, # hashes 3, # buckets 1430000 - 	loss 6.27	space 6600000.0
cutoff_count_min_param: bcut: 1320000, # hashes 4, # buckets 1402500 - 	loss 7.34	space 6600000.0
cutoff_count_min_param: bcut: 1320000, # hashes 5, # buckets 1386000 - 	loss 8.32	space 6600000.0
cutoff_count_min_param: bcut: 1320000, # hashes 6, # buckets 1375000 - 	loss 9.10	space 6600000.0
cutoff_count_min_param: bcut: 1485000, # hashes 2, # buckets 1567500 - 	loss 7.86	space 6600000.0
cutoff_count_min_param: bcut: 1485000, # hashes 3, # buckets 1540000 - 	loss 8.88	space 6600000.0
cutoff_count_min_param: bcut: 1485000, # hashes 4, # buckets 1526250 - 	loss 9.81	space 6600000.0
cutoff_count_min_param: bcut: 1485000, # hashes 5, # buckets 1518000 - 	loss 10.50	space 6600000.0
cutoff_count_min_param: bcut: 1485000, # hashes 6, # buckets 1512500 - 	loss 11.28	space 6600000.0
space: 6.80
cutoff_count_min_param: bcut: 170000, # hashes 2, # buckets 935000 - 	loss 12.46	space 6800000.0
cutoff_count_min_param: bcut: 170000, # hashes 3, # buckets 680000 - 	loss 18.38	space 6800000.0
cutoff_count_min_param: bcut: 170000, # hashes 4, # buckets 552500 - 	loss 24.30	space 6800000.0
cutoff_count_min_param: bcut: 170000, # hashes 5, # buckets 476000 - 	loss 30.06	space 6800000.0
cutoff_count_min_param: bcut: 170000, # hashes 6, # buckets 425000 - 	loss 35.38	space 6800000.0
cutoff_count_min_param: bcut: 340000, # hashes 2, # buckets 1020000 - 	loss 7.87	space 6800000.0
cutoff_count_min_param: bcut: 340000, # hashes 3, # buckets 793333 - 	loss 11.30	space 6799996.0
cutoff_count_min_param: bcut: 340000, # hashes 4, # buckets 680000 - 	loss 14.87	space 6800000.0
cutoff_count_min_param: bcut: 340000, # hashes 5, # buckets 612000 - 	loss 18.36	space 6800000.0
cutoff_count_min_param: bcut: 340000, # hashes 6, # buckets 566666 - 	loss 21.60	space 6799984.0
cutoff_count_min_param: bcut: 510000, # hashes 2, # buckets 1105000 - 	loss 5.63	space 6800000.0
cutoff_count_min_param: bcut: 510000, # hashes 3, # buckets 906666 - 	loss 8.01	space 6799992.0
cutoff_count_min_param: bcut: 510000, # hashes 4, # buckets 807500 - 	loss 10.45	space 6800000.0
cutoff_count_min_param: bcut: 510000, # hashes 5, # buckets 748000 - 	loss 12.84	space 6800000.0
cutoff_count_min_param: bcut: 510000, # hashes 6, # buckets 708333 - 	loss 15.14	space 6799992.0
cutoff_count_min_param: bcut: 680000, # hashes 2, # buckets 1190000 - 	loss 4.36	space 6800000.0
cutoff_count_min_param: bcut: 680000, # hashes 3, # buckets 1020000 - 	loss 6.06	space 6800000.0
cutoff_count_min_param: bcut: 680000, # hashes 4, # buckets 935000 - 	loss 7.87	space 6800000.0
cutoff_count_min_param: bcut: 680000, # hashes 5, # buckets 884000 - 	loss 9.64	space 6800000.0
cutoff_count_min_param: bcut: 680000, # hashes 6, # buckets 850000 - 	loss 11.29	space 6800000.0
cutoff_count_min_param: bcut: 850000, # hashes 2, # buckets 1275000 - 	loss 3.72	space 6800000.0
cutoff_count_min_param: bcut: 850000, # hashes 3, # buckets 1133333 - 	loss 5.11	space 6799996.0
cutoff_count_min_param: bcut: 850000, # hashes 4, # buckets 1062500 - 	loss 6.61	space 6800000.0
cutoff_count_min_param: bcut: 850000, # hashes 5, # buckets 1020000 - 	loss 8.01	space 6800000.0
cutoff_count_min_param: bcut: 850000, # hashes 6, # buckets 991666 - 	loss 9.36	space 6799984.0
cutoff_count_min_param: bcut: 1020000, # hashes 2, # buckets 1360000 - 	loss 3.29	space 6800000.0
cutoff_count_min_param: bcut: 1020000, # hashes 3, # buckets 1246666 - 	loss 4.45	space 6799992.0
cutoff_count_min_param: bcut: 1020000, # hashes 4, # buckets 1190000 - 	loss 5.68	space 6800000.0
cutoff_count_min_param: bcut: 1020000, # hashes 5, # buckets 1156000 - 	loss 6.85	space 6800000.0
cutoff_count_min_param: bcut: 1020000, # hashes 6, # buckets 1133333 - 	loss 7.87	space 6799992.0
cutoff_count_min_param: bcut: 1190000, # hashes 2, # buckets 1445000 - 	loss 3.88	space 6800000.0
cutoff_count_min_param: bcut: 1190000, # hashes 3, # buckets 1360000 - 	loss 5.08	space 6800000.0
cutoff_count_min_param: bcut: 1190000, # hashes 4, # buckets 1317500 - 	loss 6.22	space 6800000.0
cutoff_count_min_param: bcut: 1190000, # hashes 5, # buckets 1292000 - 	loss 7.32	space 6800000.0
cutoff_count_min_param: bcut: 1190000, # hashes 6, # buckets 1275000 - 	loss 8.30	space 6800000.0
cutoff_count_min_param: bcut: 1360000, # hashes 2, # buckets 1530000 - 	loss 4.94	space 6800000.0
cutoff_count_min_param: bcut: 1360000, # hashes 3, # buckets 1473333 - 	loss 6.11	space 6799996.0
cutoff_count_min_param: bcut: 1360000, # hashes 4, # buckets 1445000 - 	loss 7.21	space 6800000.0
cutoff_count_min_param: bcut: 1360000, # hashes 5, # buckets 1428000 - 	loss 8.17	space 6800000.0
cutoff_count_min_param: bcut: 1360000, # hashes 6, # buckets 1416666 - 	loss 9.03	space 6799984.0
cutoff_count_min_param: bcut: 1530000, # hashes 2, # buckets 1615000 - 	loss 7.63	space 6800000.0
cutoff_count_min_param: bcut: 1530000, # hashes 3, # buckets 1586666 - 	loss 8.68	space 6799992.0
cutoff_count_min_param: bcut: 1530000, # hashes 4, # buckets 1572500 - 	loss 9.60	space 6800000.0
cutoff_count_min_param: bcut: 1530000, # hashes 5, # buckets 1564000 - 	loss 10.33	space 6800000.0
cutoff_count_min_param: bcut: 1530000, # hashes 6, # buckets 1558333 - 	loss 10.95	space 6799992.0
space: 7.00
cutoff_count_min_param: bcut: 175000, # hashes 2, # buckets 962500 - 	loss 12.01	space 7000000.0
cutoff_count_min_param: bcut: 175000, # hashes 3, # buckets 700000 - 	loss 17.64	space 7000000.0
cutoff_count_min_param: bcut: 175000, # hashes 4, # buckets 568750 - 	loss 23.53	space 7000000.0
cutoff_count_min_param: bcut: 175000, # hashes 5, # buckets 490000 - 	loss 29.21	space 7000000.0
cutoff_count_min_param: bcut: 175000, # hashes 6, # buckets 437500 - 	loss 34.48	space 7000000.0
cutoff_count_min_param: bcut: 350000, # hashes 2, # buckets 1050000 - 	loss 7.50	space 7000000.0
cutoff_count_min_param: bcut: 350000, # hashes 3, # buckets 816666 - 	loss 10.74	space 6999992.0
cutoff_count_min_param: bcut: 350000, # hashes 4, # buckets 700000 - 	loss 14.22	space 7000000.0
cutoff_count_min_param: bcut: 350000, # hashes 5, # buckets 630000 - 	loss 17.59	space 7000000.0
cutoff_count_min_param: bcut: 350000, # hashes 6, # buckets 583333 - 	loss 20.77	space 6999992.0
cutoff_count_min_param: bcut: 525000, # hashes 2, # buckets 1137500 - 	loss 5.35	space 7000000.0
cutoff_count_min_param: bcut: 525000, # hashes 3, # buckets 933333 - 	loss 7.64	space 6999996.0
cutoff_count_min_param: bcut: 525000, # hashes 4, # buckets 831250 - 	loss 10.05	space 7000000.0
cutoff_count_min_param: bcut: 525000, # hashes 5, # buckets 770000 - 	loss 12.43	space 7000000.0
cutoff_count_min_param: bcut: 525000, # hashes 6, # buckets 729166 - 	loss 14.66	space 6999984.0
cutoff_count_min_param: bcut: 700000, # hashes 2, # buckets 1225000 - 	loss 4.13	space 7000000.0
cutoff_count_min_param: bcut: 700000, # hashes 3, # buckets 1050000 - 	loss 5.78	space 7000000.0
cutoff_count_min_param: bcut: 700000, # hashes 4, # buckets 962500 - 	loss 7.55	space 7000000.0
cutoff_count_min_param: bcut: 700000, # hashes 5, # buckets 910000 - 	loss 9.26	space 7000000.0
cutoff_count_min_param: bcut: 700000, # hashes 6, # buckets 875000 - 	loss 10.90	space 7000000.0
cutoff_count_min_param: bcut: 875000, # hashes 2, # buckets 1312500 - 	loss 3.39	space 7000000.0
cutoff_count_min_param: bcut: 875000, # hashes 3, # buckets 1166666 - 	loss 4.69	space 6999992.0
cutoff_count_min_param: bcut: 875000, # hashes 4, # buckets 1093750 - 	loss 6.09	space 7000000.0
cutoff_count_min_param: bcut: 875000, # hashes 5, # buckets 1050000 - 	loss 7.41	space 7000000.0
cutoff_count_min_param: bcut: 875000, # hashes 6, # buckets 1020833 - 	loss 8.64	space 6999992.0
cutoff_count_min_param: bcut: 1050000, # hashes 2, # buckets 1400000 - 	loss 3.21	space 7000000.0
cutoff_count_min_param: bcut: 1050000, # hashes 3, # buckets 1283333 - 	loss 4.33	space 6999996.0
cutoff_count_min_param: bcut: 1050000, # hashes 4, # buckets 1225000 - 	loss 5.55	space 7000000.0
cutoff_count_min_param: bcut: 1050000, # hashes 5, # buckets 1190000 - 	loss 6.68	space 7000000.0
cutoff_count_min_param: bcut: 1050000, # hashes 6, # buckets 1166666 - 	loss 7.75	space 6999984.0
cutoff_count_min_param: bcut: 1225000, # hashes 2, # buckets 1487500 - 	loss 3.75	space 7000000.0
cutoff_count_min_param: bcut: 1225000, # hashes 3, # buckets 1400000 - 	loss 4.93	space 7000000.0
cutoff_count_min_param: bcut: 1225000, # hashes 4, # buckets 1356250 - 	loss 6.08	space 7000000.0
cutoff_count_min_param: bcut: 1225000, # hashes 5, # buckets 1330000 - 	loss 7.21	space 7000000.0
cutoff_count_min_param: bcut: 1225000, # hashes 6, # buckets 1312500 - 	loss 8.19	space 7000000.0
cutoff_count_min_param: bcut: 1400000, # hashes 2, # buckets 1575000 - 	loss 4.81	space 7000000.0
cutoff_count_min_param: bcut: 1400000, # hashes 3, # buckets 1516666 - 	loss 5.95	space 6999992.0
cutoff_count_min_param: bcut: 1400000, # hashes 4, # buckets 1487500 - 	loss 7.04	space 7000000.0
cutoff_count_min_param: bcut: 1400000, # hashes 5, # buckets 1470000 - 	loss 8.07	space 7000000.0
cutoff_count_min_param: bcut: 1400000, # hashes 6, # buckets 1458333 - 	loss 8.84	space 6999992.0
cutoff_count_min_param: bcut: 1575000, # hashes 2, # buckets 1662500 - 	loss 7.41	space 7000000.0
cutoff_count_min_param: bcut: 1575000, # hashes 3, # buckets 1633333 - 	loss 8.44	space 6999996.0
cutoff_count_min_param: bcut: 1575000, # hashes 4, # buckets 1618750 - 	loss 9.30	space 7000000.0
cutoff_count_min_param: bcut: 1575000, # hashes 5, # buckets 1610000 - 	loss 10.08	space 7000000.0
cutoff_count_min_param: bcut: 1575000, # hashes 6, # buckets 1604166 - 	loss 10.73	space 6999984.0
param search done -- time: 601.41 sec
==== best parameters ====
space: 4.00, scut 3.000, bcut 600000, n_buckets 800000, n_hashes 2 - 	loss 9.79	space 4000000.0
space: 4.20, scut 2.500, bcut 630000, n_buckets 840000, n_hashes 2 - 	loss 8.80	space 4200000.0
space: 4.40, scut 2.000, bcut 660000, n_buckets 880000, n_hashes 2 - 	loss 8.14	space 4400000.0
space: 4.60, scut 2.000, bcut 690000, n_buckets 920000, n_hashes 2 - 	loss 7.53	space 4600000.0
space: 4.80, scut 2.000, bcut 840000, n_buckets 1020000, n_hashes 2 - 	loss 7.05	space 4800000.0
space: 5.00, scut 2.000, bcut 875000, n_buckets 1062500, n_hashes 2 - 	loss 6.31	space 5000000.0
space: 5.20, scut 2.000, bcut 910000, n_buckets 1105000, n_hashes 2 - 	loss 5.70	space 5200000.0
space: 5.40, scut 2.000, bcut 945000, n_buckets 1147500, n_hashes 2 - 	loss 5.14	space 5400000.0
space: 5.60, scut 1.333, bcut 980000, n_buckets 1190000, n_hashes 2 - 	loss 4.76	space 5600000.0
space: 5.80, scut 1.190, bcut 1015000, n_buckets 1232500, n_hashes 2 - 	loss 4.60	space 5800000.0
space: 6.00, scut 2.000, bcut 900000, n_buckets 1200000, n_hashes 2 - 	loss 4.27	space 6000000.0
space: 6.20, scut 2.000, bcut 930000, n_buckets 1240000, n_hashes 2 - 	loss 3.95	space 6200000.0
space: 6.40, scut 1.500, bcut 960000, n_buckets 1280000, n_hashes 2 - 	loss 3.62	space 6400000.0
space: 6.60, scut 1.190, bcut 990000, n_buckets 1320000, n_hashes 2 - 	loss 3.41	space 6600000.0
space: 6.80, scut 1.190, bcut 1020000, n_buckets 1360000, n_hashes 2 - 	loss 3.29	space 6800000.0
space: 7.00, scut 1.190, bcut 1050000, n_buckets 1400000, n_hashes 2 - 	loss 3.21	space 7000000.0
==== test test_results ====
space: 4.00, scut 3.000, bcut 600000, n_buckets 800000, n_hashes 2 - 	loss 10.25	space 4000000.0
space: 4.20, scut 2.500, bcut 630000, n_buckets 840000, n_hashes 2 - 	loss 8.46	space 4200000.0
space: 4.40, scut 2.000, bcut 660000, n_buckets 880000, n_hashes 2 - 	loss 7.77	space 4400000.0
space: 4.60, scut 2.000, bcut 690000, n_buckets 920000, n_hashes 2 - 	loss 7.24	space 4600000.0
space: 4.80, scut 2.000, bcut 840000, n_buckets 1020000, n_hashes 2 - 	loss 6.84	space 4800000.0
space: 5.00, scut 2.000, bcut 875000, n_buckets 1062500, n_hashes 2 - 	loss 6.41	space 5000000.0
space: 5.20, scut 2.000, bcut 910000, n_buckets 1105000, n_hashes 2 - 	loss 6.11	space 5200000.0
space: 5.40, scut 2.000, bcut 945000, n_buckets 1147500, n_hashes 2 - 	loss 5.77	space 5400000.0
space: 5.60, scut 1.333, bcut 980000, n_buckets 1190000, n_hashes 2 - 	loss 4.65	space 5599996.0
space: 5.80, scut 1.190, bcut 1015000, n_buckets 1232500, n_hashes 2 - 	loss 4.29	space 5800000.0
space: 6.00, scut 2.000, bcut 900000, n_buckets 1200000, n_hashes 2 - 	loss 5.03	space 6000000.0
space: 6.20, scut 2.000, bcut 930000, n_buckets 1240000, n_hashes 2 - 	loss 4.84	space 6200000.0
space: 6.40, scut 1.500, bcut 960000, n_buckets 1280000, n_hashes 2 - 	loss 3.54	space 6400000.0
space: 6.60, scut 1.190, bcut 990000, n_buckets 1320000, n_hashes 2 - 	loss 3.31	space 6600000.0
space: 6.80, scut 1.190, bcut 1020000, n_buckets 1360000, n_hashes 2 - 	loss 3.12	space 6800000.0
space: 7.00, scut 1.190, bcut 1050000, n_buckets 1400000, n_hashes 2 - 	loss 2.97	space 7000000.0
total time: 644.34 sec
