cutoff_count_sketch.py
==== valid_results ====
space: 4.00
cutoff_count_sketch_param: bcut: 100000, # hashes 2, # buckets 550000 - 	loss 21.47	space 4000000.0
cutoff_count_sketch_param: bcut: 100000, # hashes 3, # buckets 400000 - 	loss 21.62	space 4000000.0
cutoff_count_sketch_param: bcut: 100000, # hashes 4, # buckets 325000 - 	loss 22.13	space 4000000.0
cutoff_count_sketch_param: bcut: 100000, # hashes 5, # buckets 280000 - 	loss 23.81	space 4000000.0
cutoff_count_sketch_param: bcut: 100000, # hashes 6, # buckets 250000 - 	loss 23.42	space 4000000.0
cutoff_count_sketch_param: bcut: 200000, # hashes 2, # buckets 600000 - 	loss 16.50	space 4000000.0
cutoff_count_sketch_param: bcut: 200000, # hashes 3, # buckets 466666 - 	loss 16.64	space 3999992.0
cutoff_count_sketch_param: bcut: 200000, # hashes 4, # buckets 400000 - 	loss 16.95	space 4000000.0
cutoff_count_sketch_param: bcut: 200000, # hashes 5, # buckets 360000 - 	loss 18.25	space 4000000.0
cutoff_count_sketch_param: bcut: 200000, # hashes 6, # buckets 333333 - 	loss 17.92	space 3999992.0
cutoff_count_sketch_param: bcut: 300000, # hashes 2, # buckets 650000 - 	loss 13.22	space 4000000.0
cutoff_count_sketch_param: bcut: 300000, # hashes 3, # buckets 533333 - 	loss 13.36	space 3999996.0
cutoff_count_sketch_param: bcut: 300000, # hashes 4, # buckets 475000 - 	loss 13.54	space 4000000.0
cutoff_count_sketch_param: bcut: 300000, # hashes 5, # buckets 440000 - 	loss 14.62	space 4000000.0
cutoff_count_sketch_param: bcut: 300000, # hashes 6, # buckets 416666 - 	loss 14.40	space 3999984.0
cutoff_count_sketch_param: bcut: 400000, # hashes 2, # buckets 700000 - 	loss 10.92	space 4000000.0
cutoff_count_sketch_param: bcut: 400000, # hashes 3, # buckets 600000 - 	loss 11.13	space 4000000.0
cutoff_count_sketch_param: bcut: 400000, # hashes 4, # buckets 550000 - 	loss 11.23	space 4000000.0
cutoff_count_sketch_param: bcut: 400000, # hashes 5, # buckets 520000 - 	loss 12.12	space 4000000.0
cutoff_count_sketch_param: bcut: 400000, # hashes 6, # buckets 500000 - 	loss 11.87	space 4000000.0
cutoff_count_sketch_param: bcut: 500000, # hashes 2, # buckets 750000 - 	loss 9.65	space 4000000.0
cutoff_count_sketch_param: bcut: 500000, # hashes 3, # buckets 666666 - 	loss 9.88	space 3999992.0
cutoff_count_sketch_param: bcut: 500000, # hashes 4, # buckets 625000 - 	loss 9.90	space 4000000.0
cutoff_count_sketch_param: bcut: 500000, # hashes 5, # buckets 600000 - 	loss 10.77	space 4000000.0
cutoff_count_sketch_param: bcut: 500000, # hashes 6, # buckets 583333 - 	loss 10.51	space 3999992.0
cutoff_count_sketch_param: bcut: 600000, # hashes 2, # buckets 800000 - 	loss 8.85	space 4000000.0
cutoff_count_sketch_param: bcut: 600000, # hashes 3, # buckets 733333 - 	loss 9.13	space 3999996.0
cutoff_count_sketch_param: bcut: 600000, # hashes 4, # buckets 700000 - 	loss 9.12	space 4000000.0
cutoff_count_sketch_param: bcut: 600000, # hashes 5, # buckets 680000 - 	loss 9.90	space 4000000.0
cutoff_count_sketch_param: bcut: 600000, # hashes 6, # buckets 666666 - 	loss 9.65	space 3999984.0
cutoff_count_sketch_param: bcut: 700000, # hashes 2, # buckets 850000 - 	loss 8.66	space 4000000.0
cutoff_count_sketch_param: bcut: 700000, # hashes 3, # buckets 800000 - 	loss 9.16	space 4000000.0
cutoff_count_sketch_param: bcut: 700000, # hashes 4, # buckets 775000 - 	loss 9.01	space 4000000.0
cutoff_count_sketch_param: bcut: 700000, # hashes 5, # buckets 760000 - 	loss 9.78	space 4000000.0
cutoff_count_sketch_param: bcut: 700000, # hashes 6, # buckets 750000 - 	loss 9.49	space 4000000.0
cutoff_count_sketch_param: bcut: 800000, # hashes 2, # buckets 900000 - 	loss 9.46	space 4000000.0
cutoff_count_sketch_param: bcut: 800000, # hashes 3, # buckets 866666 - 	loss 10.22	space 3999992.0
cutoff_count_sketch_param: bcut: 800000, # hashes 4, # buckets 850000 - 	loss 9.97	space 4000000.0
cutoff_count_sketch_param: bcut: 800000, # hashes 5, # buckets 840000 - 	loss 10.84	space 4000000.0
cutoff_count_sketch_param: bcut: 800000, # hashes 6, # buckets 833333 - 	loss 10.47	space 3999992.0
cutoff_count_sketch_param: bcut: 900000, # hashes 2, # buckets 950000 - 	loss 11.10	space 4000000.0
cutoff_count_sketch_param: bcut: 900000, # hashes 3, # buckets 933333 - 	loss 12.40	space 3999996.0
cutoff_count_sketch_param: bcut: 900000, # hashes 4, # buckets 925000 - 	loss 11.85	space 4000000.0
cutoff_count_sketch_param: bcut: 900000, # hashes 5, # buckets 920000 - 	loss 12.98	space 4000000.0
cutoff_count_sketch_param: bcut: 900000, # hashes 6, # buckets 916666 - 	loss 12.46	space 3999984.0
space: 4.20
cutoff_count_sketch_param: bcut: 105000, # hashes 2, # buckets 577500 - 	loss 20.54	space 4200000.0
cutoff_count_sketch_param: bcut: 105000, # hashes 3, # buckets 420000 - 	loss 20.43	space 4200000.0
cutoff_count_sketch_param: bcut: 105000, # hashes 4, # buckets 341250 - 	loss 21.08	space 4200000.0
cutoff_count_sketch_param: bcut: 105000, # hashes 5, # buckets 294000 - 	loss 22.62	space 4200000.0
cutoff_count_sketch_param: bcut: 105000, # hashes 6, # buckets 262500 - 	loss 22.40	space 4200000.0
cutoff_count_sketch_param: bcut: 210000, # hashes 2, # buckets 630000 - 	loss 15.50	space 4200000.0
cutoff_count_sketch_param: bcut: 210000, # hashes 3, # buckets 490000 - 	loss 15.52	space 4200000.0
cutoff_count_sketch_param: bcut: 210000, # hashes 4, # buckets 420000 - 	loss 15.94	space 4200000.0
cutoff_count_sketch_param: bcut: 210000, # hashes 5, # buckets 378000 - 	loss 17.15	space 4200000.0
cutoff_count_sketch_param: bcut: 210000, # hashes 6, # buckets 350000 - 	loss 16.90	space 4200000.0
cutoff_count_sketch_param: bcut: 315000, # hashes 2, # buckets 682500 - 	loss 12.33	space 4200000.0
cutoff_count_sketch_param: bcut: 315000, # hashes 3, # buckets 560000 - 	loss 12.41	space 4200000.0
cutoff_count_sketch_param: bcut: 315000, # hashes 4, # buckets 498750 - 	loss 12.62	space 4200000.0
cutoff_count_sketch_param: bcut: 315000, # hashes 5, # buckets 462000 - 	loss 13.59	space 4200000.0
cutoff_count_sketch_param: bcut: 315000, # hashes 6, # buckets 437500 - 	loss 13.35	space 4200000.0
cutoff_count_sketch_param: bcut: 420000, # hashes 2, # buckets 735000 - 	loss 10.18	space 4200000.0
cutoff_count_sketch_param: bcut: 420000, # hashes 3, # buckets 630000 - 	loss 10.28	space 4200000.0
cutoff_count_sketch_param: bcut: 420000, # hashes 4, # buckets 577500 - 	loss 10.39	space 4200000.0
cutoff_count_sketch_param: bcut: 420000, # hashes 5, # buckets 546000 - 	loss 11.22	space 4200000.0
cutoff_count_sketch_param: bcut: 420000, # hashes 6, # buckets 525000 - 	loss 11.04	space 4200000.0
cutoff_count_sketch_param: bcut: 525000, # hashes 2, # buckets 787500 - 	loss 8.97	space 4200000.0
cutoff_count_sketch_param: bcut: 525000, # hashes 3, # buckets 700000 - 	loss 9.09	space 4200000.0
cutoff_count_sketch_param: bcut: 525000, # hashes 4, # buckets 656250 - 	loss 9.16	space 4200000.0
cutoff_count_sketch_param: bcut: 525000, # hashes 5, # buckets 630000 - 	loss 9.95	space 4200000.0
cutoff_count_sketch_param: bcut: 525000, # hashes 6, # buckets 612500 - 	loss 9.73	space 4200000.0
cutoff_count_sketch_param: bcut: 630000, # hashes 2, # buckets 840000 - 	loss 8.00	space 4200000.0
cutoff_count_sketch_param: bcut: 630000, # hashes 3, # buckets 770000 - 	loss 8.20	space 4200000.0
cutoff_count_sketch_param: bcut: 630000, # hashes 4, # buckets 735000 - 	loss 8.20	space 4200000.0
cutoff_count_sketch_param: bcut: 630000, # hashes 5, # buckets 714000 - 	loss 8.89	space 4200000.0
cutoff_count_sketch_param: bcut: 630000, # hashes 6, # buckets 700000 - 	loss 8.65	space 4200000.0
cutoff_count_sketch_param: bcut: 735000, # hashes 2, # buckets 892500 - 	loss 8.18	space 4200000.0
cutoff_count_sketch_param: bcut: 735000, # hashes 3, # buckets 840000 - 	loss 8.56	space 4200000.0
cutoff_count_sketch_param: bcut: 735000, # hashes 4, # buckets 813750 - 	loss 8.46	space 4200000.0
cutoff_count_sketch_param: bcut: 735000, # hashes 5, # buckets 798000 - 	loss 9.20	space 4200000.0
cutoff_count_sketch_param: bcut: 735000, # hashes 6, # buckets 787500 - 	loss 8.90	space 4200000.0
cutoff_count_sketch_param: bcut: 840000, # hashes 2, # buckets 945000 - 	loss 8.55	space 4200000.0
cutoff_count_sketch_param: bcut: 840000, # hashes 3, # buckets 910000 - 	loss 9.18	space 4200000.0
cutoff_count_sketch_param: bcut: 840000, # hashes 4, # buckets 892500 - 	loss 8.95	space 4200000.0
cutoff_count_sketch_param: bcut: 840000, # hashes 5, # buckets 882000 - 	loss 9.76	space 4200000.0
cutoff_count_sketch_param: bcut: 840000, # hashes 6, # buckets 875000 - 	loss 9.41	space 4200000.0
cutoff_count_sketch_param: bcut: 945000, # hashes 2, # buckets 997500 - 	loss 9.90	space 4200000.0
cutoff_count_sketch_param: bcut: 945000, # hashes 3, # buckets 980000 - 	loss 11.01	space 4200000.0
cutoff_count_sketch_param: bcut: 945000, # hashes 4, # buckets 971250 - 	loss 10.58	space 4200000.0
cutoff_count_sketch_param: bcut: 945000, # hashes 5, # buckets 966000 - 	loss 11.58	space 4200000.0
cutoff_count_sketch_param: bcut: 945000, # hashes 6, # buckets 962500 - 	loss 11.16	space 4200000.0
space: 4.40
cutoff_count_sketch_param: bcut: 110000, # hashes 2, # buckets 605000 - 	loss 19.69	space 4400000.0
cutoff_count_sketch_param: bcut: 110000, # hashes 3, # buckets 440000 - 	loss 19.48	space 4400000.0
cutoff_count_sketch_param: bcut: 110000, # hashes 4, # buckets 357500 - 	loss 20.13	space 4400000.0
cutoff_count_sketch_param: bcut: 110000, # hashes 5, # buckets 308000 - 	loss 21.61	space 4400000.0
cutoff_count_sketch_param: bcut: 110000, # hashes 6, # buckets 275000 - 	loss 21.44	space 4400000.0
cutoff_count_sketch_param: bcut: 220000, # hashes 2, # buckets 660000 - 	loss 14.69	space 4400000.0
cutoff_count_sketch_param: bcut: 220000, # hashes 3, # buckets 513333 - 	loss 14.57	space 4399996.0
cutoff_count_sketch_param: bcut: 220000, # hashes 4, # buckets 440000 - 	loss 14.96	space 4400000.0
cutoff_count_sketch_param: bcut: 220000, # hashes 5, # buckets 396000 - 	loss 16.07	space 4400000.0
cutoff_count_sketch_param: bcut: 220000, # hashes 6, # buckets 366666 - 	loss 15.89	space 4399984.0
cutoff_count_sketch_param: bcut: 330000, # hashes 2, # buckets 715000 - 	loss 11.50	space 4400000.0
cutoff_count_sketch_param: bcut: 330000, # hashes 3, # buckets 586666 - 	loss 11.46	space 4399992.0
cutoff_count_sketch_param: bcut: 330000, # hashes 4, # buckets 522500 - 	loss 11.72	space 4400000.0
cutoff_count_sketch_param: bcut: 330000, # hashes 5, # buckets 484000 - 	loss 12.63	space 4400000.0
cutoff_count_sketch_param: bcut: 330000, # hashes 6, # buckets 458333 - 	loss 12.42	space 4399992.0
cutoff_count_sketch_param: bcut: 440000, # hashes 2, # buckets 770000 - 	loss 9.45	space 4400000.0
cutoff_count_sketch_param: bcut: 440000, # hashes 3, # buckets 660000 - 	loss 9.43	space 4400000.0
cutoff_count_sketch_param: bcut: 440000, # hashes 4, # buckets 605000 - 	loss 9.62	space 4400000.0
cutoff_count_sketch_param: bcut: 440000, # hashes 5, # buckets 572000 - 	loss 10.37	space 4400000.0
cutoff_count_sketch_param: bcut: 440000, # hashes 6, # buckets 550000 - 	loss 10.19	space 4400000.0
cutoff_count_sketch_param: bcut: 550000, # hashes 2, # buckets 825000 - 	loss 8.33	space 4400000.0
cutoff_count_sketch_param: bcut: 550000, # hashes 3, # buckets 733333 - 	loss 8.38	space 4399996.0
cutoff_count_sketch_param: bcut: 550000, # hashes 4, # buckets 687500 - 	loss 8.48	space 4400000.0
cutoff_count_sketch_param: bcut: 550000, # hashes 5, # buckets 660000 - 	loss 9.15	space 4400000.0
cutoff_count_sketch_param: bcut: 550000, # hashes 6, # buckets 641666 - 	loss 8.97	space 4399984.0
cutoff_count_sketch_param: bcut: 660000, # hashes 2, # buckets 880000 - 	loss 7.46	space 4400000.0
cutoff_count_sketch_param: bcut: 660000, # hashes 3, # buckets 806666 - 	loss 7.58	space 4399992.0
cutoff_count_sketch_param: bcut: 660000, # hashes 4, # buckets 770000 - 	loss 7.61	space 4400000.0
cutoff_count_sketch_param: bcut: 660000, # hashes 5, # buckets 748000 - 	loss 8.25	space 4400000.0
cutoff_count_sketch_param: bcut: 660000, # hashes 6, # buckets 733333 - 	loss 8.06	space 4399992.0
cutoff_count_sketch_param: bcut: 770000, # hashes 2, # buckets 935000 - 	loss 7.58	space 4400000.0
cutoff_count_sketch_param: bcut: 770000, # hashes 3, # buckets 880000 - 	loss 7.86	space 4400000.0
cutoff_count_sketch_param: bcut: 770000, # hashes 4, # buckets 852500 - 	loss 7.82	space 4400000.0
cutoff_count_sketch_param: bcut: 770000, # hashes 5, # buckets 836000 - 	loss 8.49	space 4400000.0
cutoff_count_sketch_param: bcut: 770000, # hashes 6, # buckets 825000 - 	loss 8.27	space 4400000.0
cutoff_count_sketch_param: bcut: 880000, # hashes 2, # buckets 990000 - 	loss 7.61	space 4400000.0
cutoff_count_sketch_param: bcut: 880000, # hashes 3, # buckets 953333 - 	loss 8.09	space 4399996.0
cutoff_count_sketch_param: bcut: 880000, # hashes 4, # buckets 935000 - 	loss 7.90	space 4400000.0
cutoff_count_sketch_param: bcut: 880000, # hashes 5, # buckets 924000 - 	loss 8.66	space 4400000.0
cutoff_count_sketch_param: bcut: 880000, # hashes 6, # buckets 916666 - 	loss 8.35	space 4399984.0
cutoff_count_sketch_param: bcut: 990000, # hashes 2, # buckets 1045000 - 	loss 9.20	space 4400000.0
cutoff_count_sketch_param: bcut: 990000, # hashes 3, # buckets 1026666 - 	loss 10.19	space 4399992.0
cutoff_count_sketch_param: bcut: 990000, # hashes 4, # buckets 1017500 - 	loss 9.77	space 4400000.0
cutoff_count_sketch_param: bcut: 990000, # hashes 5, # buckets 1012000 - 	loss 10.74	space 4400000.0
cutoff_count_sketch_param: bcut: 990000, # hashes 6, # buckets 1008333 - 	loss 10.33	space 4399992.0
space: 4.60
cutoff_count_sketch_param: bcut: 115000, # hashes 2, # buckets 632500 - 	loss 18.86	space 4600000.0
cutoff_count_sketch_param: bcut: 115000, # hashes 3, # buckets 460000 - 	loss 18.54	space 4600000.0
cutoff_count_sketch_param: bcut: 115000, # hashes 4, # buckets 373750 - 	loss 19.23	space 4600000.0
cutoff_count_sketch_param: bcut: 115000, # hashes 5, # buckets 322000 - 	loss 20.61	space 4600000.0
cutoff_count_sketch_param: bcut: 115000, # hashes 6, # buckets 287500 - 	loss 20.48	space 4600000.0
cutoff_count_sketch_param: bcut: 230000, # hashes 2, # buckets 690000 - 	loss 13.86	space 4600000.0
cutoff_count_sketch_param: bcut: 230000, # hashes 3, # buckets 536666 - 	loss 13.64	space 4599992.0
cutoff_count_sketch_param: bcut: 230000, # hashes 4, # buckets 460000 - 	loss 14.12	space 4600000.0
cutoff_count_sketch_param: bcut: 230000, # hashes 5, # buckets 414000 - 	loss 15.15	space 4600000.0
cutoff_count_sketch_param: bcut: 230000, # hashes 6, # buckets 383333 - 	loss 14.97	space 4599992.0
cutoff_count_sketch_param: bcut: 345000, # hashes 2, # buckets 747500 - 	loss 10.77	space 4600000.0
cutoff_count_sketch_param: bcut: 345000, # hashes 3, # buckets 613333 - 	loss 10.60	space 4599996.0
cutoff_count_sketch_param: bcut: 345000, # hashes 4, # buckets 546250 - 	loss 10.90	space 4600000.0
cutoff_count_sketch_param: bcut: 345000, # hashes 5, # buckets 506000 - 	loss 11.72	space 4600000.0
cutoff_count_sketch_param: bcut: 345000, # hashes 6, # buckets 479166 - 	loss 11.59	space 4599984.0
cutoff_count_sketch_param: bcut: 460000, # hashes 2, # buckets 805000 - 	loss 8.77	space 4600000.0
cutoff_count_sketch_param: bcut: 460000, # hashes 3, # buckets 690000 - 	loss 8.68	space 4600000.0
cutoff_count_sketch_param: bcut: 460000, # hashes 4, # buckets 632500 - 	loss 8.86	space 4600000.0
cutoff_count_sketch_param: bcut: 460000, # hashes 5, # buckets 598000 - 	loss 9.54	space 4600000.0
cutoff_count_sketch_param: bcut: 460000, # hashes 6, # buckets 575000 - 	loss 9.43	space 4600000.0
cutoff_count_sketch_param: bcut: 575000, # hashes 2, # buckets 862500 - 	loss 7.70	space 4600000.0
cutoff_count_sketch_param: bcut: 575000, # hashes 3, # buckets 766666 - 	loss 7.63	space 4599992.0
cutoff_count_sketch_param: bcut: 575000, # hashes 4, # buckets 718750 - 	loss 7.78	space 4600000.0
cutoff_count_sketch_param: bcut: 575000, # hashes 5, # buckets 690000 - 	loss 8.39	space 4600000.0
cutoff_count_sketch_param: bcut: 575000, # hashes 6, # buckets 670833 - 	loss 8.24	space 4599992.0
cutoff_count_sketch_param: bcut: 690000, # hashes 2, # buckets 920000 - 	loss 6.95	space 4600000.0
cutoff_count_sketch_param: bcut: 690000, # hashes 3, # buckets 843333 - 	loss 7.03	space 4599996.0
cutoff_count_sketch_param: bcut: 690000, # hashes 4, # buckets 805000 - 	loss 7.05	space 4600000.0
cutoff_count_sketch_param: bcut: 690000, # hashes 5, # buckets 782000 - 	loss 7.64	space 4600000.0
cutoff_count_sketch_param: bcut: 690000, # hashes 6, # buckets 766666 - 	loss 7.48	space 4599984.0
cutoff_count_sketch_param: bcut: 805000, # hashes 2, # buckets 977500 - 	loss 6.98	space 4600000.0
cutoff_count_sketch_param: bcut: 805000, # hashes 3, # buckets 920000 - 	loss 7.18	space 4600000.0
cutoff_count_sketch_param: bcut: 805000, # hashes 4, # buckets 891250 - 	loss 7.17	space 4600000.0
cutoff_count_sketch_param: bcut: 805000, # hashes 5, # buckets 874000 - 	loss 7.78	space 4600000.0
cutoff_count_sketch_param: bcut: 805000, # hashes 6, # buckets 862500 - 	loss 7.59	space 4600000.0
cutoff_count_sketch_param: bcut: 920000, # hashes 2, # buckets 1035000 - 	loss 6.85	space 4600000.0
cutoff_count_sketch_param: bcut: 920000, # hashes 3, # buckets 996666 - 	loss 7.24	space 4599992.0
cutoff_count_sketch_param: bcut: 920000, # hashes 4, # buckets 977500 - 	loss 7.13	space 4600000.0
cutoff_count_sketch_param: bcut: 920000, # hashes 5, # buckets 966000 - 	loss 7.78	space 4600000.0
cutoff_count_sketch_param: bcut: 920000, # hashes 6, # buckets 958333 - 	loss 7.53	space 4599992.0
cutoff_count_sketch_param: bcut: 1035000, # hashes 2, # buckets 1092500 - 	loss 8.90	space 4600000.0
cutoff_count_sketch_param: bcut: 1035000, # hashes 3, # buckets 1073333 - 	loss 9.74	space 4599996.0
cutoff_count_sketch_param: bcut: 1035000, # hashes 4, # buckets 1063750 - 	loss 9.48	space 4600000.0
cutoff_count_sketch_param: bcut: 1035000, # hashes 5, # buckets 1058000 - 	loss 10.31	space 4600000.0
cutoff_count_sketch_param: bcut: 1035000, # hashes 6, # buckets 1054166 - 	loss 9.89	space 4599984.0
space: 4.80
cutoff_count_sketch_param: bcut: 120000, # hashes 2, # buckets 660000 - 	loss 18.12	space 4800000.0
cutoff_count_sketch_param: bcut: 120000, # hashes 3, # buckets 480000 - 	loss 17.65	space 4800000.0
cutoff_count_sketch_param: bcut: 120000, # hashes 4, # buckets 390000 - 	loss 18.41	space 4800000.0
cutoff_count_sketch_param: bcut: 120000, # hashes 5, # buckets 336000 - 	loss 19.70	space 4800000.0
cutoff_count_sketch_param: bcut: 120000, # hashes 6, # buckets 300000 - 	loss 19.59	space 4800000.0
cutoff_count_sketch_param: bcut: 240000, # hashes 2, # buckets 720000 - 	loss 13.15	space 4800000.0
cutoff_count_sketch_param: bcut: 240000, # hashes 3, # buckets 560000 - 	loss 12.85	space 4800000.0
cutoff_count_sketch_param: bcut: 240000, # hashes 4, # buckets 480000 - 	loss 13.32	space 4800000.0
cutoff_count_sketch_param: bcut: 240000, # hashes 5, # buckets 432000 - 	loss 14.27	space 4800000.0
cutoff_count_sketch_param: bcut: 240000, # hashes 6, # buckets 400000 - 	loss 14.18	space 4800000.0
cutoff_count_sketch_param: bcut: 360000, # hashes 2, # buckets 780000 - 	loss 10.03	space 4800000.0
cutoff_count_sketch_param: bcut: 360000, # hashes 3, # buckets 640000 - 	loss 9.81	space 4800000.0
cutoff_count_sketch_param: bcut: 360000, # hashes 4, # buckets 570000 - 	loss 10.15	space 4800000.0
cutoff_count_sketch_param: bcut: 360000, # hashes 5, # buckets 528000 - 	loss 10.87	space 4800000.0
cutoff_count_sketch_param: bcut: 360000, # hashes 6, # buckets 500000 - 	loss 10.78	space 4800000.0
cutoff_count_sketch_param: bcut: 480000, # hashes 2, # buckets 840000 - 	loss 8.20	space 4800000.0
cutoff_count_sketch_param: bcut: 480000, # hashes 3, # buckets 720000 - 	loss 8.04	space 4800000.0
cutoff_count_sketch_param: bcut: 480000, # hashes 4, # buckets 660000 - 	loss 8.24	space 4800000.0
cutoff_count_sketch_param: bcut: 480000, # hashes 5, # buckets 624000 - 	loss 8.85	space 4800000.0
cutoff_count_sketch_param: bcut: 480000, # hashes 6, # buckets 600000 - 	loss 8.76	space 4800000.0
cutoff_count_sketch_param: bcut: 600000, # hashes 2, # buckets 900000 - 	loss 7.08	space 4800000.0
cutoff_count_sketch_param: bcut: 600000, # hashes 3, # buckets 800000 - 	loss 6.97	space 4800000.0
cutoff_count_sketch_param: bcut: 600000, # hashes 4, # buckets 750000 - 	loss 7.11	space 4800000.0
cutoff_count_sketch_param: bcut: 600000, # hashes 5, # buckets 720000 - 	loss 7.68	space 4800000.0
cutoff_count_sketch_param: bcut: 600000, # hashes 6, # buckets 700000 - 	loss 7.56	space 4800000.0
cutoff_count_sketch_param: bcut: 720000, # hashes 2, # buckets 960000 - 	loss 6.56	space 4800000.0
cutoff_count_sketch_param: bcut: 720000, # hashes 3, # buckets 880000 - 	loss 6.58	space 4800000.0
cutoff_count_sketch_param: bcut: 720000, # hashes 4, # buckets 840000 - 	loss 6.64	space 4800000.0
cutoff_count_sketch_param: bcut: 720000, # hashes 5, # buckets 816000 - 	loss 7.16	space 4800000.0
cutoff_count_sketch_param: bcut: 720000, # hashes 6, # buckets 800000 - 	loss 7.06	space 4800000.0
cutoff_count_sketch_param: bcut: 840000, # hashes 2, # buckets 1020000 - 	loss 6.38	space 4800000.0
cutoff_count_sketch_param: bcut: 840000, # hashes 3, # buckets 960000 - 	loss 6.53	space 4800000.0
cutoff_count_sketch_param: bcut: 840000, # hashes 4, # buckets 930000 - 	loss 6.53	space 4800000.0
cutoff_count_sketch_param: bcut: 840000, # hashes 5, # buckets 912000 - 	loss 7.08	space 4800000.0
cutoff_count_sketch_param: bcut: 840000, # hashes 6, # buckets 900000 - 	loss 6.94	space 4800000.0
cutoff_count_sketch_param: bcut: 960000, # hashes 2, # buckets 1080000 - 	loss 6.27	space 4800000.0
cutoff_count_sketch_param: bcut: 960000, # hashes 3, # buckets 1040000 - 	loss 6.55	space 4800000.0
cutoff_count_sketch_param: bcut: 960000, # hashes 4, # buckets 1020000 - 	loss 6.46	space 4800000.0
cutoff_count_sketch_param: bcut: 960000, # hashes 5, # buckets 1008000 - 	loss 7.05	space 4800000.0
cutoff_count_sketch_param: bcut: 960000, # hashes 6, # buckets 1000000 - 	loss 6.82	space 4800000.0
cutoff_count_sketch_param: bcut: 1080000, # hashes 2, # buckets 1140000 - 	loss 8.60	space 4800000.0
cutoff_count_sketch_param: bcut: 1080000, # hashes 3, # buckets 1120000 - 	loss 9.42	space 4800000.0
cutoff_count_sketch_param: bcut: 1080000, # hashes 4, # buckets 1110000 - 	loss 9.09	space 4800000.0
cutoff_count_sketch_param: bcut: 1080000, # hashes 5, # buckets 1104000 - 	loss 10.02	space 4800000.0
cutoff_count_sketch_param: bcut: 1080000, # hashes 6, # buckets 1100000 - 	loss 9.53	space 4800000.0
space: 5.00
cutoff_count_sketch_param: bcut: 125000, # hashes 2, # buckets 687500 - 	loss 17.41	space 5000000.0
cutoff_count_sketch_param: bcut: 125000, # hashes 3, # buckets 500000 - 	loss 16.82	space 5000000.0
cutoff_count_sketch_param: bcut: 125000, # hashes 4, # buckets 406250 - 	loss 17.62	space 5000000.0
cutoff_count_sketch_param: bcut: 125000, # hashes 5, # buckets 350000 - 	loss 18.81	space 5000000.0
cutoff_count_sketch_param: bcut: 125000, # hashes 6, # buckets 312500 - 	loss 18.79	space 5000000.0
cutoff_count_sketch_param: bcut: 250000, # hashes 2, # buckets 750000 - 	loss 12.49	space 5000000.0
cutoff_count_sketch_param: bcut: 250000, # hashes 3, # buckets 583333 - 	loss 12.04	space 4999996.0
cutoff_count_sketch_param: bcut: 250000, # hashes 4, # buckets 500000 - 	loss 12.61	space 5000000.0
cutoff_count_sketch_param: bcut: 250000, # hashes 5, # buckets 450000 - 	loss 13.47	space 5000000.0
cutoff_count_sketch_param: bcut: 250000, # hashes 6, # buckets 416666 - 	loss 13.37	space 4999984.0
cutoff_count_sketch_param: bcut: 375000, # hashes 2, # buckets 812500 - 	loss 9.45	space 5000000.0
cutoff_count_sketch_param: bcut: 375000, # hashes 3, # buckets 666666 - 	loss 9.13	space 4999992.0
cutoff_count_sketch_param: bcut: 375000, # hashes 4, # buckets 593750 - 	loss 9.46	space 5000000.0
cutoff_count_sketch_param: bcut: 375000, # hashes 5, # buckets 550000 - 	loss 10.13	space 5000000.0
cutoff_count_sketch_param: bcut: 375000, # hashes 6, # buckets 520833 - 	loss 10.08	space 4999992.0
cutoff_count_sketch_param: bcut: 500000, # hashes 2, # buckets 875000 - 	loss 7.68	space 5000000.0
cutoff_count_sketch_param: bcut: 500000, # hashes 3, # buckets 750000 - 	loss 7.46	space 5000000.0
cutoff_count_sketch_param: bcut: 500000, # hashes 4, # buckets 687500 - 	loss 7.71	space 5000000.0
cutoff_count_sketch_param: bcut: 500000, # hashes 5, # buckets 650000 - 	loss 8.27	space 5000000.0
cutoff_count_sketch_param: bcut: 500000, # hashes 6, # buckets 625000 - 	loss 8.21	space 5000000.0
cutoff_count_sketch_param: bcut: 625000, # hashes 2, # buckets 937500 - 	loss 6.48	space 5000000.0
cutoff_count_sketch_param: bcut: 625000, # hashes 3, # buckets 833333 - 	loss 6.31	space 4999996.0
cutoff_count_sketch_param: bcut: 625000, # hashes 4, # buckets 781250 - 	loss 6.47	space 5000000.0
cutoff_count_sketch_param: bcut: 625000, # hashes 5, # buckets 750000 - 	loss 6.99	space 5000000.0
cutoff_count_sketch_param: bcut: 625000, # hashes 6, # buckets 729166 - 	loss 6.91	space 4999984.0
cutoff_count_sketch_param: bcut: 750000, # hashes 2, # buckets 1000000 - 	loss 6.22	space 5000000.0
cutoff_count_sketch_param: bcut: 750000, # hashes 3, # buckets 916666 - 	loss 6.18	space 4999992.0
cutoff_count_sketch_param: bcut: 750000, # hashes 4, # buckets 875000 - 	loss 6.29	space 5000000.0
cutoff_count_sketch_param: bcut: 750000, # hashes 5, # buckets 850000 - 	loss 6.78	space 5000000.0
cutoff_count_sketch_param: bcut: 750000, # hashes 6, # buckets 833333 - 	loss 6.67	space 4999992.0
cutoff_count_sketch_param: bcut: 875000, # hashes 2, # buckets 1062500 - 	loss 5.74	space 5000000.0
cutoff_count_sketch_param: bcut: 875000, # hashes 3, # buckets 1000000 - 	loss 5.80	space 5000000.0
cutoff_count_sketch_param: bcut: 875000, # hashes 4, # buckets 968750 - 	loss 5.82	space 5000000.0
cutoff_count_sketch_param: bcut: 875000, # hashes 5, # buckets 950000 - 	loss 6.30	space 5000000.0
cutoff_count_sketch_param: bcut: 875000, # hashes 6, # buckets 937500 - 	loss 6.18	space 5000000.0
cutoff_count_sketch_param: bcut: 1000000, # hashes 2, # buckets 1125000 - 	loss 5.92	space 5000000.0
cutoff_count_sketch_param: bcut: 1000000, # hashes 3, # buckets 1083333 - 	loss 6.15	space 4999996.0
cutoff_count_sketch_param: bcut: 1000000, # hashes 4, # buckets 1062500 - 	loss 6.10	space 5000000.0
cutoff_count_sketch_param: bcut: 1000000, # hashes 5, # buckets 1050000 - 	loss 6.64	space 5000000.0
cutoff_count_sketch_param: bcut: 1000000, # hashes 6, # buckets 1041666 - 	loss 6.43	space 4999984.0
cutoff_count_sketch_param: bcut: 1125000, # hashes 2, # buckets 1187500 - 	loss 8.29	space 5000000.0
cutoff_count_sketch_param: bcut: 1125000, # hashes 3, # buckets 1166666 - 	loss 9.07	space 4999992.0
cutoff_count_sketch_param: bcut: 1125000, # hashes 4, # buckets 1156250 - 	loss 8.80	space 5000000.0
cutoff_count_sketch_param: bcut: 1125000, # hashes 5, # buckets 1150000 - 	loss 9.66	space 5000000.0
cutoff_count_sketch_param: bcut: 1125000, # hashes 6, # buckets 1145833 - 	loss 9.23	space 4999992.0
space: 5.20
cutoff_count_sketch_param: bcut: 130000, # hashes 2, # buckets 715000 - 	loss 16.70	space 5200000.0
cutoff_count_sketch_param: bcut: 130000, # hashes 3, # buckets 520000 - 	loss 16.03	space 5200000.0
cutoff_count_sketch_param: bcut: 130000, # hashes 4, # buckets 422500 - 	loss 16.90	space 5200000.0
cutoff_count_sketch_param: bcut: 130000, # hashes 5, # buckets 364000 - 	loss 18.01	space 5200000.0
cutoff_count_sketch_param: bcut: 130000, # hashes 6, # buckets 325000 - 	loss 18.02	space 5200000.0
cutoff_count_sketch_param: bcut: 260000, # hashes 2, # buckets 780000 - 	loss 11.86	space 5200000.0
cutoff_count_sketch_param: bcut: 260000, # hashes 3, # buckets 606666 - 	loss 11.38	space 5199992.0
cutoff_count_sketch_param: bcut: 260000, # hashes 4, # buckets 520000 - 	loss 11.94	space 5200000.0
cutoff_count_sketch_param: bcut: 260000, # hashes 5, # buckets 468000 - 	loss 12.69	space 5200000.0
cutoff_count_sketch_param: bcut: 260000, # hashes 6, # buckets 433333 - 	loss 12.68	space 5199992.0
cutoff_count_sketch_param: bcut: 390000, # hashes 2, # buckets 845000 - 	loss 8.90	space 5200000.0
cutoff_count_sketch_param: bcut: 390000, # hashes 3, # buckets 693333 - 	loss 8.52	space 5199996.0
cutoff_count_sketch_param: bcut: 390000, # hashes 4, # buckets 617500 - 	loss 8.90	space 5200000.0
cutoff_count_sketch_param: bcut: 390000, # hashes 5, # buckets 572000 - 	loss 9.48	space 5200000.0
cutoff_count_sketch_param: bcut: 390000, # hashes 6, # buckets 541666 - 	loss 9.45	space 5199984.0
cutoff_count_sketch_param: bcut: 520000, # hashes 2, # buckets 910000 - 	loss 7.26	space 5200000.0
cutoff_count_sketch_param: bcut: 520000, # hashes 3, # buckets 780000 - 	loss 6.94	space 5200000.0
cutoff_count_sketch_param: bcut: 520000, # hashes 4, # buckets 715000 - 	loss 7.22	space 5200000.0
cutoff_count_sketch_param: bcut: 520000, # hashes 5, # buckets 676000 - 	loss 7.72	space 5200000.0
cutoff_count_sketch_param: bcut: 520000, # hashes 6, # buckets 650000 - 	loss 7.66	space 5200000.0
cutoff_count_sketch_param: bcut: 650000, # hashes 2, # buckets 975000 - 	loss 6.05	space 5200000.0
cutoff_count_sketch_param: bcut: 650000, # hashes 3, # buckets 866666 - 	loss 5.87	space 5199992.0
cutoff_count_sketch_param: bcut: 650000, # hashes 4, # buckets 812500 - 	loss 6.03	space 5200000.0
cutoff_count_sketch_param: bcut: 650000, # hashes 5, # buckets 780000 - 	loss 6.48	space 5200000.0
cutoff_count_sketch_param: bcut: 650000, # hashes 6, # buckets 758333 - 	loss 6.42	space 5199992.0
cutoff_count_sketch_param: bcut: 780000, # hashes 2, # buckets 1040000 - 	loss 5.79	space 5200000.0
cutoff_count_sketch_param: bcut: 780000, # hashes 3, # buckets 953333 - 	loss 5.71	space 5199996.0
cutoff_count_sketch_param: bcut: 780000, # hashes 4, # buckets 910000 - 	loss 5.83	space 5200000.0
cutoff_count_sketch_param: bcut: 780000, # hashes 5, # buckets 884000 - 	loss 6.25	space 5200000.0
cutoff_count_sketch_param: bcut: 780000, # hashes 6, # buckets 866666 - 	loss 6.18	space 5199984.0
cutoff_count_sketch_param: bcut: 910000, # hashes 2, # buckets 1105000 - 	loss 5.21	space 5200000.0
cutoff_count_sketch_param: bcut: 910000, # hashes 3, # buckets 1040000 - 	loss 5.21	space 5200000.0
cutoff_count_sketch_param: bcut: 910000, # hashes 4, # buckets 1007500 - 	loss 5.27	space 5200000.0
cutoff_count_sketch_param: bcut: 910000, # hashes 5, # buckets 988000 - 	loss 5.71	space 5200000.0
cutoff_count_sketch_param: bcut: 910000, # hashes 6, # buckets 975000 - 	loss 5.62	space 5200000.0
cutoff_count_sketch_param: bcut: 1040000, # hashes 2, # buckets 1170000 - 	loss 5.74	space 5200000.0
cutoff_count_sketch_param: bcut: 1040000, # hashes 3, # buckets 1126666 - 	loss 5.92	space 5199992.0
cutoff_count_sketch_param: bcut: 1040000, # hashes 4, # buckets 1105000 - 	loss 5.89	space 5200000.0
cutoff_count_sketch_param: bcut: 1040000, # hashes 5, # buckets 1092000 - 	loss 6.41	space 5200000.0
cutoff_count_sketch_param: bcut: 1040000, # hashes 6, # buckets 1083333 - 	loss 6.21	space 5199992.0
cutoff_count_sketch_param: bcut: 1170000, # hashes 2, # buckets 1235000 - 	loss 8.03	space 5200000.0
cutoff_count_sketch_param: bcut: 1170000, # hashes 3, # buckets 1213333 - 	loss 8.78	space 5199996.0
cutoff_count_sketch_param: bcut: 1170000, # hashes 4, # buckets 1202500 - 	loss 8.51	space 5200000.0
cutoff_count_sketch_param: bcut: 1170000, # hashes 5, # buckets 1196000 - 	loss 9.29	space 5200000.0
cutoff_count_sketch_param: bcut: 1170000, # hashes 6, # buckets 1191666 - 	loss 8.92	space 5199984.0
space: 5.40
cutoff_count_sketch_param: bcut: 135000, # hashes 2, # buckets 742500 - 	loss 16.16	space 5400000.0
cutoff_count_sketch_param: bcut: 135000, # hashes 3, # buckets 540000 - 	loss 15.22	space 5400000.0
cutoff_count_sketch_param: bcut: 135000, # hashes 4, # buckets 438750 - 	loss 16.19	space 5400000.0
cutoff_count_sketch_param: bcut: 135000, # hashes 5, # buckets 378000 - 	loss 17.24	space 5400000.0
cutoff_count_sketch_param: bcut: 135000, # hashes 6, # buckets 337500 - 	loss 17.30	space 5400000.0
cutoff_count_sketch_param: bcut: 270000, # hashes 2, # buckets 810000 - 	loss 11.25	space 5400000.0
cutoff_count_sketch_param: bcut: 270000, # hashes 3, # buckets 630000 - 	loss 10.66	space 5400000.0
cutoff_count_sketch_param: bcut: 270000, # hashes 4, # buckets 540000 - 	loss 11.23	space 5400000.0
cutoff_count_sketch_param: bcut: 270000, # hashes 5, # buckets 486000 - 	loss 11.97	space 5400000.0
cutoff_count_sketch_param: bcut: 270000, # hashes 6, # buckets 450000 - 	loss 11.99	space 5400000.0
cutoff_count_sketch_param: bcut: 405000, # hashes 2, # buckets 877500 - 	loss 8.41	space 5400000.0
cutoff_count_sketch_param: bcut: 405000, # hashes 3, # buckets 720000 - 	loss 7.98	space 5400000.0
cutoff_count_sketch_param: bcut: 405000, # hashes 4, # buckets 641250 - 	loss 8.33	space 5400000.0
cutoff_count_sketch_param: bcut: 405000, # hashes 5, # buckets 594000 - 	loss 8.91	space 5400000.0
cutoff_count_sketch_param: bcut: 405000, # hashes 6, # buckets 562500 - 	loss 8.90	space 5400000.0
cutoff_count_sketch_param: bcut: 540000, # hashes 2, # buckets 945000 - 	loss 6.84	space 5400000.0
cutoff_count_sketch_param: bcut: 540000, # hashes 3, # buckets 810000 - 	loss 6.50	space 5400000.0
cutoff_count_sketch_param: bcut: 540000, # hashes 4, # buckets 742500 - 	loss 6.76	space 5400000.0
cutoff_count_sketch_param: bcut: 540000, # hashes 5, # buckets 702000 - 	loss 7.21	space 5400000.0
cutoff_count_sketch_param: bcut: 540000, # hashes 6, # buckets 675000 - 	loss 7.22	space 5400000.0
cutoff_count_sketch_param: bcut: 675000, # hashes 2, # buckets 1012500 - 	loss 5.71	space 5400000.0
cutoff_count_sketch_param: bcut: 675000, # hashes 3, # buckets 900000 - 	loss 5.48	space 5400000.0
cutoff_count_sketch_param: bcut: 675000, # hashes 4, # buckets 843750 - 	loss 5.65	space 5400000.0
cutoff_count_sketch_param: bcut: 675000, # hashes 5, # buckets 810000 - 	loss 6.06	space 5400000.0
cutoff_count_sketch_param: bcut: 675000, # hashes 6, # buckets 787500 - 	loss 6.02	space 5400000.0
cutoff_count_sketch_param: bcut: 810000, # hashes 2, # buckets 1080000 - 	loss 5.38	space 5400000.0
cutoff_count_sketch_param: bcut: 810000, # hashes 3, # buckets 990000 - 	loss 5.22	space 5400000.0
cutoff_count_sketch_param: bcut: 810000, # hashes 4, # buckets 945000 - 	loss 5.34	space 5400000.0
cutoff_count_sketch_param: bcut: 810000, # hashes 5, # buckets 918000 - 	loss 5.75	space 5400000.0
cutoff_count_sketch_param: bcut: 810000, # hashes 6, # buckets 900000 - 	loss 5.68	space 5400000.0
cutoff_count_sketch_param: bcut: 945000, # hashes 2, # buckets 1147500 - 	loss 4.77	space 5400000.0
cutoff_count_sketch_param: bcut: 945000, # hashes 3, # buckets 1080000 - 	loss 4.73	space 5400000.0
cutoff_count_sketch_param: bcut: 945000, # hashes 4, # buckets 1046250 - 	loss 4.82	space 5400000.0
cutoff_count_sketch_param: bcut: 945000, # hashes 5, # buckets 1026000 - 	loss 5.19	space 5400000.0
cutoff_count_sketch_param: bcut: 945000, # hashes 6, # buckets 1012500 - 	loss 5.09	space 5400000.0
cutoff_count_sketch_param: bcut: 1080000, # hashes 2, # buckets 1215000 - 	loss 5.54	space 5400000.0
cutoff_count_sketch_param: bcut: 1080000, # hashes 3, # buckets 1170000 - 	loss 5.70	space 5400000.0
cutoff_count_sketch_param: bcut: 1080000, # hashes 4, # buckets 1147500 - 	loss 5.69	space 5400000.0
cutoff_count_sketch_param: bcut: 1080000, # hashes 5, # buckets 1134000 - 	loss 6.19	space 5400000.0
cutoff_count_sketch_param: bcut: 1080000, # hashes 6, # buckets 1125000 - 	loss 6.02	space 5400000.0
cutoff_count_sketch_param: bcut: 1215000, # hashes 2, # buckets 1282500 - 	loss 7.78	space 5400000.0
cutoff_count_sketch_param: bcut: 1215000, # hashes 3, # buckets 1260000 - 	loss 8.45	space 5400000.0
cutoff_count_sketch_param: bcut: 1215000, # hashes 4, # buckets 1248750 - 	loss 8.23	space 5400000.0
cutoff_count_sketch_param: bcut: 1215000, # hashes 5, # buckets 1242000 - 	loss 8.98	space 5400000.0
cutoff_count_sketch_param: bcut: 1215000, # hashes 6, # buckets 1237500 - 	loss 8.60	space 5400000.0
space: 5.60
cutoff_count_sketch_param: bcut: 140000, # hashes 2, # buckets 770000 - 	loss 15.48	space 5600000.0
cutoff_count_sketch_param: bcut: 140000, # hashes 3, # buckets 560000 - 	loss 14.55	space 5600000.0
cutoff_count_sketch_param: bcut: 140000, # hashes 4, # buckets 455000 - 	loss 15.52	space 5600000.0
cutoff_count_sketch_param: bcut: 140000, # hashes 5, # buckets 392000 - 	loss 16.49	space 5600000.0
cutoff_count_sketch_param: bcut: 140000, # hashes 6, # buckets 350000 - 	loss 16.59	space 5600000.0
cutoff_count_sketch_param: bcut: 280000, # hashes 2, # buckets 840000 - 	loss 10.64	space 5600000.0
cutoff_count_sketch_param: bcut: 280000, # hashes 3, # buckets 653333 - 	loss 10.03	space 5599996.0
cutoff_count_sketch_param: bcut: 280000, # hashes 4, # buckets 560000 - 	loss 10.59	space 5600000.0
cutoff_count_sketch_param: bcut: 280000, # hashes 5, # buckets 504000 - 	loss 11.28	space 5600000.0
cutoff_count_sketch_param: bcut: 280000, # hashes 6, # buckets 466666 - 	loss 11.33	space 5599984.0
cutoff_count_sketch_param: bcut: 420000, # hashes 2, # buckets 910000 - 	loss 7.94	space 5600000.0
cutoff_count_sketch_param: bcut: 420000, # hashes 3, # buckets 746666 - 	loss 7.45	space 5599992.0
cutoff_count_sketch_param: bcut: 420000, # hashes 4, # buckets 665000 - 	loss 7.83	space 5600000.0
cutoff_count_sketch_param: bcut: 420000, # hashes 5, # buckets 616000 - 	loss 8.34	space 5600000.0
cutoff_count_sketch_param: bcut: 420000, # hashes 6, # buckets 583333 - 	loss 8.36	space 5599992.0
cutoff_count_sketch_param: bcut: 560000, # hashes 2, # buckets 980000 - 	loss 6.38	space 5600000.0
cutoff_count_sketch_param: bcut: 560000, # hashes 3, # buckets 840000 - 	loss 6.00	space 5600000.0
cutoff_count_sketch_param: bcut: 560000, # hashes 4, # buckets 770000 - 	loss 6.28	space 5600000.0
cutoff_count_sketch_param: bcut: 560000, # hashes 5, # buckets 728000 - 	loss 6.69	space 5600000.0
cutoff_count_sketch_param: bcut: 560000, # hashes 6, # buckets 700000 - 	loss 6.68	space 5600000.0
cutoff_count_sketch_param: bcut: 700000, # hashes 2, # buckets 1050000 - 	loss 5.43	space 5600000.0
cutoff_count_sketch_param: bcut: 700000, # hashes 3, # buckets 933333 - 	loss 5.12	space 5599996.0
cutoff_count_sketch_param: bcut: 700000, # hashes 4, # buckets 875000 - 	loss 5.33	space 5600000.0
cutoff_count_sketch_param: bcut: 700000, # hashes 5, # buckets 840000 - 	loss 5.70	space 5600000.0
cutoff_count_sketch_param: bcut: 700000, # hashes 6, # buckets 816666 - 	loss 5.68	space 5599984.0
cutoff_count_sketch_param: bcut: 840000, # hashes 2, # buckets 1120000 - 	loss 4.97	space 5600000.0
cutoff_count_sketch_param: bcut: 840000, # hashes 3, # buckets 1026666 - 	loss 4.81	space 5599992.0
cutoff_count_sketch_param: bcut: 840000, # hashes 4, # buckets 980000 - 	loss 4.96	space 5600000.0
cutoff_count_sketch_param: bcut: 840000, # hashes 5, # buckets 952000 - 	loss 5.29	space 5600000.0
cutoff_count_sketch_param: bcut: 840000, # hashes 6, # buckets 933333 - 	loss 5.26	space 5599992.0
cutoff_count_sketch_param: bcut: 980000, # hashes 2, # buckets 1190000 - 	loss 4.45	space 5600000.0
cutoff_count_sketch_param: bcut: 980000, # hashes 3, # buckets 1120000 - 	loss 4.36	space 5600000.0
cutoff_count_sketch_param: bcut: 980000, # hashes 4, # buckets 1085000 - 	loss 4.45	space 5600000.0
cutoff_count_sketch_param: bcut: 980000, # hashes 5, # buckets 1064000 - 	loss 4.78	space 5600000.0
cutoff_count_sketch_param: bcut: 980000, # hashes 6, # buckets 1050000 - 	loss 4.74	space 5600000.0
cutoff_count_sketch_param: bcut: 1120000, # hashes 2, # buckets 1260000 - 	loss 5.38	space 5600000.0
cutoff_count_sketch_param: bcut: 1120000, # hashes 3, # buckets 1213333 - 	loss 5.52	space 5599996.0
cutoff_count_sketch_param: bcut: 1120000, # hashes 4, # buckets 1190000 - 	loss 5.50	space 5600000.0
cutoff_count_sketch_param: bcut: 1120000, # hashes 5, # buckets 1176000 - 	loss 5.99	space 5600000.0
cutoff_count_sketch_param: bcut: 1120000, # hashes 6, # buckets 1166666 - 	loss 5.83	space 5599984.0
cutoff_count_sketch_param: bcut: 1260000, # hashes 2, # buckets 1330000 - 	loss 7.48	space 5600000.0
cutoff_count_sketch_param: bcut: 1260000, # hashes 3, # buckets 1306666 - 	loss 8.21	space 5599992.0
cutoff_count_sketch_param: bcut: 1260000, # hashes 4, # buckets 1295000 - 	loss 7.94	space 5600000.0
cutoff_count_sketch_param: bcut: 1260000, # hashes 5, # buckets 1288000 - 	loss 8.64	space 5600000.0
cutoff_count_sketch_param: bcut: 1260000, # hashes 6, # buckets 1283333 - 	loss 8.34	space 5599992.0
space: 5.80
cutoff_count_sketch_param: bcut: 145000, # hashes 2, # buckets 797500 - 	loss 14.89	space 5800000.0
cutoff_count_sketch_param: bcut: 145000, # hashes 3, # buckets 580000 - 	loss 13.91	space 5800000.0
cutoff_count_sketch_param: bcut: 145000, # hashes 4, # buckets 471250 - 	loss 14.89	space 5800000.0
cutoff_count_sketch_param: bcut: 145000, # hashes 5, # buckets 406000 - 	loss 15.80	space 5800000.0
cutoff_count_sketch_param: bcut: 145000, # hashes 6, # buckets 362500 - 	loss 15.93	space 5800000.0
cutoff_count_sketch_param: bcut: 290000, # hashes 2, # buckets 870000 - 	loss 10.16	space 5800000.0
cutoff_count_sketch_param: bcut: 290000, # hashes 3, # buckets 676666 - 	loss 9.47	space 5799992.0
cutoff_count_sketch_param: bcut: 290000, # hashes 4, # buckets 580000 - 	loss 10.07	space 5800000.0
cutoff_count_sketch_param: bcut: 290000, # hashes 5, # buckets 522000 - 	loss 10.69	space 5800000.0
cutoff_count_sketch_param: bcut: 290000, # hashes 6, # buckets 483333 - 	loss 10.76	space 5799992.0
cutoff_count_sketch_param: bcut: 435000, # hashes 2, # buckets 942500 - 	loss 7.51	space 5800000.0
cutoff_count_sketch_param: bcut: 435000, # hashes 3, # buckets 773333 - 	loss 6.98	space 5799996.0
cutoff_count_sketch_param: bcut: 435000, # hashes 4, # buckets 688750 - 	loss 7.38	space 5800000.0
cutoff_count_sketch_param: bcut: 435000, # hashes 5, # buckets 638000 - 	loss 7.82	space 5800000.0
cutoff_count_sketch_param: bcut: 435000, # hashes 6, # buckets 604166 - 	loss 7.87	space 5799984.0
cutoff_count_sketch_param: bcut: 580000, # hashes 2, # buckets 1015000 - 	loss 5.97	space 5800000.0
cutoff_count_sketch_param: bcut: 580000, # hashes 3, # buckets 870000 - 	loss 5.58	space 5800000.0
cutoff_count_sketch_param: bcut: 580000, # hashes 4, # buckets 797500 - 	loss 5.85	space 5800000.0
cutoff_count_sketch_param: bcut: 580000, # hashes 5, # buckets 754000 - 	loss 6.24	space 5800000.0
cutoff_count_sketch_param: bcut: 580000, # hashes 6, # buckets 725000 - 	loss 6.25	space 5800000.0
cutoff_count_sketch_param: bcut: 725000, # hashes 2, # buckets 1087500 - 	loss 5.18	space 5800000.0
cutoff_count_sketch_param: bcut: 725000, # hashes 3, # buckets 966666 - 	loss 4.85	space 5799992.0
cutoff_count_sketch_param: bcut: 725000, # hashes 4, # buckets 906250 - 	loss 5.07	space 5800000.0
cutoff_count_sketch_param: bcut: 725000, # hashes 5, # buckets 870000 - 	loss 5.40	space 5800000.0
cutoff_count_sketch_param: bcut: 725000, # hashes 6, # buckets 845833 - 	loss 5.39	space 5799992.0
cutoff_count_sketch_param: bcut: 870000, # hashes 2, # buckets 1160000 - 	loss 4.51	space 5800000.0
cutoff_count_sketch_param: bcut: 870000, # hashes 3, # buckets 1063333 - 	loss 4.32	space 5799996.0
cutoff_count_sketch_param: bcut: 870000, # hashes 4, # buckets 1015000 - 	loss 4.46	space 5800000.0
cutoff_count_sketch_param: bcut: 870000, # hashes 5, # buckets 986000 - 	loss 4.76	space 5800000.0
cutoff_count_sketch_param: bcut: 870000, # hashes 6, # buckets 966666 - 	loss 4.72	space 5799984.0
cutoff_count_sketch_param: bcut: 1015000, # hashes 2, # buckets 1232500 - 	loss 4.32	space 5800000.0
cutoff_count_sketch_param: bcut: 1015000, # hashes 3, # buckets 1160000 - 	loss 4.20	space 5800000.0
cutoff_count_sketch_param: bcut: 1015000, # hashes 4, # buckets 1123750 - 	loss 4.29	space 5800000.0
cutoff_count_sketch_param: bcut: 1015000, # hashes 5, # buckets 1102000 - 	loss 4.61	space 5800000.0
cutoff_count_sketch_param: bcut: 1015000, # hashes 6, # buckets 1087500 - 	loss 4.57	space 5800000.0
cutoff_count_sketch_param: bcut: 1160000, # hashes 2, # buckets 1305000 - 	loss 5.23	space 5800000.0
cutoff_count_sketch_param: bcut: 1160000, # hashes 3, # buckets 1256666 - 	loss 5.33	space 5799992.0
cutoff_count_sketch_param: bcut: 1160000, # hashes 4, # buckets 1232500 - 	loss 5.33	space 5800000.0
cutoff_count_sketch_param: bcut: 1160000, # hashes 5, # buckets 1218000 - 	loss 5.79	space 5800000.0
cutoff_count_sketch_param: bcut: 1160000, # hashes 6, # buckets 1208333 - 	loss 5.65	space 5799992.0
cutoff_count_sketch_param: bcut: 1305000, # hashes 2, # buckets 1377500 - 	loss 7.33	space 5800000.0
cutoff_count_sketch_param: bcut: 1305000, # hashes 3, # buckets 1353333 - 	loss 7.93	space 5799996.0
cutoff_count_sketch_param: bcut: 1305000, # hashes 4, # buckets 1341250 - 	loss 7.71	space 5800000.0
cutoff_count_sketch_param: bcut: 1305000, # hashes 5, # buckets 1334000 - 	loss 8.38	space 5800000.0
cutoff_count_sketch_param: bcut: 1305000, # hashes 6, # buckets 1329166 - 	loss 8.12	space 5799984.0
space: 6.00
cutoff_count_sketch_param: bcut: 150000, # hashes 2, # buckets 825000 - 	loss 14.37	space 6000000.0
cutoff_count_sketch_param: bcut: 150000, # hashes 3, # buckets 600000 - 	loss 13.32	space 6000000.0
cutoff_count_sketch_param: bcut: 150000, # hashes 4, # buckets 487500 - 	loss 14.30	space 6000000.0
cutoff_count_sketch_param: bcut: 150000, # hashes 5, # buckets 420000 - 	loss 15.16	space 6000000.0
cutoff_count_sketch_param: bcut: 150000, # hashes 6, # buckets 375000 - 	loss 15.29	space 6000000.0
cutoff_count_sketch_param: bcut: 300000, # hashes 2, # buckets 900000 - 	loss 9.75	space 6000000.0
cutoff_count_sketch_param: bcut: 300000, # hashes 3, # buckets 700000 - 	loss 8.99	space 6000000.0
cutoff_count_sketch_param: bcut: 300000, # hashes 4, # buckets 600000 - 	loss 9.58	space 6000000.0
cutoff_count_sketch_param: bcut: 300000, # hashes 5, # buckets 540000 - 	loss 10.18	space 6000000.0
cutoff_count_sketch_param: bcut: 300000, # hashes 6, # buckets 500000 - 	loss 10.25	space 6000000.0
cutoff_count_sketch_param: bcut: 450000, # hashes 2, # buckets 975000 - 	loss 7.07	space 6000000.0
cutoff_count_sketch_param: bcut: 450000, # hashes 3, # buckets 800000 - 	loss 6.49	space 6000000.0
cutoff_count_sketch_param: bcut: 450000, # hashes 4, # buckets 712500 - 	loss 6.90	space 6000000.0
cutoff_count_sketch_param: bcut: 450000, # hashes 5, # buckets 660000 - 	loss 7.35	space 6000000.0
cutoff_count_sketch_param: bcut: 450000, # hashes 6, # buckets 625000 - 	loss 7.37	space 6000000.0
cutoff_count_sketch_param: bcut: 600000, # hashes 2, # buckets 1050000 - 	loss 5.59	space 6000000.0
cutoff_count_sketch_param: bcut: 600000, # hashes 3, # buckets 900000 - 	loss 5.16	space 6000000.0
cutoff_count_sketch_param: bcut: 600000, # hashes 4, # buckets 825000 - 	loss 5.44	space 6000000.0
cutoff_count_sketch_param: bcut: 600000, # hashes 5, # buckets 780000 - 	loss 5.75	space 6000000.0
cutoff_count_sketch_param: bcut: 600000, # hashes 6, # buckets 750000 - 	loss 5.81	space 6000000.0
cutoff_count_sketch_param: bcut: 750000, # hashes 2, # buckets 1125000 - 	loss 4.92	space 6000000.0
cutoff_count_sketch_param: bcut: 750000, # hashes 3, # buckets 1000000 - 	loss 4.59	space 6000000.0
cutoff_count_sketch_param: bcut: 750000, # hashes 4, # buckets 937500 - 	loss 4.81	space 6000000.0
cutoff_count_sketch_param: bcut: 750000, # hashes 5, # buckets 900000 - 	loss 5.13	space 6000000.0
cutoff_count_sketch_param: bcut: 750000, # hashes 6, # buckets 875000 - 	loss 5.13	space 6000000.0
cutoff_count_sketch_param: bcut: 900000, # hashes 2, # buckets 1200000 - 	loss 4.17	space 6000000.0
cutoff_count_sketch_param: bcut: 900000, # hashes 3, # buckets 1100000 - 	loss 3.93	space 6000000.0
cutoff_count_sketch_param: bcut: 900000, # hashes 4, # buckets 1050000 - 	loss 4.08	space 6000000.0
cutoff_count_sketch_param: bcut: 900000, # hashes 5, # buckets 1020000 - 	loss 4.36	space 6000000.0
cutoff_count_sketch_param: bcut: 900000, # hashes 6, # buckets 1000000 - 	loss 4.35	space 6000000.0
cutoff_count_sketch_param: bcut: 1050000, # hashes 2, # buckets 1275000 - 	loss 4.20	space 6000000.0
cutoff_count_sketch_param: bcut: 1050000, # hashes 3, # buckets 1200000 - 	loss 4.06	space 6000000.0
cutoff_count_sketch_param: bcut: 1050000, # hashes 4, # buckets 1162500 - 	loss 4.17	space 6000000.0
cutoff_count_sketch_param: bcut: 1050000, # hashes 5, # buckets 1140000 - 	loss 4.47	space 6000000.0
cutoff_count_sketch_param: bcut: 1050000, # hashes 6, # buckets 1125000 - 	loss 4.42	space 6000000.0
cutoff_count_sketch_param: bcut: 1200000, # hashes 2, # buckets 1350000 - 	loss 5.06	space 6000000.0
cutoff_count_sketch_param: bcut: 1200000, # hashes 3, # buckets 1300000 - 	loss 5.17	space 6000000.0
cutoff_count_sketch_param: bcut: 1200000, # hashes 4, # buckets 1275000 - 	loss 5.17	space 6000000.0
cutoff_count_sketch_param: bcut: 1200000, # hashes 5, # buckets 1260000 - 	loss 5.61	space 6000000.0
cutoff_count_sketch_param: bcut: 1200000, # hashes 6, # buckets 1250000 - 	loss 5.50	space 6000000.0
cutoff_count_sketch_param: bcut: 1350000, # hashes 2, # buckets 1425000 - 	loss 7.13	space 6000000.0
cutoff_count_sketch_param: bcut: 1350000, # hashes 3, # buckets 1400000 - 	loss 7.72	space 6000000.0
cutoff_count_sketch_param: bcut: 1350000, # hashes 4, # buckets 1387500 - 	loss 7.51	space 6000000.0
cutoff_count_sketch_param: bcut: 1350000, # hashes 5, # buckets 1380000 - 	loss 8.21	space 6000000.0
cutoff_count_sketch_param: bcut: 1350000, # hashes 6, # buckets 1375000 - 	loss 7.91	space 6000000.0
space: 6.20
cutoff_count_sketch_param: bcut: 155000, # hashes 2, # buckets 852500 - 	loss 13.92	space 6200000.0
cutoff_count_sketch_param: bcut: 155000, # hashes 3, # buckets 620000 - 	loss 12.70	space 6200000.0
cutoff_count_sketch_param: bcut: 155000, # hashes 4, # buckets 503750 - 	loss 13.73	space 6200000.0
cutoff_count_sketch_param: bcut: 155000, # hashes 5, # buckets 434000 - 	loss 14.52	space 6200000.0
cutoff_count_sketch_param: bcut: 155000, # hashes 6, # buckets 387500 - 	loss 14.70	space 6200000.0
cutoff_count_sketch_param: bcut: 310000, # hashes 2, # buckets 930000 - 	loss 9.29	space 6200000.0
cutoff_count_sketch_param: bcut: 310000, # hashes 3, # buckets 723333 - 	loss 8.49	space 6199996.0
cutoff_count_sketch_param: bcut: 310000, # hashes 4, # buckets 620000 - 	loss 9.12	space 6200000.0
cutoff_count_sketch_param: bcut: 310000, # hashes 5, # buckets 558000 - 	loss 9.63	space 6200000.0
cutoff_count_sketch_param: bcut: 310000, # hashes 6, # buckets 516666 - 	loss 9.75	space 6199984.0
cutoff_count_sketch_param: bcut: 465000, # hashes 2, # buckets 1007500 - 	loss 6.65	space 6200000.0
cutoff_count_sketch_param: bcut: 465000, # hashes 3, # buckets 826666 - 	loss 6.07	space 6199992.0
cutoff_count_sketch_param: bcut: 465000, # hashes 4, # buckets 736250 - 	loss 6.47	space 6200000.0
cutoff_count_sketch_param: bcut: 465000, # hashes 5, # buckets 682000 - 	loss 6.86	space 6200000.0
cutoff_count_sketch_param: bcut: 465000, # hashes 6, # buckets 645833 - 	loss 6.92	space 6199992.0
cutoff_count_sketch_param: bcut: 620000, # hashes 2, # buckets 1085000 - 	loss 5.21	space 6200000.0
cutoff_count_sketch_param: bcut: 620000, # hashes 3, # buckets 930000 - 	loss 4.76	space 6200000.0
cutoff_count_sketch_param: bcut: 620000, # hashes 4, # buckets 852500 - 	loss 5.03	space 6200000.0
cutoff_count_sketch_param: bcut: 620000, # hashes 5, # buckets 806000 - 	loss 5.33	space 6200000.0
cutoff_count_sketch_param: bcut: 620000, # hashes 6, # buckets 775000 - 	loss 5.37	space 6200000.0
cutoff_count_sketch_param: bcut: 775000, # hashes 2, # buckets 1162500 - 	loss 4.63	space 6200000.0
cutoff_count_sketch_param: bcut: 775000, # hashes 3, # buckets 1033333 - 	loss 4.27	space 6199996.0
cutoff_count_sketch_param: bcut: 775000, # hashes 4, # buckets 968750 - 	loss 4.49	space 6200000.0
cutoff_count_sketch_param: bcut: 775000, # hashes 5, # buckets 930000 - 	loss 4.77	space 6200000.0
cutoff_count_sketch_param: bcut: 775000, # hashes 6, # buckets 904166 - 	loss 4.79	space 6199984.0
cutoff_count_sketch_param: bcut: 930000, # hashes 2, # buckets 1240000 - 	loss 3.86	space 6200000.0
cutoff_count_sketch_param: bcut: 930000, # hashes 3, # buckets 1136666 - 	loss 3.58	space 6199992.0
cutoff_count_sketch_param: bcut: 930000, # hashes 4, # buckets 1085000 - 	loss 3.74	space 6200000.0
cutoff_count_sketch_param: bcut: 930000, # hashes 5, # buckets 1054000 - 	loss 3.99	space 6200000.0
cutoff_count_sketch_param: bcut: 930000, # hashes 6, # buckets 1033333 - 	loss 3.97	space 6199992.0
cutoff_count_sketch_param: bcut: 1085000, # hashes 2, # buckets 1317500 - 	loss 4.07	space 6200000.0
cutoff_count_sketch_param: bcut: 1085000, # hashes 3, # buckets 1240000 - 	loss 3.91	space 6200000.0
cutoff_count_sketch_param: bcut: 1085000, # hashes 4, # buckets 1201250 - 	loss 4.03	space 6200000.0
cutoff_count_sketch_param: bcut: 1085000, # hashes 5, # buckets 1178000 - 	loss 4.32	space 6200000.0
cutoff_count_sketch_param: bcut: 1085000, # hashes 6, # buckets 1162500 - 	loss 4.29	space 6200000.0
cutoff_count_sketch_param: bcut: 1240000, # hashes 2, # buckets 1395000 - 	loss 4.91	space 6200000.0
cutoff_count_sketch_param: bcut: 1240000, # hashes 3, # buckets 1343333 - 	loss 4.99	space 6199996.0
cutoff_count_sketch_param: bcut: 1240000, # hashes 4, # buckets 1317500 - 	loss 5.03	space 6200000.0
cutoff_count_sketch_param: bcut: 1240000, # hashes 5, # buckets 1302000 - 	loss 5.44	space 6200000.0
cutoff_count_sketch_param: bcut: 1240000, # hashes 6, # buckets 1291666 - 	loss 5.30	space 6199984.0
cutoff_count_sketch_param: bcut: 1395000, # hashes 2, # buckets 1472500 - 	loss 6.95	space 6200000.0
cutoff_count_sketch_param: bcut: 1395000, # hashes 3, # buckets 1446666 - 	loss 7.53	space 6199992.0
cutoff_count_sketch_param: bcut: 1395000, # hashes 4, # buckets 1433750 - 	loss 7.31	space 6200000.0
cutoff_count_sketch_param: bcut: 1395000, # hashes 5, # buckets 1426000 - 	loss 7.98	space 6200000.0
cutoff_count_sketch_param: bcut: 1395000, # hashes 6, # buckets 1420833 - 	loss 7.67	space 6199992.0
space: 6.40
cutoff_count_sketch_param: bcut: 160000, # hashes 2, # buckets 880000 - 	loss 13.43	space 6400000.0
cutoff_count_sketch_param: bcut: 160000, # hashes 3, # buckets 640000 - 	loss 12.18	space 6400000.0
cutoff_count_sketch_param: bcut: 160000, # hashes 4, # buckets 520000 - 	loss 13.21	space 6400000.0
cutoff_count_sketch_param: bcut: 160000, # hashes 5, # buckets 448000 - 	loss 13.90	space 6400000.0
cutoff_count_sketch_param: bcut: 160000, # hashes 6, # buckets 400000 - 	loss 14.14	space 6400000.0
cutoff_count_sketch_param: bcut: 320000, # hashes 2, # buckets 960000 - 	loss 8.85	space 6400000.0
cutoff_count_sketch_param: bcut: 320000, # hashes 3, # buckets 746666 - 	loss 8.03	space 6399992.0
cutoff_count_sketch_param: bcut: 320000, # hashes 4, # buckets 640000 - 	loss 8.64	space 6400000.0
cutoff_count_sketch_param: bcut: 320000, # hashes 5, # buckets 576000 - 	loss 9.11	space 6400000.0
cutoff_count_sketch_param: bcut: 320000, # hashes 6, # buckets 533333 - 	loss 9.24	space 6399992.0
cutoff_count_sketch_param: bcut: 480000, # hashes 2, # buckets 1040000 - 	loss 6.34	space 6400000.0
cutoff_count_sketch_param: bcut: 480000, # hashes 3, # buckets 853333 - 	loss 5.75	space 6399996.0
cutoff_count_sketch_param: bcut: 480000, # hashes 4, # buckets 760000 - 	loss 6.13	space 6400000.0
cutoff_count_sketch_param: bcut: 480000, # hashes 5, # buckets 704000 - 	loss 6.47	space 6400000.0
cutoff_count_sketch_param: bcut: 480000, # hashes 6, # buckets 666666 - 	loss 6.54	space 6399984.0
cutoff_count_sketch_param: bcut: 640000, # hashes 2, # buckets 1120000 - 	loss 4.85	space 6400000.0
cutoff_count_sketch_param: bcut: 640000, # hashes 3, # buckets 960000 - 	loss 4.40	space 6400000.0
cutoff_count_sketch_param: bcut: 640000, # hashes 4, # buckets 880000 - 	loss 4.68	space 6400000.0
cutoff_count_sketch_param: bcut: 640000, # hashes 5, # buckets 832000 - 	loss 4.94	space 6400000.0
cutoff_count_sketch_param: bcut: 640000, # hashes 6, # buckets 800000 - 	loss 5.00	space 6400000.0
cutoff_count_sketch_param: bcut: 800000, # hashes 2, # buckets 1200000 - 	loss 4.35	space 6400000.0
cutoff_count_sketch_param: bcut: 800000, # hashes 3, # buckets 1066666 - 	loss 4.00	space 6399992.0
cutoff_count_sketch_param: bcut: 800000, # hashes 4, # buckets 1000000 - 	loss 4.19	space 6400000.0
cutoff_count_sketch_param: bcut: 800000, # hashes 5, # buckets 960000 - 	loss 4.46	space 6400000.0
cutoff_count_sketch_param: bcut: 800000, # hashes 6, # buckets 933333 - 	loss 4.47	space 6399992.0
cutoff_count_sketch_param: bcut: 960000, # hashes 2, # buckets 1280000 - 	loss 3.58	space 6400000.0
cutoff_count_sketch_param: bcut: 960000, # hashes 3, # buckets 1173333 - 	loss 3.30	space 6399996.0
cutoff_count_sketch_param: bcut: 960000, # hashes 4, # buckets 1120000 - 	loss 3.44	space 6400000.0
cutoff_count_sketch_param: bcut: 960000, # hashes 5, # buckets 1088000 - 	loss 3.67	space 6400000.0
cutoff_count_sketch_param: bcut: 960000, # hashes 6, # buckets 1066666 - 	loss 3.67	space 6399984.0
cutoff_count_sketch_param: bcut: 1120000, # hashes 2, # buckets 1360000 - 	loss 3.95	space 6400000.0
cutoff_count_sketch_param: bcut: 1120000, # hashes 3, # buckets 1280000 - 	loss 3.78	space 6400000.0
cutoff_count_sketch_param: bcut: 1120000, # hashes 4, # buckets 1240000 - 	loss 3.90	space 6400000.0
cutoff_count_sketch_param: bcut: 1120000, # hashes 5, # buckets 1216000 - 	loss 4.19	space 6400000.0
cutoff_count_sketch_param: bcut: 1120000, # hashes 6, # buckets 1200000 - 	loss 4.16	space 6400000.0
cutoff_count_sketch_param: bcut: 1280000, # hashes 2, # buckets 1440000 - 	loss 4.79	space 6400000.0
cutoff_count_sketch_param: bcut: 1280000, # hashes 3, # buckets 1386666 - 	loss 4.83	space 6399992.0
cutoff_count_sketch_param: bcut: 1280000, # hashes 4, # buckets 1360000 - 	loss 4.86	space 6400000.0
cutoff_count_sketch_param: bcut: 1280000, # hashes 5, # buckets 1344000 - 	loss 5.25	space 6400000.0
cutoff_count_sketch_param: bcut: 1280000, # hashes 6, # buckets 1333333 - 	loss 5.16	space 6399992.0
cutoff_count_sketch_param: bcut: 1440000, # hashes 2, # buckets 1520000 - 	loss 6.75	space 6400000.0
cutoff_count_sketch_param: bcut: 1440000, # hashes 3, # buckets 1493333 - 	loss 7.27	space 6399996.0
cutoff_count_sketch_param: bcut: 1440000, # hashes 4, # buckets 1480000 - 	loss 7.08	space 6400000.0
cutoff_count_sketch_param: bcut: 1440000, # hashes 5, # buckets 1472000 - 	loss 7.74	space 6400000.0
cutoff_count_sketch_param: bcut: 1440000, # hashes 6, # buckets 1466666 - 	loss 7.52	space 6399984.0
space: 6.60
cutoff_count_sketch_param: bcut: 165000, # hashes 2, # buckets 907500 - 	loss 12.93	space 6600000.0
cutoff_count_sketch_param: bcut: 165000, # hashes 3, # buckets 660000 - 	loss 11.64	space 6600000.0
cutoff_count_sketch_param: bcut: 165000, # hashes 4, # buckets 536250 - 	loss 12.68	space 6600000.0
cutoff_count_sketch_param: bcut: 165000, # hashes 5, # buckets 462000 - 	loss 13.34	space 6600000.0
cutoff_count_sketch_param: bcut: 165000, # hashes 6, # buckets 412500 - 	loss 13.60	space 6600000.0
cutoff_count_sketch_param: bcut: 330000, # hashes 2, # buckets 990000 - 	loss 8.44	space 6600000.0
cutoff_count_sketch_param: bcut: 330000, # hashes 3, # buckets 770000 - 	loss 7.58	space 6600000.0
cutoff_count_sketch_param: bcut: 330000, # hashes 4, # buckets 660000 - 	loss 8.19	space 6600000.0
cutoff_count_sketch_param: bcut: 330000, # hashes 5, # buckets 594000 - 	loss 8.63	space 6600000.0
cutoff_count_sketch_param: bcut: 330000, # hashes 6, # buckets 550000 - 	loss 8.77	space 6600000.0
cutoff_count_sketch_param: bcut: 495000, # hashes 2, # buckets 1072500 - 	loss 6.04	space 6600000.0
cutoff_count_sketch_param: bcut: 495000, # hashes 3, # buckets 880000 - 	loss 5.41	space 6600000.0
cutoff_count_sketch_param: bcut: 495000, # hashes 4, # buckets 783750 - 	loss 5.81	space 6600000.0
cutoff_count_sketch_param: bcut: 495000, # hashes 5, # buckets 726000 - 	loss 6.13	space 6600000.0
cutoff_count_sketch_param: bcut: 495000, # hashes 6, # buckets 687500 - 	loss 6.21	space 6600000.0
cutoff_count_sketch_param: bcut: 660000, # hashes 2, # buckets 1155000 - 	loss 4.68	space 6600000.0
cutoff_count_sketch_param: bcut: 660000, # hashes 3, # buckets 990000 - 	loss 4.18	space 6600000.0
cutoff_count_sketch_param: bcut: 660000, # hashes 4, # buckets 907500 - 	loss 4.45	space 6600000.0
cutoff_count_sketch_param: bcut: 660000, # hashes 5, # buckets 858000 - 	loss 4.68	space 6600000.0
cutoff_count_sketch_param: bcut: 660000, # hashes 6, # buckets 825000 - 	loss 4.76	space 6600000.0
cutoff_count_sketch_param: bcut: 825000, # hashes 2, # buckets 1237500 - 	loss 4.04	space 6600000.0
cutoff_count_sketch_param: bcut: 825000, # hashes 3, # buckets 1100000 - 	loss 3.67	space 6600000.0
cutoff_count_sketch_param: bcut: 825000, # hashes 4, # buckets 1031250 - 	loss 3.88	space 6600000.0
cutoff_count_sketch_param: bcut: 825000, # hashes 5, # buckets 990000 - 	loss 4.11	space 6600000.0
cutoff_count_sketch_param: bcut: 825000, # hashes 6, # buckets 962500 - 	loss 4.14	space 6600000.0
cutoff_count_sketch_param: bcut: 990000, # hashes 2, # buckets 1320000 - 	loss 3.39	space 6600000.0
cutoff_count_sketch_param: bcut: 990000, # hashes 3, # buckets 1210000 - 	loss 3.10	space 6600000.0
cutoff_count_sketch_param: bcut: 990000, # hashes 4, # buckets 1155000 - 	loss 3.25	space 6600000.0
cutoff_count_sketch_param: bcut: 990000, # hashes 5, # buckets 1122000 - 	loss 3.46	space 6600000.0
cutoff_count_sketch_param: bcut: 990000, # hashes 6, # buckets 1100000 - 	loss 3.48	space 6600000.0
cutoff_count_sketch_param: bcut: 1155000, # hashes 2, # buckets 1402500 - 	loss 3.86	space 6600000.0
cutoff_count_sketch_param: bcut: 1155000, # hashes 3, # buckets 1320000 - 	loss 3.68	space 6600000.0
cutoff_count_sketch_param: bcut: 1155000, # hashes 4, # buckets 1278750 - 	loss 3.79	space 6600000.0
cutoff_count_sketch_param: bcut: 1155000, # hashes 5, # buckets 1254000 - 	loss 4.06	space 6600000.0
cutoff_count_sketch_param: bcut: 1155000, # hashes 6, # buckets 1237500 - 	loss 4.03	space 6600000.0
cutoff_count_sketch_param: bcut: 1320000, # hashes 2, # buckets 1485000 - 	loss 4.66	space 6600000.0
cutoff_count_sketch_param: bcut: 1320000, # hashes 3, # buckets 1430000 - 	loss 4.67	space 6600000.0
cutoff_count_sketch_param: bcut: 1320000, # hashes 4, # buckets 1402500 - 	loss 4.71	space 6600000.0
cutoff_count_sketch_param: bcut: 1320000, # hashes 5, # buckets 1386000 - 	loss 5.10	space 6600000.0
cutoff_count_sketch_param: bcut: 1320000, # hashes 6, # buckets 1375000 - 	loss 5.02	space 6600000.0
cutoff_count_sketch_param: bcut: 1485000, # hashes 2, # buckets 1567500 - 	loss 6.58	space 6600000.0
cutoff_count_sketch_param: bcut: 1485000, # hashes 3, # buckets 1540000 - 	loss 7.06	space 6600000.0
cutoff_count_sketch_param: bcut: 1485000, # hashes 4, # buckets 1526250 - 	loss 6.91	space 6600000.0
cutoff_count_sketch_param: bcut: 1485000, # hashes 5, # buckets 1518000 - 	loss 7.53	space 6600000.0
cutoff_count_sketch_param: bcut: 1485000, # hashes 6, # buckets 1512500 - 	loss 7.30	space 6600000.0
space: 6.80
cutoff_count_sketch_param: bcut: 170000, # hashes 2, # buckets 935000 - 	loss 12.49	space 6800000.0
cutoff_count_sketch_param: bcut: 170000, # hashes 3, # buckets 680000 - 	loss 11.14	space 6800000.0
cutoff_count_sketch_param: bcut: 170000, # hashes 4, # buckets 552500 - 	loss 12.22	space 6800000.0
cutoff_count_sketch_param: bcut: 170000, # hashes 5, # buckets 476000 - 	loss 12.80	space 6800000.0
cutoff_count_sketch_param: bcut: 170000, # hashes 6, # buckets 425000 - 	loss 13.09	space 6800000.0
cutoff_count_sketch_param: bcut: 340000, # hashes 2, # buckets 1020000 - 	loss 8.02	space 6800000.0
cutoff_count_sketch_param: bcut: 340000, # hashes 3, # buckets 793333 - 	loss 7.15	space 6799996.0
cutoff_count_sketch_param: bcut: 340000, # hashes 4, # buckets 680000 - 	loss 7.77	space 6800000.0
cutoff_count_sketch_param: bcut: 340000, # hashes 5, # buckets 612000 - 	loss 8.15	space 6800000.0
cutoff_count_sketch_param: bcut: 340000, # hashes 6, # buckets 566666 - 	loss 8.32	space 6799984.0
cutoff_count_sketch_param: bcut: 510000, # hashes 2, # buckets 1105000 - 	loss 5.74	space 6800000.0
cutoff_count_sketch_param: bcut: 510000, # hashes 3, # buckets 906666 - 	loss 5.10	space 6799992.0
cutoff_count_sketch_param: bcut: 510000, # hashes 4, # buckets 807500 - 	loss 5.48	space 6800000.0
cutoff_count_sketch_param: bcut: 510000, # hashes 5, # buckets 748000 - 	loss 5.79	space 6800000.0
cutoff_count_sketch_param: bcut: 510000, # hashes 6, # buckets 708333 - 	loss 5.89	space 6799992.0
cutoff_count_sketch_param: bcut: 680000, # hashes 2, # buckets 1190000 - 	loss 4.44	space 6800000.0
cutoff_count_sketch_param: bcut: 680000, # hashes 3, # buckets 1020000 - 	loss 3.94	space 6800000.0
cutoff_count_sketch_param: bcut: 680000, # hashes 4, # buckets 935000 - 	loss 4.21	space 6800000.0
cutoff_count_sketch_param: bcut: 680000, # hashes 5, # buckets 884000 - 	loss 4.44	space 6800000.0
cutoff_count_sketch_param: bcut: 680000, # hashes 6, # buckets 850000 - 	loss 4.50	space 6800000.0
cutoff_count_sketch_param: bcut: 850000, # hashes 2, # buckets 1275000 - 	loss 3.76	space 6800000.0
cutoff_count_sketch_param: bcut: 850000, # hashes 3, # buckets 1133333 - 	loss 3.38	space 6799996.0
cutoff_count_sketch_param: bcut: 850000, # hashes 4, # buckets 1062500 - 	loss 3.60	space 6800000.0
cutoff_count_sketch_param: bcut: 850000, # hashes 5, # buckets 1020000 - 	loss 3.78	space 6800000.0
cutoff_count_sketch_param: bcut: 850000, # hashes 6, # buckets 991666 - 	loss 3.82	space 6799984.0
cutoff_count_sketch_param: bcut: 1020000, # hashes 2, # buckets 1360000 - 	loss 3.31	space 6800000.0
cutoff_count_sketch_param: bcut: 1020000, # hashes 3, # buckets 1246666 - 	loss 3.00	space 6799992.0
cutoff_count_sketch_param: bcut: 1020000, # hashes 4, # buckets 1190000 - 	loss 3.16	space 6800000.0
cutoff_count_sketch_param: bcut: 1020000, # hashes 5, # buckets 1156000 - 	loss 3.35	space 6800000.0
cutoff_count_sketch_param: bcut: 1020000, # hashes 6, # buckets 1133333 - 	loss 3.36	space 6799992.0
cutoff_count_sketch_param: bcut: 1190000, # hashes 2, # buckets 1445000 - 	loss 3.75	space 6800000.0
cutoff_count_sketch_param: bcut: 1190000, # hashes 3, # buckets 1360000 - 	loss 3.56	space 6800000.0
cutoff_count_sketch_param: bcut: 1190000, # hashes 4, # buckets 1317500 - 	loss 3.68	space 6800000.0
cutoff_count_sketch_param: bcut: 1190000, # hashes 5, # buckets 1292000 - 	loss 3.94	space 6800000.0
cutoff_count_sketch_param: bcut: 1190000, # hashes 6, # buckets 1275000 - 	loss 3.92	space 6800000.0
cutoff_count_sketch_param: bcut: 1360000, # hashes 2, # buckets 1530000 - 	loss 4.56	space 6800000.0
cutoff_count_sketch_param: bcut: 1360000, # hashes 3, # buckets 1473333 - 	loss 4.55	space 6799996.0
cutoff_count_sketch_param: bcut: 1360000, # hashes 4, # buckets 1445000 - 	loss 4.61	space 6800000.0
cutoff_count_sketch_param: bcut: 1360000, # hashes 5, # buckets 1428000 - 	loss 4.98	space 6800000.0
cutoff_count_sketch_param: bcut: 1360000, # hashes 6, # buckets 1416666 - 	loss 4.87	space 6799984.0
cutoff_count_sketch_param: bcut: 1530000, # hashes 2, # buckets 1615000 - 	loss 6.43	space 6800000.0
cutoff_count_sketch_param: bcut: 1530000, # hashes 3, # buckets 1586666 - 	loss 6.90	space 6799992.0
cutoff_count_sketch_param: bcut: 1530000, # hashes 4, # buckets 1572500 - 	loss 6.75	space 6800000.0
cutoff_count_sketch_param: bcut: 1530000, # hashes 5, # buckets 1564000 - 	loss 7.35	space 6800000.0
cutoff_count_sketch_param: bcut: 1530000, # hashes 6, # buckets 1558333 - 	loss 7.11	space 6799992.0
space: 7.00
cutoff_count_sketch_param: bcut: 175000, # hashes 2, # buckets 962500 - 	loss 12.03	space 7000000.0
cutoff_count_sketch_param: bcut: 175000, # hashes 3, # buckets 700000 - 	loss 10.70	space 7000000.0
cutoff_count_sketch_param: bcut: 175000, # hashes 4, # buckets 568750 - 	loss 11.74	space 7000000.0
cutoff_count_sketch_param: bcut: 175000, # hashes 5, # buckets 490000 - 	loss 12.30	space 7000000.0
cutoff_count_sketch_param: bcut: 175000, # hashes 6, # buckets 437500 - 	loss 12.61	space 7000000.0
cutoff_count_sketch_param: bcut: 350000, # hashes 2, # buckets 1050000 - 	loss 7.67	space 7000000.0
cutoff_count_sketch_param: bcut: 350000, # hashes 3, # buckets 816666 - 	loss 6.78	space 6999992.0
cutoff_count_sketch_param: bcut: 350000, # hashes 4, # buckets 700000 - 	loss 7.38	space 7000000.0
cutoff_count_sketch_param: bcut: 350000, # hashes 5, # buckets 630000 - 	loss 7.72	space 7000000.0
cutoff_count_sketch_param: bcut: 350000, # hashes 6, # buckets 583333 - 	loss 7.90	space 6999992.0
cutoff_count_sketch_param: bcut: 525000, # hashes 2, # buckets 1137500 - 	loss 5.49	space 7000000.0
cutoff_count_sketch_param: bcut: 525000, # hashes 3, # buckets 933333 - 	loss 4.82	space 6999996.0
cutoff_count_sketch_param: bcut: 525000, # hashes 4, # buckets 831250 - 	loss 5.21	space 7000000.0
cutoff_count_sketch_param: bcut: 525000, # hashes 5, # buckets 770000 - 	loss 5.47	space 7000000.0
cutoff_count_sketch_param: bcut: 525000, # hashes 6, # buckets 729166 - 	loss 5.59	space 6999984.0
cutoff_count_sketch_param: bcut: 700000, # hashes 2, # buckets 1225000 - 	loss 4.23	space 7000000.0
cutoff_count_sketch_param: bcut: 700000, # hashes 3, # buckets 1050000 - 	loss 3.74	space 7000000.0
cutoff_count_sketch_param: bcut: 700000, # hashes 4, # buckets 962500 - 	loss 4.00	space 7000000.0
cutoff_count_sketch_param: bcut: 700000, # hashes 5, # buckets 910000 - 	loss 4.23	space 7000000.0
cutoff_count_sketch_param: bcut: 700000, # hashes 6, # buckets 875000 - 	loss 4.29	space 7000000.0
cutoff_count_sketch_param: bcut: 875000, # hashes 2, # buckets 1312500 - 	loss 3.49	space 7000000.0
cutoff_count_sketch_param: bcut: 875000, # hashes 3, # buckets 1166666 - 	loss 3.09	space 6999992.0
cutoff_count_sketch_param: bcut: 875000, # hashes 4, # buckets 1093750 - 	loss 3.29	space 7000000.0
cutoff_count_sketch_param: bcut: 875000, # hashes 5, # buckets 1050000 - 	loss 3.47	space 7000000.0
cutoff_count_sketch_param: bcut: 875000, # hashes 6, # buckets 1020833 - 	loss 3.52	space 6999992.0
cutoff_count_sketch_param: bcut: 1050000, # hashes 2, # buckets 1400000 - 	loss 3.21	space 7000000.0
cutoff_count_sketch_param: bcut: 1050000, # hashes 3, # buckets 1283333 - 	loss 2.91	space 6999996.0
cutoff_count_sketch_param: bcut: 1050000, # hashes 4, # buckets 1225000 - 	loss 3.07	space 7000000.0
cutoff_count_sketch_param: bcut: 1050000, # hashes 5, # buckets 1190000 - 	loss 3.24	space 7000000.0
cutoff_count_sketch_param: bcut: 1050000, # hashes 6, # buckets 1166666 - 	loss 3.28	space 6999984.0
cutoff_count_sketch_param: bcut: 1225000, # hashes 2, # buckets 1487500 - 	loss 3.67	space 7000000.0
cutoff_count_sketch_param: bcut: 1225000, # hashes 3, # buckets 1400000 - 	loss 3.44	space 7000000.0
cutoff_count_sketch_param: bcut: 1225000, # hashes 4, # buckets 1356250 - 	loss 3.57	space 7000000.0
cutoff_count_sketch_param: bcut: 1225000, # hashes 5, # buckets 1330000 - 	loss 3.83	space 7000000.0
cutoff_count_sketch_param: bcut: 1225000, # hashes 6, # buckets 1312500 - 	loss 3.80	space 7000000.0
cutoff_count_sketch_param: bcut: 1400000, # hashes 2, # buckets 1575000 - 	loss 4.45	space 7000000.0
cutoff_count_sketch_param: bcut: 1400000, # hashes 3, # buckets 1516666 - 	loss 4.43	space 6999992.0
cutoff_count_sketch_param: bcut: 1400000, # hashes 4, # buckets 1487500 - 	loss 4.47	space 7000000.0
cutoff_count_sketch_param: bcut: 1400000, # hashes 5, # buckets 1470000 - 	loss 4.84	space 7000000.0
cutoff_count_sketch_param: bcut: 1400000, # hashes 6, # buckets 1458333 - 	loss 4.76	space 6999992.0
cutoff_count_sketch_param: bcut: 1575000, # hashes 2, # buckets 1662500 - 	loss 6.26	space 7000000.0
cutoff_count_sketch_param: bcut: 1575000, # hashes 3, # buckets 1633333 - 	loss 6.70	space 6999996.0
cutoff_count_sketch_param: bcut: 1575000, # hashes 4, # buckets 1618750 - 	loss 6.57	space 7000000.0
cutoff_count_sketch_param: bcut: 1575000, # hashes 5, # buckets 1610000 - 	loss 7.20	space 7000000.0
cutoff_count_sketch_param: bcut: 1575000, # hashes 6, # buckets 1604166 - 	loss 6.92	space 6999984.0
param search done -- time: 2627.75 sec
==== best parameters ====
space: 4.00, scut 2.000, bcut 700000, n_buckets 850000, n_hashes 2 - 	loss 8.66	space 4000000.0
space: 4.20, scut 2.500, bcut 630000, n_buckets 840000, n_hashes 2 - 	loss 8.00	space 4200000.0
space: 4.40, scut 2.000, bcut 660000, n_buckets 880000, n_hashes 2 - 	loss 7.46	space 4400000.0
space: 4.60, scut 2.000, bcut 920000, n_buckets 1035000, n_hashes 2 - 	loss 6.85	space 4600000.0
space: 4.80, scut 1.500, bcut 960000, n_buckets 1080000, n_hashes 2 - 	loss 6.27	space 4800000.0
space: 5.00, scut 2.000, bcut 875000, n_buckets 1062500, n_hashes 2 - 	loss 5.74	space 5000000.0
space: 5.20, scut 2.000, bcut 910000, n_buckets 1105000, n_hashes 2 - 	loss 5.21	space 5200000.0
space: 5.40, scut 2.000, bcut 945000, n_buckets 1080000, n_hashes 3 - 	loss 4.73	space 5400000.0
space: 5.60, scut 1.333, bcut 980000, n_buckets 1120000, n_hashes 3 - 	loss 4.36	space 5600000.0
space: 5.80, scut 1.190, bcut 1015000, n_buckets 1160000, n_hashes 3 - 	loss 4.20	space 5800000.0
space: 6.00, scut 2.000, bcut 900000, n_buckets 1100000, n_hashes 3 - 	loss 3.93	space 6000000.0
space: 6.20, scut 2.000, bcut 930000, n_buckets 1136666, n_hashes 3 - 	loss 3.58	space 6199992.0
space: 6.40, scut 1.500, bcut 960000, n_buckets 1173333, n_hashes 3 - 	loss 3.30	space 6399996.0
space: 6.60, scut 1.190, bcut 990000, n_buckets 1210000, n_hashes 3 - 	loss 3.10	space 6600000.0
space: 6.80, scut 1.190, bcut 1020000, n_buckets 1246666, n_hashes 3 - 	loss 3.00	space 6799992.0
space: 7.00, scut 1.190, bcut 1050000, n_buckets 1283333, n_hashes 3 - 	loss 2.91	space 6999996.0
==== test test_results ====
space: 4.00, scut 2.000, bcut 700000, n_buckets 850000, n_hashes 2 - 	loss 8.11	space 4000000.0
space: 4.20, scut 2.500, bcut 630000, n_buckets 840000, n_hashes 2 - 	loss 7.63	space 4200000.0
space: 4.40, scut 2.000, bcut 660000, n_buckets 880000, n_hashes 2 - 	loss 7.10	space 4400000.0
space: 4.60, scut 2.000, bcut 920000, n_buckets 1035000, n_hashes 2 - 	loss 6.72	space 4600000.0
space: 4.80, scut 1.500, bcut 960000, n_buckets 1080000, n_hashes 2 - 	loss 6.04	space 4800000.0
space: 5.00, scut 2.000, bcut 875000, n_buckets 1062500, n_hashes 2 - 	loss 6.06	space 5000000.0
space: 5.20, scut 2.000, bcut 910000, n_buckets 1105000, n_hashes 2 - 	loss 5.78	space 5200000.0
space: 5.40, scut 2.000, bcut 945000, n_buckets 1080000, n_hashes 3 - 	loss 5.32	space 5399992.0
space: 5.60, scut 1.333, bcut 980000, n_buckets 1120000, n_hashes 3 - 	loss 4.25	space 5599992.0
space: 5.80, scut 1.190, bcut 1015000, n_buckets 1160000, n_hashes 3 - 	loss 3.93	space 5799992.0
space: 6.00, scut 2.000, bcut 900000, n_buckets 1100000, n_hashes 3 - 	loss 4.62	space 5999992.0
space: 6.20, scut 2.000, bcut 930000, n_buckets 1136666, n_hashes 3 - 	loss 4.40	space 6199996.0
space: 6.40, scut 1.500, bcut 960000, n_buckets 1173333, n_hashes 3 - 	loss 3.22	space 6400000.0
space: 6.60, scut 1.190, bcut 990000, n_buckets 1210000, n_hashes 3 - 	loss 3.00	space 6599996.0
space: 6.80, scut 1.190, bcut 1020000, n_buckets 1246666, n_hashes 3 - 	loss 2.83	space 6800000.0
space: 7.00, scut 1.190, bcut 1050000, n_buckets 1283333, n_hashes 3 - 	loss 2.69	space 6999992.0
total time: 2809.98 sec
